2023.07.11 14:20:37 INFO  Started: Metals version 0.11.12 in workspace '/home/mrocco/workspace/fpscala' for client Visual Studio Code 1.80.0.[0m
Jul 11, 2023 2:20:38 PM org.flywaydb.core.internal.license.VersionPrinter printVersionOnly
INFO: Flyway Community Edition 9.16.3 by Redgate
Jul 11, 2023 2:20:38 PM org.flywaydb.core.internal.license.VersionPrinter printVersion
INFO: See release notes here: https://rd.gt/416ObMi
Jul 11, 2023 2:20:38 PM org.flywaydb.core.internal.license.VersionPrinter printVersion
INFO: 
Jul 11, 2023 2:20:38 PM org.flywaydb.core.internal.database.base.BaseDatabaseType createDatabase
INFO: Database: jdbc:h2:file:/home/mrocco/workspace/fpscala/.metals/metals (H2 2.1)
Jul 11, 2023 2:20:39 PM org.flywaydb.core.internal.schemahistory.JdbcTableSchemaHistory allAppliedMigrations
INFO: Schema history table "PUBLIC"."flyway_schema_history" does not exist yet
Jul 11, 2023 2:20:39 PM org.flywaydb.core.internal.command.DbValidate validate
INFO: Successfully validated 4 migrations (execution time 00:00.056s)
Jul 11, 2023 2:20:39 PM org.flywaydb.core.internal.schemahistory.JdbcTableSchemaHistory create
INFO: Creating Schema History table "PUBLIC"."flyway_schema_history" ...
Jul 11, 2023 2:20:39 PM org.flywaydb.core.internal.command.DbMigrate migrateGroup
INFO: Current version of schema "PUBLIC": << Empty Schema >>
Jul 11, 2023 2:20:39 PM org.flywaydb.core.internal.command.DbMigrate doMigrateGroup
INFO: Migrating schema "PUBLIC" to version "1 - Create tables"
Jul 11, 2023 2:20:39 PM org.flywaydb.core.internal.command.DbMigrate doMigrateGroup
INFO: Migrating schema "PUBLIC" to version "2 - Server discovery"
Jul 11, 2023 2:20:39 PM org.flywaydb.core.internal.command.DbMigrate doMigrateGroup
INFO: Migrating schema "PUBLIC" to version "3 - Jar symbols"
Jul 11, 2023 2:20:39 PM org.flywaydb.core.internal.command.DbMigrate doMigrateGroup
INFO: Migrating schema "PUBLIC" to version "4 - Fingerprints"
Jul 11, 2023 2:20:39 PM org.flywaydb.core.internal.command.DbMigrate logSummary
INFO: Successfully applied 4 migrations to schema "PUBLIC", now at version v4 (execution time 00:00.211s)
2023.07.11 14:20:39 INFO  time: initialize in 1.71s[0m
2023.07.11 14:20:44 WARN  Build server is not auto-connectable.[0m
2023.07.11 14:20:44 WARN  no build tool detected in workspace '/home/mrocco/workspace/fpscala'. The most common cause for this problem is that the editor was opened in the wrong working directory, for example if you use sbt then the workspace directory should contain build.sbt. [0m
2023.07.11 14:21:24 INFO  [0m
2023.07.11 14:21:24 INFO  Template applied in /home/mrocco/workspace/fpscala/./eg1010[0m
2023.07.11 14:21:24 INFO  [0m
2023.07.11 14:21:24 INFO  time: ran 'giter8.Giter8' in 6.35s[0m
2023.07.11 14:21:35 INFO  Shutting down server[0m
2023.07.11 14:21:35 INFO  shutting down Metals[0m
2023.07.11 14:21:35 INFO  Exiting server[0m
2023.07.22 15:02:50 INFO  Started: Metals version 0.11.12 in workspace '/home/mrocco/workspace/fpscala' for client Visual Studio Code 1.80.1.[0m
Jul 22, 2023 3:02:50 PM org.flywaydb.core.internal.license.VersionPrinter printVersionOnly
INFO: Flyway Community Edition 9.16.3 by Redgate
Jul 22, 2023 3:02:50 PM org.flywaydb.core.internal.license.VersionPrinter printVersion
INFO: See release notes here: https://rd.gt/416ObMi
Jul 22, 2023 3:02:50 PM org.flywaydb.core.internal.license.VersionPrinter printVersion
INFO: 
Jul 22, 2023 3:02:51 PM org.flywaydb.core.internal.database.base.BaseDatabaseType createDatabase
INFO: Database: jdbc:h2:file:/home/mrocco/workspace/fpscala/.metals/metals (H2 2.1)
Jul 22, 2023 3:02:51 PM org.flywaydb.core.internal.command.DbValidate validate
INFO: Successfully validated 4 migrations (execution time 00:00.042s)
Jul 22, 2023 3:02:51 PM org.flywaydb.core.internal.command.DbMigrate migrateGroup
INFO: Current version of schema "PUBLIC": 4
Jul 22, 2023 3:02:51 PM org.flywaydb.core.internal.command.DbMigrate logSummary
INFO: Schema "PUBLIC" is up to date. No migration necessary.
2023.07.22 15:02:51 INFO  time: initialize in 0.93s[0m
2023.07.22 15:02:54 WARN  Build server is not auto-connectable.[0m
2023.07.22 15:02:54 WARN  no build tool detected in workspace '/home/mrocco/workspace/fpscala'. The most common cause for this problem is that the editor was opened in the wrong working directory, for example if you use sbt then the workspace directory should contain build.sbt. [0m
2023.07.22 15:02:54 WARN  no build target for: /home/mrocco/workspace/fpscala/eg1010/src/main/scala/eg.worksheet.sc[0m
2023.07.22 15:03:00 INFO  no build target found for /home/mrocco/workspace/fpscala/eg1010/src/main/scala/eg.worksheet.sc. Using presentation compiler with project's scala-library version: 3.2.2[0m
2023.07.22 15:03:03 INFO  time: code lens generation in 9.02s[0m
2023.07.22 15:03:06 INFO  no build target found for /home/mrocco/workspace/fpscala/eg1010/src/main/scala/eg.worksheet.sc. Using presentation compiler with project's scala-library version: 3.2.2[0m
2023.07.22 15:03:06 INFO  time: evaluated worksheet 'eg.worksheet.sc' in 11s[0m
Jul 22, 2023 3:03:17 PM org.eclipse.lsp4j.jsonrpc.RemoteEndpoint handleCancellation
WARNING: Unmatched cancel notification for request id 20
2023.07.22 15:04:04 WARN  no build target for: /home/mrocco/workspace/fpscala/eg1010/src/main/scala/eg.worksheet.sc[0m
[31merror[39m: eg1010/src/main/scala/eg.worksheet.sc:9:1: 
Not found: ar
ar = Rational(2,3)
^^
2023.07.22 15:04:05 INFO  time: evaluated worksheet 'eg.worksheet.sc' in 0.52s[0m
2023.07.22 15:04:12 WARN  no build target for: /home/mrocco/workspace/fpscala/eg1010/src/main/scala/eg.worksheet.sc[0m
2023.07.22 15:04:13 INFO  time: evaluated worksheet 'eg.worksheet.sc' in 0.89s[0m
2023.07.22 15:04:56 WARN  no build target for: /home/mrocco/workspace/fpscala/eg1010/src/main/scala/eg.worksheet.sc[0m
[31merror[39m: eg1010/src/main/scala/eg.worksheet.sc:11:1: 
Reassignment to val denm
ar.denm = 4
^^^^^^^^^^^
2023.07.22 15:04:56 INFO  time: evaluated worksheet 'eg.worksheet.sc' in 0.27s[0m
2023.07.22 15:05:02 WARN  no build target for: /home/mrocco/workspace/fpscala/eg1010/src/main/scala/eg.worksheet.sc[0m
[31merror[39m: eg1010/src/main/scala/eg.worksheet.sc:11:1: 
Reassignment to val denm
ar.denm = 4
^^^^^^^^^^^
2023.07.22 15:05:02 INFO  time: evaluated worksheet 'eg.worksheet.sc' in 0.26s[0m
2023.07.22 15:05:08 WARN  no build target for: /home/mrocco/workspace/fpscala/eg1010/src/main/scala/eg.worksheet.sc[0m
[31merror[39m: eg1010/src/main/scala/eg.worksheet.sc:11:1: 
Reassignment to val denm
ar.denm = 4
^^^^^^^^^^^
2023.07.22 15:05:09 INFO  time: evaluated worksheet 'eg.worksheet.sc' in 0.23s[0m
2023.07.22 15:05:16 WARN  no build target for: /home/mrocco/workspace/fpscala/eg1010/src/main/scala/eg.worksheet.sc[0m
[31merror[39m: eg1010/src/main/scala/eg.worksheet.sc:11:1: 
Reassignment to val denm
ar.denm = 4
^^^^^^^^^^^
2023.07.22 15:05:17 INFO  time: evaluated worksheet 'eg.worksheet.sc' in 0.26s[0m
2023.07.22 15:05:21 WARN  no build target for: /home/mrocco/workspace/fpscala/eg1010/src/main/scala/eg.worksheet.sc[0m
2023.07.22 15:05:22 INFO  time: evaluated worksheet 'eg.worksheet.sc' in 0.59s[0m
2023.07.22 15:05:32 WARN  no build target for: /home/mrocco/workspace/fpscala/eg1010/src/main/scala/eg.worksheet.sc[0m
2023.07.22 15:05:32 INFO  time: evaluated worksheet 'eg.worksheet.sc' in 0.49s[0m
2023.07.22 15:05:42 WARN  no build target for: /home/mrocco/workspace/fpscala/eg1010/src/main/scala/eg.worksheet.sc[0m
2023.07.22 15:05:42 INFO  time: evaluated worksheet 'eg.worksheet.sc' in 0.54s[0m
2023.07.22 15:06:01 WARN  no build target for: /home/mrocco/workspace/fpscala/eg1010/src/main/scala/eg.worksheet.sc[0m
2023.07.22 15:06:02 INFO  time: evaluated worksheet 'eg.worksheet.sc' in 0.5s[0m
2023.07.22 15:06:20 WARN  no build target for: /home/mrocco/workspace/fpscala/eg1010/src/main/scala/eg.worksheet.sc[0m
[31merror[39m: eg1010/src/main/scala/eg.worksheet.sc:8:9: identifier expected but val found
    def val = floa
        ^^^
2023.07.22 15:06:20 INFO  time: evaluated worksheet 'eg.worksheet.sc' in 0.33s[0m
2023.07.22 15:06:36 WARN  no build target for: /home/mrocco/workspace/fpscala/eg1010/src/main/scala/eg.worksheet.sc[0m
[31merror[39m: eg1010/src/main/scala/eg.worksheet.sc:8:9: identifier expected but val found
    def val = float(x) / float(y)
        ^^^
2023.07.22 15:06:36 INFO  time: evaluated worksheet 'eg.worksheet.sc' in 0.29s[0m
2023.07.22 15:06:56 WARN  no build target for: /home/mrocco/workspace/fpscala/eg1010/src/main/scala/eg.worksheet.sc[0m
[31merror[39m: eg1010/src/main/scala/eg.worksheet.sc:8:9: identifier expected but val found
    def val = Double(x) / Double(y)
        ^^^
2023.07.22 15:06:57 INFO  time: evaluated worksheet 'eg.worksheet.sc' in 0.33s[0m
Jul 22, 2023 3:07:05 PM org.eclipse.lsp4j.jsonrpc.RemoteEndpoint handleCancellation
WARNING: Unmatched cancel notification for request id 691
2023.07.22 15:07:10 WARN  no build target for: /home/mrocco/workspace/fpscala/eg1010/src/main/scala/eg.worksheet.sc[0m
[31merror[39m: eg1010/src/main/scala/eg.worksheet.sc:8:17: 
object Double in package scala does not take parameters
    def value = Double(x) / Double(y)
                ^^^^^^
2023.07.22 15:07:10 INFO  time: evaluated worksheet 'eg.worksheet.sc' in 0.19s[0m
Jul 22, 2023 3:07:47 PM org.eclipse.lsp4j.jsonrpc.RemoteEndpoint handleCancellation
WARNING: Unmatched cancel notification for request id 725
2023.07.22 15:08:20 WARN  no build target for: /home/mrocco/workspace/fpscala/eg1010/src/main/scala/eg.worksheet.sc[0m
[31merror[39m: eg1010/src/main/scala/eg.worksheet.sc:9:17: 
object Double in package scala does not take parameters
    def value = Double(x) / Double(y)
                ^^^^^^
2023.07.22 15:08:20 INFO  time: evaluated worksheet 'eg.worksheet.sc' in 0.23s[0m
2023.07.22 15:08:27 WARN  no build tool detected in workspace '/home/mrocco/workspace/fpscala'. The most common cause for this problem is that the editor was opened in the wrong working directory, for example if you use sbt then the workspace directory should contain build.sbt. [0m
2023.07.22 15:08:34 WARN  no build target for: /home/mrocco/workspace/fpscala/eg1010/build.sbt[0m
2023.07.22 15:08:41 INFO  Shutting down server[0m
2023.07.22 15:08:41 INFO  shutting down Metals[0m
2023.07.22 15:08:41 INFO  Exiting server[0m
2023.07.22 15:09:13 INFO  Started: Metals version 1.0.0 in folders '/home/mrocco/workspace/fpscala' for client Visual Studio Code 1.80.1.[0m
Jul 22, 2023 3:09:14 PM org.flywaydb.core.internal.license.VersionPrinter printVersionOnly
INFO: Flyway Community Edition 9.20.1 by Redgate
Jul 22, 2023 3:09:14 PM org.flywaydb.core.internal.license.VersionPrinter printVersion
INFO: See release notes here: https://rd.gt/416ObMi
Jul 22, 2023 3:09:14 PM org.flywaydb.core.internal.license.VersionPrinter printVersion
INFO: 
Jul 22, 2023 3:09:14 PM org.flywaydb.core.internal.database.base.BaseDatabaseType createDatabase
INFO: Database: jdbc:h2:file:/home/mrocco/workspace/fpscala/.metals/metals (H2 2.1)
Jul 22, 2023 3:09:14 PM org.flywaydb.core.internal.command.DbValidate validate
INFO: Successfully validated 4 migrations (execution time 00:00.024s)
Jul 22, 2023 3:09:14 PM org.flywaydb.core.internal.command.DbMigrate migrateGroup
INFO: Current version of schema "PUBLIC": 4
Jul 22, 2023 3:09:14 PM org.flywaydb.core.internal.command.DbMigrate logSummary
INFO: Schema "PUBLIC" is up to date. No migration necessary.
2023.07.22 15:09:14 INFO  time: initialize in 0.61s[0m
2023.07.22 15:09:16 INFO  Attempting to connect to the build server...[0m
2023.07.22 15:09:16 INFO  Running BSP server List(/usr/lib/jvm/java-11-openjdk-11.0.19.0.7-1.fc38.x86_64/bin/java, -Xms100m, -Xmx100m, -classpath, /home/mrocco/.cache/coursier/arc/https/github.com/sbt/sbt/releases/download/v1.9.1/sbt-1.9.1.zip/sbt/bin/sbt-launch.jar, -Dsbt.script=/home/mrocco/.cache/coursier/arc/https/github.com/sbt/sbt/releases/download/v1.9.1/sbt-1.9.1.zip/sbt/bin/sbt, xsbt.boot.Boot, -bsp)[0m
2023.07.22 15:09:17 INFO  tracing is disabled for protocol BSP, to enable tracing of incoming and outgoing JSON messages create an empty file at /home/mrocco/workspace/fpscala/.metals/bsp.trace.json or /home/mrocco/.cache/metals/bsp.trace.json[0m
2023.07.22 15:09:17 WARN  no build target for: /home/mrocco/workspace/fpscala/project/metals.sbt[0m
2023.07.22 15:09:17 WARN  no build target for: /home/mrocco/workspace/fpscala/project/project/metals.sbt[0m
2023.07.22 15:09:20 INFO  Processing workspace/reload[0m
2023.07.22 15:09:27 INFO  Updating [0m
2023.07.22 15:09:27 INFO  no build target found for /home/mrocco/workspace/fpscala/project/project/metals.sbt. Using presentation compiler with project's scala-library version: 3.3.0[0m
2023.07.22 15:09:28 INFO  Resolved  dependencies[0m
2023.07.22 15:09:28 INFO  Fetching artifacts of [0m
2023.07.22 15:09:28 INFO  Fetched artifacts of [0m
2023.07.22 15:09:28 INFO  compiling fpscala-build-build[0m
2023.07.22 15:09:29 INFO  time: code lens generation in 10s[0m
2023.07.22 15:09:29 INFO  time: code lens generation in 7.24s[0m
2023.07.22 15:09:29 INFO  time: code lens generation in 2.44s[0m
2023.07.22 15:09:30 INFO  Updating [0m
2023.07.22 15:09:31 INFO  Resolved  dependencies[0m
2023.07.22 15:09:31 INFO  Updating [0m
2023.07.22 15:09:31 INFO  Resolved  dependencies[0m
2023.07.22 15:09:31 INFO  Updating [0m
2023.07.22 15:09:31 INFO  Resolved  dependencies[0m
2023.07.22 15:09:31 INFO  Fetching artifacts of [0m
2023.07.22 15:09:33 INFO  Fetched artifacts of [0m
2023.07.22 15:09:33 INFO  compiling fpscala-build[0m
2023.07.22 15:09:33 INFO  time: Connected to build server in 16s[0m
2023.07.22 15:09:33 INFO  Connected to Build server: sbt v1.9.1[0m
2023.07.22 15:09:33 INFO  Processing workspace/buildTargets[0m
2023.07.22 15:09:33 INFO  Processing buildTarget/scalacOptions[0m
2023.07.22 15:09:33 INFO  Processing buildTarget/sources[0m
2023.07.22 15:09:33 INFO  Processing buildTarget/dependencySources[0m
2023.07.22 15:09:34 INFO  Fetching artifacts of [0m
2023.07.22 15:09:38 INFO  Fetched artifacts of [0m
2023.07.22 15:09:38 INFO  time: Imported build in 5.06s[0m
2023.07.22 15:09:41 WARN  Could not find java sources in /usr/lib/jvm/src.zip, /usr/lib/jvm/lib/src.zip, /usr/lib/jvm/java-11-openjdk-11.0.19.0.7-1.fc38.x86_64/src.zip, /usr/lib/jvm/java-11-openjdk-11.0.19.0.7-1.fc38.x86_64/lib/src.zip, /usr/lib/jvm/src.zip, /usr/lib/jvm/lib/src.zip, /usr/lib/jvm/java-11-openjdk-11.0.19.0.7-1.fc38.x86_64/src.zip, /usr/lib/jvm/java-11-openjdk-11.0.19.0.7-1.fc38.x86_64/lib/src.zip. Java symbols will not be available.[0m
2023.07.22 15:09:43 WARN  Could not find java sources in /usr/lib/jvm/src.zip, /usr/lib/jvm/lib/src.zip, /usr/lib/jvm/java-11-openjdk-11.0.19.0.7-1.fc38.x86_64/src.zip, /usr/lib/jvm/java-11-openjdk-11.0.19.0.7-1.fc38.x86_64/lib/src.zip, /usr/lib/jvm/src.zip, /usr/lib/jvm/lib/src.zip, /usr/lib/jvm/java-11-openjdk-11.0.19.0.7-1.fc38.x86_64/src.zip, /usr/lib/jvm/java-11-openjdk-11.0.19.0.7-1.fc38.x86_64/lib/src.zip. Java symbols will not be available.[0m
2023.07.22 15:09:43 WARN  Could not find java sources in /usr/lib/jvm/src.zip, /usr/lib/jvm/lib/src.zip, /usr/lib/jvm/java-11-openjdk-11.0.19.0.7-1.fc38.x86_64/src.zip, /usr/lib/jvm/java-11-openjdk-11.0.19.0.7-1.fc38.x86_64/lib/src.zip, /usr/lib/jvm/src.zip, /usr/lib/jvm/lib/src.zip, /usr/lib/jvm/java-11-openjdk-11.0.19.0.7-1.fc38.x86_64/src.zip, /usr/lib/jvm/java-11-openjdk-11.0.19.0.7-1.fc38.x86_64/lib/src.zip. Java symbols will not be available.[0m
2023.07.22 15:09:43 INFO  time: indexed workspace in 4.41s[0m
2023.07.22 15:09:43 INFO  Processing buildTarget/scalaMainClasses[0m
2023.07.22 15:09:43 WARN  sbt does not support `buildTarget/inverseSources`, unable to fetch targets owning source.[0m
2023.07.22 15:09:43 WARN  no build target for: /home/mrocco/workspace/fpscala/eg1010/build.sbt[0m
2023.07.22 15:09:43 WARN  sbt does not support `buildTarget/inverseSources`, unable to fetch targets owning source.[0m
2023.07.22 15:09:43 WARN  no build target for: /home/mrocco/workspace/fpscala/eg1010/build.sbt[0m
2023.07.22 15:09:43 INFO  compiling fpscala[0m
2023.07.22 15:09:45 INFO  time: compiled fpscala in 1.71s[0m
2023.07.22 15:09:45 INFO  compiling fpscala-test[0m
2023.07.22 15:09:45 INFO  time: compiled fpscala-test in 1ms[0m
2023.07.22 15:09:45 INFO  Processing buildTarget/scalaTestClasses[0m
2023.07.22 15:09:45 INFO  compiling fpscala[0m
2023.07.22 15:09:45 INFO  time: compiled fpscala in 727Î¼s[0m
2023.07.22 15:09:45 INFO  compiling fpscala-test[0m
2023.07.22 15:09:45 INFO  time: compiled fpscala-test in 601Î¼s[0m
2023.07.22 15:09:45 INFO  Processing buildTarget/jvmRunEnvironment[0m
2023.07.22 15:09:45 INFO  compiling fpscala[0m
2023.07.22 15:09:45 INFO  time: compiled fpscala in 871Î¼s[0m
2023.07.22 15:09:45 INFO  compiling fpscala-test[0m
2023.07.22 15:09:45 INFO  time: compiled fpscala-test in 882Î¼s[0m
2023.07.22 15:09:47 INFO  time: code lens generation in 1.58s[0m
2023.07.22 15:14:57 WARN  sbt does not support `buildTarget/inverseSources`, unable to fetch targets owning source.[0m
2023.07.22 15:14:57 WARN  no build target for: /home/mrocco/workspace/fpscala/eg1010/src/main/scala/eg.worksheet.sc[0m
Jul 22, 2023 3:14:57 PM org.eclipse.lsp4j.jsonrpc.RemoteEndpoint handleCancellation
WARNING: Unmatched cancel notification for request id 22
Jul 22, 2023 3:14:57 PM scala.meta.internal.pc.CompilerAccess handleError
SEVERE: A severe compiler error occurred, full details of the error can be found in the error report /home/mrocco/workspace/fpscala/.metals/.reports/metals-full/r_compiler-error_1690031697668
Jul 22, 2023 3:14:58 PM scala.meta.internal.pc.CompilerAccess handleError
SEVERE: A severe compiler error occurred, full details of the error can be found in the error report /home/mrocco/workspace/fpscala/.metals/.reports/metals-full/r_compiler-error_1690031698015
Jul 22, 2023 3:15:00 PM scala.meta.internal.pc.CompilerAccess handleError
SEVERE: A severe compiler error occurred, full details of the error can be found in the error report /home/mrocco/workspace/fpscala/.metals/.reports/metals-full/r_compiler-error_1690031700404
[31merror[39m: eg1010/src/main/scala/eg.worksheet.sc:5:31: ; expected but : found
class Rational(x: Int, y: Int):
                              ^
Jul 22, 2023 3:15:01 PM scala.meta.internal.pc.CompilerAccess handleError
SEVERE: A severe compiler error occurred, full details of the error can be found in the error report /home/mrocco/workspace/fpscala/.metals/.reports/metals-full/r_compiler-error_1690031701188
2023.07.22 15:15:02 INFO  time: evaluated worksheet 'eg.worksheet.sc' in 5.24s[0m
2023.07.22 15:15:04 INFO  no build target found for /home/mrocco/workspace/fpscala/eg1010/src/main/scala/eg.worksheet.sc. Using presentation compiler with project's scala-library version: 2.12.18[0m
Jul 22, 2023 3:15:04 PM scala.meta.internal.pc.CompilerAccess handleError
SEVERE: A severe compiler error occurred, full details of the error can be found in the error report /home/mrocco/workspace/fpscala/.metals/.reports/metals-full/r_compiler-error_1690031704466
2023.07.22 15:15:04 INFO  time: code lens generation in 1.56s[0m
Jul 22, 2023 3:15:05 PM scala.meta.internal.pc.CompilerAccess handleError
SEVERE: A severe compiler error occurred, full details of the error can be found in the error report /home/mrocco/workspace/fpscala/.metals/.reports/metals-full/r_compiler-error_1690031705348
Jul 22, 2023 3:15:07 PM scala.meta.internal.pc.CompilerAccess handleError
SEVERE: A severe compiler error occurred, full details of the error can be found in the error report /home/mrocco/workspace/fpscala/.metals/.reports/metals-full/r_compiler-error_1690031707416
Jul 22, 2023 3:15:08 PM scala.meta.internal.pc.CompilerAccess handleError
SEVERE: A severe compiler error occurred, full details of the error can be found in the error report /home/mrocco/workspace/fpscala/.metals/.reports/metals-full/r_compiler-error_1690031708182
Jul 22, 2023 3:15:09 PM scala.meta.internal.pc.CompilerAccess handleError
SEVERE: A severe compiler error occurred, full details of the error can be found in the error report /home/mrocco/workspace/fpscala/.metals/.reports/metals-full/r_compiler-error_1690031709687
2023.07.22 15:15:10 WARN  sbt does not support `buildTarget/inverseSources`, unable to fetch targets owning source.[0m
2023.07.22 15:15:10 WARN  no build target for: /home/mrocco/workspace/fpscala/eg1010/src/main/scala/eg.worksheet.sc[0m
[31merror[39m: eg1010/src/main/scala/eg.worksheet.sc:5:31: ; expected but : found
class Rational(x: Int, y: Int):
                              ^
2023.07.22 15:15:10 INFO  compiling fpscala[0m
2023.07.22 15:15:10 INFO  time: compiled fpscala in 5ms[0m
Jul 22, 2023 3:15:10 PM scala.meta.internal.pc.CompilerAccess handleError
SEVERE: A severe compiler error occurred, full details of the error can be found in the error report /home/mrocco/workspace/fpscala/.metals/.reports/metals-full/r_compiler-error_1690031710185
2023.07.22 15:15:10 INFO  compiling fpscala-test[0m
2023.07.22 15:15:10 INFO  time: compiled fpscala-test in 14ms[0m
2023.07.22 15:15:10 INFO  time: evaluated worksheet 'eg.worksheet.sc' in 0.6s[0m
Jul 22, 2023 3:15:12 PM scala.meta.internal.pc.CompilerAccess handleError
SEVERE: A severe compiler error occurred, full details of the error can be found in the error report /home/mrocco/workspace/fpscala/.metals/.reports/metals-full/r_compiler-error_1690031712834
Jul 22, 2023 3:15:15 PM scala.meta.internal.pc.CompilerAccess handleError
SEVERE: A severe compiler error occurred, full details of the error can be found in the error report /home/mrocco/workspace/fpscala/.metals/.reports/metals-full/r_compiler-error_1690031715996
2023.07.22 15:15:17 WARN  sbt does not support `buildTarget/inverseSources`, unable to fetch targets owning source.[0m
2023.07.22 15:15:17 WARN  no build target for: /home/mrocco/workspace/fpscala/eg1010/src/main/scala/eg.worksheet.sc[0m
[31merror[39m: eg1010/src/main/scala/eg.worksheet.sc:5:31: ; expected but : found
class Rational(x: Int, y: Int):
                              ^
2023.07.22 15:15:17 INFO  compiling fpscala[0m
2023.07.22 15:15:17 INFO  time: compiled fpscala in 11ms[0m
2023.07.22 15:15:17 INFO  compiling fpscala-test[0m
2023.07.22 15:15:17 INFO  time: compiled fpscala-test in 14ms[0m
Jul 22, 2023 3:15:17 PM scala.meta.internal.pc.CompilerAccess handleError
SEVERE: A severe compiler error occurred, full details of the error can be found in the error report /home/mrocco/workspace/fpscala/.metals/.reports/metals-full/r_compiler-error_1690031717311
2023.07.22 15:15:17 INFO  time: evaluated worksheet 'eg.worksheet.sc' in 0.49s[0m
Jul 22, 2023 3:15:20 PM scala.meta.internal.pc.CompilerAccess handleError
SEVERE: A severe compiler error occurred, full details of the error can be found in the error report /home/mrocco/workspace/fpscala/.metals/.reports/metals-full/r_compiler-error_1690031720391
Jul 22, 2023 3:15:20 PM scala.meta.internal.pc.CompilerAccess handleError
SEVERE: A severe compiler error occurred, full details of the error can be found in the error report /home/mrocco/workspace/fpscala/.metals/.reports/metals-full/r_compiler-error_1690031720944
Jul 22, 2023 3:15:24 PM scala.meta.internal.pc.CompilerAccess handleError
SEVERE: A severe compiler error occurred, full details of the error can be found in the error report /home/mrocco/workspace/fpscala/.metals/.reports/metals-full/r_compiler-error_1690031724677
Jul 22, 2023 3:15:24 PM scala.meta.internal.pc.CompilerAccess handleError
SEVERE: A severe compiler error occurred, full details of the error can be found in the error report /home/mrocco/workspace/fpscala/.metals/.reports/metals-full/r_compiler-error_1690031724753
Jul 22, 2023 3:15:25 PM scala.meta.internal.pc.CompilerAccess handleError
SEVERE: A severe compiler error occurred, full details of the error can be found in the error report /home/mrocco/workspace/fpscala/.metals/.reports/metals-full/r_compiler-error_1690031725361
Jul 22, 2023 3:15:25 PM scala.meta.internal.pc.CompilerAccess handleError
SEVERE: A severe compiler error occurred, full details of the error can be found in the error report /home/mrocco/workspace/fpscala/.metals/.reports/metals-full/r_compiler-error_1690031725426
Jul 22, 2023 3:15:25 PM scala.meta.internal.pc.CompilerAccess handleError
SEVERE: A severe compiler error occurred, full details of the error can be found in the error report /home/mrocco/workspace/fpscala/.metals/.reports/metals-full/r_compiler-error_1690031725506
Jul 22, 2023 3:15:26 PM scala.meta.internal.pc.CompilerAccess handleError
SEVERE: A severe compiler error occurred, full details of the error can be found in the error report /home/mrocco/workspace/fpscala/.metals/.reports/metals-full/r_compiler-error_1690031726407
Jul 22, 2023 3:15:26 PM scala.meta.internal.pc.CompilerAccess handleError
SEVERE: A severe compiler error occurred, full details of the error can be found in the error report /home/mrocco/workspace/fpscala/.metals/.reports/metals-full/r_compiler-error_1690031726874
Jul 22, 2023 3:15:27 PM scala.meta.internal.pc.CompilerAccess handleError
SEVERE: A severe compiler error occurred, full details of the error can be found in the error report /home/mrocco/workspace/fpscala/.metals/.reports/metals-full/r_compiler-error_1690031727774
Jul 22, 2023 3:15:28 PM scala.meta.internal.pc.CompilerAccess handleError
SEVERE: A severe compiler error occurred, full details of the error can be found in the error report /home/mrocco/workspace/fpscala/.metals/.reports/metals-full/r_compiler-error_1690031728473
Jul 22, 2023 3:15:29 PM scala.meta.internal.pc.CompilerAccess handleError
SEVERE: A severe compiler error occurred, full details of the error can be found in the error report /home/mrocco/workspace/fpscala/.metals/.reports/metals-full/r_compiler-error_1690031729260
2023.07.22 15:15:29 WARN  sbt does not support `buildTarget/inverseSources`, unable to fetch targets owning source.[0m
2023.07.22 15:15:29 WARN  no build target for: /home/mrocco/workspace/fpscala/eg1010/src/main/scala/eg.worksheet.sc[0m
[31merror[39m: eg1010/src/main/scala/eg.worksheet.sc:5:31: ; expected but : found
class Rational(x: Int, y: Int):
                              ^
Jul 22, 2023 3:15:29 PM scala.meta.internal.pc.CompilerAccess handleError
SEVERE: A severe compiler error occurred, full details of the error can be found in the error report /home/mrocco/workspace/fpscala/.metals/.reports/metals-full/r_compiler-error_1690031729570
2023.07.22 15:15:29 INFO  compiling fpscala[0m
2023.07.22 15:15:29 INFO  time: compiled fpscala in 17ms[0m
2023.07.22 15:15:29 INFO  compiling fpscala-test[0m
2023.07.22 15:15:29 INFO  time: compiled fpscala-test in 22ms[0m
2023.07.22 15:15:29 INFO  time: evaluated worksheet 'eg.worksheet.sc' in 0.54s[0m
Jul 22, 2023 3:15:35 PM scala.meta.internal.pc.CompilerAccess handleError
SEVERE: A severe compiler error occurred, full details of the error can be found in the error report /home/mrocco/workspace/fpscala/.metals/.reports/metals-full/r_compiler-error_1690031735283
Jul 22, 2023 3:15:41 PM scala.meta.internal.pc.CompilerAccess handleError
SEVERE: A severe compiler error occurred, full details of the error can be found in the error report /home/mrocco/workspace/fpscala/.metals/.reports/metals-full/r_compiler-error_1690031741332
Jul 22, 2023 3:15:42 PM scala.meta.internal.pc.CompilerAccess handleError
SEVERE: A severe compiler error occurred, full details of the error can be found in the error report /home/mrocco/workspace/fpscala/.metals/.reports/metals-full/r_compiler-error_1690031742167
Jul 22, 2023 3:15:44 PM scala.meta.internal.pc.CompilerAccess handleError
SEVERE: A severe compiler error occurred, full details of the error can be found in the error report /home/mrocco/workspace/fpscala/.metals/.reports/metals-full/r_compiler-error_1690031744135
Jul 22, 2023 3:15:44 PM scala.meta.internal.pc.CompilerAccess handleError
SEVERE: A severe compiler error occurred, full details of the error can be found in the error report /home/mrocco/workspace/fpscala/.metals/.reports/metals-full/r_compiler-error_1690031744967
Jul 22, 2023 3:15:45 PM scala.meta.internal.pc.CompilerAccess handleError
SEVERE: A severe compiler error occurred, full details of the error can be found in the error report /home/mrocco/workspace/fpscala/.metals/.reports/metals-full/r_compiler-error_1690031745437
Jul 22, 2023 3:15:47 PM scala.meta.internal.pc.CompilerAccess handleError
SEVERE: A severe compiler error occurred, full details of the error can be found in the error report /home/mrocco/workspace/fpscala/.metals/.reports/metals-full/r_compiler-error_1690031747236
2023.07.22 15:15:47 WARN  sbt does not support `buildTarget/inverseSources`, unable to fetch targets owning source.[0m
2023.07.22 15:15:47 WARN  no build target for: /home/mrocco/workspace/fpscala/eg1010/src/main/scala/eg.worksheet.sc[0m
[31merror[39m: eg1010/src/main/scala/eg.worksheet.sc:5:31: ; expected but : found
class Rational(x: Int, y: Int):
                              ^
Jul 22, 2023 3:15:47 PM scala.meta.internal.pc.CompilerAccess handleError
SEVERE: A severe compiler error occurred, full details of the error can be found in the error report /home/mrocco/workspace/fpscala/.metals/.reports/metals-full/r_compiler-error_1690031747822
2023.07.22 15:15:47 INFO  compiling fpscala[0m
2023.07.22 15:15:47 INFO  time: compiled fpscala in 11ms[0m
2023.07.22 15:15:47 INFO  compiling fpscala-test[0m
2023.07.22 15:15:47 INFO  time: compiled fpscala-test in 15ms[0m
2023.07.22 15:15:48 INFO  time: evaluated worksheet 'eg.worksheet.sc' in 0.49s[0m
Jul 22, 2023 3:15:50 PM scala.meta.internal.pc.CompilerAccess handleError
SEVERE: A severe compiler error occurred, full details of the error can be found in the error report /home/mrocco/workspace/fpscala/.metals/.reports/metals-full/r_compiler-error_1690031750631
Jul 22, 2023 3:15:51 PM scala.meta.internal.pc.CompilerAccess handleError
SEVERE: A severe compiler error occurred, full details of the error can be found in the error report /home/mrocco/workspace/fpscala/.metals/.reports/metals-full/r_compiler-error_1690031751553
Jul 22, 2023 3:15:52 PM scala.meta.internal.pc.CompilerAccess handleError
SEVERE: A severe compiler error occurred, full details of the error can be found in the error report /home/mrocco/workspace/fpscala/.metals/.reports/metals-full/r_compiler-error_1690031752263
Jul 22, 2023 3:15:57 PM scala.meta.internal.pc.CompilerAccess handleError
SEVERE: A severe compiler error occurred, full details of the error can be found in the error report /home/mrocco/workspace/fpscala/.metals/.reports/metals-full/r_compiler-error_1690031757263
2023.07.22 15:16:03 INFO  Disconnecting from sbt session...[0m
2023.07.22 15:16:03 INFO  Shut down connection with build server.[0m
2023.07.22 15:16:03 INFO  Attempting to connect to the build server...[0m
2023.07.22 15:16:03 INFO  Running BSP server List(/usr/lib/jvm/java-11-openjdk-11.0.19.0.7-1.fc38.x86_64/bin/java, -Xms100m, -Xmx100m, -classpath, /home/mrocco/.cache/coursier/arc/https/github.com/sbt/sbt/releases/download/v1.9.1/sbt-1.9.1.zip/sbt/bin/sbt-launch.jar, -Dsbt.script=/home/mrocco/.cache/coursier/arc/https/github.com/sbt/sbt/releases/download/v1.9.1/sbt-1.9.1.zip/sbt/bin/sbt, xsbt.boot.Boot, -bsp)[0m
2023.07.22 15:16:03 INFO  tracing is disabled for protocol BSP, to enable tracing of incoming and outgoing JSON messages create an empty file at /home/mrocco/workspace/fpscala/.metals/bsp.trace.json or /home/mrocco/.cache/metals/bsp.trace.json[0m
2023.07.22 15:16:03 INFO  time: Connected to build server in 0.92s[0m
2023.07.22 15:16:03 INFO  Connected to Build server: sbt v1.9.1[0m
2023.07.22 15:16:03 INFO  Processing workspace/buildTargets[0m
2023.07.22 15:16:04 INFO  Processing buildTarget/scalacOptions[0m
2023.07.22 15:16:04 INFO  Processing buildTarget/sources[0m
2023.07.22 15:16:04 INFO  Processing buildTarget/dependencySources[0m
2023.07.22 15:16:04 INFO  time: Imported build in 0.42s[0m
2023.07.22 15:16:05 WARN  Could not find java sources in /usr/lib/jvm/src.zip, /usr/lib/jvm/lib/src.zip, /usr/lib/jvm/java-11-openjdk-11.0.19.0.7-1.fc38.x86_64/src.zip, /usr/lib/jvm/java-11-openjdk-11.0.19.0.7-1.fc38.x86_64/lib/src.zip, /usr/lib/jvm/src.zip, /usr/lib/jvm/lib/src.zip, /usr/lib/jvm/java-11-openjdk-11.0.19.0.7-1.fc38.x86_64/src.zip, /usr/lib/jvm/java-11-openjdk-11.0.19.0.7-1.fc38.x86_64/lib/src.zip. Java symbols will not be available.[0m
2023.07.22 15:16:05 WARN  Could not find java sources in /usr/lib/jvm/src.zip, /usr/lib/jvm/lib/src.zip, /usr/lib/jvm/java-11-openjdk-11.0.19.0.7-1.fc38.x86_64/src.zip, /usr/lib/jvm/java-11-openjdk-11.0.19.0.7-1.fc38.x86_64/lib/src.zip, /usr/lib/jvm/src.zip, /usr/lib/jvm/lib/src.zip, /usr/lib/jvm/java-11-openjdk-11.0.19.0.7-1.fc38.x86_64/src.zip, /usr/lib/jvm/java-11-openjdk-11.0.19.0.7-1.fc38.x86_64/lib/src.zip. Java symbols will not be available.[0m
2023.07.22 15:16:05 WARN  Could not find java sources in /usr/lib/jvm/src.zip, /usr/lib/jvm/lib/src.zip, /usr/lib/jvm/java-11-openjdk-11.0.19.0.7-1.fc38.x86_64/src.zip, /usr/lib/jvm/java-11-openjdk-11.0.19.0.7-1.fc38.x86_64/lib/src.zip, /usr/lib/jvm/src.zip, /usr/lib/jvm/lib/src.zip, /usr/lib/jvm/java-11-openjdk-11.0.19.0.7-1.fc38.x86_64/src.zip, /usr/lib/jvm/java-11-openjdk-11.0.19.0.7-1.fc38.x86_64/lib/src.zip. Java symbols will not be available.[0m
2023.07.22 15:16:05 INFO  time: indexed workspace in 1.44s[0m
2023.07.22 15:16:05 WARN  sbt does not support `buildTarget/inverseSources`, unable to fetch targets owning source.[0m
2023.07.22 15:16:05 WARN  sbt does not support `buildTarget/inverseSources`, unable to fetch targets owning source.[0m
2023.07.22 15:16:06 WARN  no build target for: /home/mrocco/workspace/fpscala/eg1010/src/main/scala/eg.worksheet.sc[0m
2023.07.22 15:16:05 WARN  no build target for: /home/mrocco/workspace/fpscala/eg1010/build.sbt[0m
2023.07.22 15:16:06 INFO  Processing buildTarget/scalaTestClasses[0m
[31merror[39m: eg1010/src/main/scala/eg.worksheet.sc:5:31: ; expected but : found
class Rational(x: Int, y: Int):
                              ^
2023.07.22 15:16:06 INFO  compiling fpscala[0m
2023.07.22 15:16:05 INFO  time: evaluated worksheet 'eg.worksheet.sc' in 0.59s[0m
2023.07.22 15:16:07 INFO  time: compiled fpscala in 1.32s[0m
2023.07.22 15:16:07 INFO  compiling fpscala-test[0m
2023.07.22 15:16:07 INFO  time: compiled fpscala-test in 442Î¼s[0m
2023.07.22 15:16:07 INFO  Processing buildTarget/scalaMainClasses[0m
2023.07.22 15:16:07 INFO  compiling fpscala[0m
2023.07.22 15:16:07 INFO  time: compiled fpscala in 457Î¼s[0m
2023.07.22 15:16:07 INFO  compiling fpscala-test[0m
2023.07.22 15:16:07 INFO  time: compiled fpscala-test in 568Î¼s[0m
2023.07.22 15:16:07 INFO  Processing buildTarget/jvmRunEnvironment[0m
2023.07.22 15:16:07 INFO  compiling fpscala[0m
2023.07.22 15:16:07 INFO  time: compiled fpscala in 495Î¼s[0m
2023.07.22 15:16:07 INFO  compiling fpscala-test[0m
2023.07.22 15:16:07 INFO  time: compiled fpscala-test in 526Î¼s[0m
2023.07.22 15:16:09 INFO  no build target found for /home/mrocco/workspace/fpscala/eg1010/src/main/scala/eg.worksheet.sc. Using presentation compiler with project's scala-library version: 2.12.18[0m
Jul 22, 2023 3:16:09 PM scala.meta.internal.pc.CompilerAccess handleError
SEVERE: A severe compiler error occurred, full details of the error can be found in the error report /home/mrocco/workspace/fpscala/.metals/.reports/metals-full/r_compiler-error_1690031769142
2023.07.22 15:16:09 INFO  time: code lens generation in 1.27s[0m
2023.07.22 15:16:27 INFO  compiling fpscala[0m
2023.07.22 15:16:27 INFO  time: compiled fpscala in 6ms[0m
2023.07.22 15:16:27 INFO  Non-compiled module 'compiler-bridge_2.12' for Scala 2.12.18. Compiling...[0m
2023.07.22 15:16:36 INFO    Compilation completed in 9.014s.[0m
2023.07.22 15:16:36 INFO  Starting scala interpreter...[0m
2023.07.22 15:16:36 INFO  [0m
Jul 22, 2023 3:16:44 PM org.eclipse.lsp4j.jsonrpc.services.GenericEndpoint notify
WARNING: Unsupported notification method: shutdown
2023.07.22 15:16:45 INFO  Running BSP server List(/usr/lib/jvm/java-11-openjdk-11.0.19.0.7-1.fc38.x86_64/bin/java, -Xms100m, -Xmx100m, -classpath, /home/mrocco/.cache/coursier/arc/https/github.com/sbt/sbt/releases/download/v1.9.1/sbt-1.9.1.zip/sbt/bin/sbt-launch.jar, -Dsbt.script=/home/mrocco/.cache/coursier/arc/https/github.com/sbt/sbt/releases/download/v1.9.1/sbt-1.9.1.zip/sbt/bin/sbt, xsbt.boot.Boot, -bsp)[0m
2023.07.22 15:16:45 INFO  tracing is disabled for protocol BSP, to enable tracing of incoming and outgoing JSON messages create an empty file at /home/mrocco/workspace/fpscala/.metals/bsp.trace.json or /home/mrocco/.cache/metals/bsp.trace.json[0m
2023.07.22 15:16:45 INFO  BSP server: [info] server was not detected. starting an instance[0m
2023.07.22 15:16:47 INFO  BSP server: [info] Updated file /home/mrocco/workspace/fpscala/project/build.properties: set sbt.version to 1.9.1[0m
2023.07.22 15:16:47 INFO  BSP server: [info] welcome to sbt 1.9.1 (Red Hat, Inc. Java 11.0.19)[0m
2023.07.22 15:16:48 INFO  BSP server: [info] loading settings for project fpscala-build-build from metals.sbt ...[0m
2023.07.22 15:16:50 INFO  BSP server: [info] loading project definition from /home/mrocco/workspace/fpscala/project/project[0m
2023.07.22 15:16:51 INFO  BSP server: [info] loading settings for project fpscala-build from metals.sbt ...[0m
2023.07.22 15:16:51 INFO  BSP server: [info] loading project definition from /home/mrocco/workspace/fpscala/project[0m
2023.07.22 15:16:51 INFO  BSP server: [info] set current project to fpscala (in build file:/home/mrocco/workspace/fpscala/)[0m
2023.07.22 15:16:52 INFO  BSP server: [info] sbt server started at local:///home/mrocco/.sbt/1.0/server/e09890b4e07d1af8f9c1/sock[0m
2023.07.22 15:16:52 INFO  Detected new build tool in /home/mrocco/workspace/fpscala/.bsp/sbt.json[0m
2023.07.22 15:16:52 INFO  BSP server: [info] started sbt server[0m
2023.07.22 15:16:52 INFO  Disconnecting from sbt session...[0m
2023.07.22 15:16:52 INFO  Detected new build tool in /home/mrocco/workspace/fpscala/.bsp/sbt.json[0m
2023.07.22 15:16:52 INFO  Attempting to connect to the build server...[0m
2023.07.22 15:16:52 INFO  Running BSP server List(/usr/lib/jvm/java-11-openjdk-11.0.19.0.7-1.fc38.x86_64/bin/java, -Xms100m, -Xmx100m, -classpath, /home/mrocco/.cache/coursier/arc/https/github.com/sbt/sbt/releases/download/v1.9.1/sbt-1.9.1.zip/sbt/bin/sbt-launch.jar, -Dsbt.script=/home/mrocco/.cache/coursier/arc/https/github.com/sbt/sbt/releases/download/v1.9.1/sbt-1.9.1.zip/sbt/bin/sbt, xsbt.boot.Boot, -bsp)[0m
2023.07.22 15:16:52 INFO  tracing is disabled for protocol BSP, to enable tracing of incoming and outgoing JSON messages create an empty file at /home/mrocco/workspace/fpscala/.metals/bsp.trace.json or /home/mrocco/.cache/metals/bsp.trace.json[0m
2023.07.22 15:16:52 INFO  Connected to Build server: sbt v1.9.1[0m
2023.07.22 15:16:52 INFO  Shut down connection with build server.[0m
2023.07.22 15:16:52 INFO  Attempting to connect to the build server...[0m
2023.07.22 15:16:53 INFO  Failed to run request with params WorkspaceBuildTargetsResult[0m
2023.07.22 15:16:52 INFO  Running BSP server List(/usr/lib/jvm/java-11-openjdk-11.0.19.0.7-1.fc38.x86_64/bin/java, -Xms100m, -Xmx100m, -classpath, /home/mrocco/.cache/coursier/arc/https/github.com/sbt/sbt/releases/download/v1.9.1/sbt-1.9.1.zip/sbt/bin/sbt-launch.jar, -Dsbt.script=/home/mrocco/.cache/coursier/arc/https/github.com/sbt/sbt/releases/download/v1.9.1/sbt-1.9.1.zip/sbt/bin/sbt, xsbt.boot.Boot, -bsp)[0m
2023.07.22 15:16:53 INFO  tracing is disabled for protocol BSP, to enable tracing of incoming and outgoing JSON messages create an empty file at /home/mrocco/workspace/fpscala/.metals/bsp.trace.json or /home/mrocco/.cache/metals/bsp.trace.json[0m
2023.07.22 15:16:54 INFO  time: Connected to build server in 2.16s[0m
2023.07.22 15:16:54 INFO  Connected to Build server: sbt v1.9.1[0m
2023.07.22 15:16:54 INFO  Processing workspace/buildTargets[0m
2023.07.22 15:16:54 INFO  Processing buildTarget/scalacOptions[0m
2023.07.22 15:16:55 INFO  time: Connected to build server in 2.33s[0m
2023.07.22 15:16:55 INFO  Connected to Build server: sbt v1.9.1[0m
2023.07.22 15:16:54 INFO  Processing buildTarget/sources[0m
2023.07.22 15:16:55 INFO  Processing workspace/buildTargets[0m
2023.07.22 15:16:56 INFO  Processing buildTarget/dependencySources[0m
2023.07.22 15:16:55 INFO  time: Imported build in 1.31s[0m
2023.07.22 15:16:55 INFO  Processing buildTarget/scalacOptions[0m
2023.07.22 15:16:55 INFO  Processing buildTarget/sources[0m
2023.07.22 15:16:56 INFO  Processing buildTarget/dependencySources[0m
2023.07.22 15:16:57 INFO  time: Imported build in 1.54s[0m
2023.07.22 15:16:57 WARN  Could not find java sources in /usr/lib/jvm/src.zip, /usr/lib/jvm/lib/src.zip, /usr/lib/jvm/java-11-openjdk-11.0.19.0.7-1.fc38.x86_64/src.zip, /usr/lib/jvm/java-11-openjdk-11.0.19.0.7-1.fc38.x86_64/lib/src.zip, /usr/lib/jvm/src.zip, /usr/lib/jvm/lib/src.zip, /usr/lib/jvm/java-11-openjdk-11.0.19.0.7-1.fc38.x86_64/src.zip, /usr/lib/jvm/java-11-openjdk-11.0.19.0.7-1.fc38.x86_64/lib/src.zip. Java symbols will not be available.[0m
2023.07.22 15:16:57 WARN  Could not find java sources in /usr/lib/jvm/src.zip, /usr/lib/jvm/lib/src.zip, /usr/lib/jvm/java-11-openjdk-11.0.19.0.7-1.fc38.x86_64/src.zip, /usr/lib/jvm/java-11-openjdk-11.0.19.0.7-1.fc38.x86_64/lib/src.zip, /usr/lib/jvm/src.zip, /usr/lib/jvm/lib/src.zip, /usr/lib/jvm/java-11-openjdk-11.0.19.0.7-1.fc38.x86_64/src.zip, /usr/lib/jvm/java-11-openjdk-11.0.19.0.7-1.fc38.x86_64/lib/src.zip. Java symbols will not be available.[0m
2023.07.22 15:16:57 WARN  Could not find java sources in /usr/lib/jvm/src.zip, /usr/lib/jvm/lib/src.zip, /usr/lib/jvm/java-11-openjdk-11.0.19.0.7-1.fc38.x86_64/src.zip, /usr/lib/jvm/java-11-openjdk-11.0.19.0.7-1.fc38.x86_64/lib/src.zip, /usr/lib/jvm/src.zip, /usr/lib/jvm/lib/src.zip, /usr/lib/jvm/java-11-openjdk-11.0.19.0.7-1.fc38.x86_64/src.zip, /usr/lib/jvm/java-11-openjdk-11.0.19.0.7-1.fc38.x86_64/lib/src.zip. Java symbols will not be available.[0m
2023.07.22 15:16:57 INFO  time: indexed workspace in 1.72s[0m
2023.07.22 15:16:57 WARN  sbt does not support `buildTarget/inverseSources`, unable to fetch targets owning source.[0m
2023.07.22 15:16:57 WARN  no build target for: /home/mrocco/workspace/fpscala/eg1010/build.sbt[0m
2023.07.22 15:16:57 WARN  sbt does not support `buildTarget/inverseSources`, unable to fetch targets owning source.[0m
2023.07.22 15:16:57 WARN  no build target for: /home/mrocco/workspace/fpscala/eg1010/src/main/scala/eg.worksheet.sc[0m
2023.07.22 15:16:57 INFO  Processing buildTarget/scalaMainClasses[0m
[31merror[39m: eg1010/src/main/scala/eg.worksheet.sc:5:31: ; expected but : found
class Rational(x: Int, y: Int):
                              ^
2023.07.22 15:16:58 INFO  compiling fpscala[0m
2023.07.22 15:16:57 INFO  compiling fpscala[0m
2023.07.22 15:16:57 INFO  compiling fpscala-test[0m
2023.07.22 15:16:57 INFO  time: evaluated worksheet 'eg.worksheet.sc' in 0.46s[0m
2023.07.22 15:16:58 WARN  Could not find java sources in /usr/lib/jvm/src.zip, /usr/lib/jvm/lib/src.zip, /usr/lib/jvm/java-11-openjdk-11.0.19.0.7-1.fc38.x86_64/src.zip, /usr/lib/jvm/java-11-openjdk-11.0.19.0.7-1.fc38.x86_64/lib/src.zip, /usr/lib/jvm/src.zip, /usr/lib/jvm/lib/src.zip, /usr/lib/jvm/java-11-openjdk-11.0.19.0.7-1.fc38.x86_64/src.zip, /usr/lib/jvm/java-11-openjdk-11.0.19.0.7-1.fc38.x86_64/lib/src.zip. Java symbols will not be available.[0m
2023.07.22 15:16:58 WARN  Could not find java sources in /usr/lib/jvm/src.zip, /usr/lib/jvm/lib/src.zip, /usr/lib/jvm/java-11-openjdk-11.0.19.0.7-1.fc38.x86_64/src.zip, /usr/lib/jvm/java-11-openjdk-11.0.19.0.7-1.fc38.x86_64/lib/src.zip, /usr/lib/jvm/src.zip, /usr/lib/jvm/lib/src.zip, /usr/lib/jvm/java-11-openjdk-11.0.19.0.7-1.fc38.x86_64/src.zip, /usr/lib/jvm/java-11-openjdk-11.0.19.0.7-1.fc38.x86_64/lib/src.zip. Java symbols will not be available.[0m
2023.07.22 15:16:58 WARN  Could not find java sources in /usr/lib/jvm/src.zip, /usr/lib/jvm/lib/src.zip, /usr/lib/jvm/java-11-openjdk-11.0.19.0.7-1.fc38.x86_64/src.zip, /usr/lib/jvm/java-11-openjdk-11.0.19.0.7-1.fc38.x86_64/lib/src.zip, /usr/lib/jvm/src.zip, /usr/lib/jvm/lib/src.zip, /usr/lib/jvm/java-11-openjdk-11.0.19.0.7-1.fc38.x86_64/src.zip, /usr/lib/jvm/java-11-openjdk-11.0.19.0.7-1.fc38.x86_64/lib/src.zip. Java symbols will not be available.[0m
2023.07.22 15:16:58 INFO  time: indexed workspace in 1.7s[0m
2023.07.22 15:16:57 WARN  sbt does not support `buildTarget/inverseSources`, unable to fetch targets owning source.[0m
2023.07.22 15:16:57 WARN  sbt does not support `buildTarget/inverseSources`, unable to fetch targets owning source.[0m
2023.07.22 15:16:58 WARN  no build target for: /home/mrocco/workspace/fpscala/eg1010/src/main/scala/eg.worksheet.sc[0m
2023.07.22 15:16:57 WARN  no build target for: /home/mrocco/workspace/fpscala/eg1010/build.sbt[0m
[31merror[39m: eg1010/src/main/scala/eg.worksheet.sc:5:31: ; expected but : found
class Rational(x: Int, y: Int):
                              ^
2023.07.22 15:16:57 INFO  time: evaluated worksheet 'eg.worksheet.sc' in 0.2s[0m
2023.07.22 15:16:59 INFO  time: compiled fpscala-test in 1.3s[0m
2023.07.22 15:16:59 INFO  time: compiled fpscala in 1.32s[0m
2023.07.22 15:16:59 INFO  compiling fpscala-test[0m
2023.07.22 15:16:59 INFO  Processing buildTarget/scalaTestClasses[0m
2023.07.22 15:16:59 INFO  compiling fpscala[0m
2023.07.22 15:16:59 INFO  time: compiled fpscala-test in 418Î¼s[0m
2023.07.22 15:16:59 INFO  time: compiled fpscala in 339Î¼s[0m
2023.07.22 15:16:59 INFO  compiling fpscala[0m
2023.07.22 15:16:59 INFO  compiling fpscala-test[0m
2023.07.22 15:16:59 INFO  time: compiled fpscala in 410Î¼s[0m
2023.07.22 15:16:59 INFO  time: compiled fpscala-test in 305Î¼s[0m
2023.07.22 15:16:59 INFO  compiling fpscala-test[0m
2023.07.22 15:16:59 INFO  Processing buildTarget/jvmRunEnvironment[0m
2023.07.22 15:16:59 INFO  compiling fpscala[0m
2023.07.22 15:16:59 INFO  time: compiled fpscala-test in 423Î¼s[0m
2023.07.22 15:16:59 INFO  time: compiled fpscala in 362Î¼s[0m
2023.07.22 15:16:59 INFO  compiling fpscala[0m
2023.07.22 15:16:59 INFO  compiling fpscala-test[0m
2023.07.22 15:16:59 INFO  time: compiled fpscala in 299Î¼s[0m
2023.07.22 15:16:59 INFO  time: compiled fpscala-test in 263Î¼s[0m
2023.07.22 15:16:59 INFO  compiling fpscala-test[0m
2023.07.22 15:16:59 INFO  time: compiled fpscala-test in 700Î¼s[0m
2023.07.22 15:16:59 INFO  Processing buildTarget/scalaTestClasses[0m
error: /home/mrocco/workspace/fpscala/.metals/.tmp/.metals/.tmp/Main-249282175802079513.scala is not a file
2023.07.22 15:16:59 INFO  compiling fpscala[0m
2023.07.22 15:16:59 INFO  compiling fpscala[0m
2023.07.22 15:16:59 INFO  time: compiled fpscala in 5ms[0m
2023.07.22 15:16:59 INFO  compiling fpscala-test[0m
2023.07.22 15:16:59 INFO  compiling fpscala-test[0m
2023.07.22 15:16:59 INFO  time: compiled fpscala-test in 4ms[0m
2023.07.22 15:16:59 INFO  Processing buildTarget/scalaMainClasses[0m
2023.07.22 15:16:59 INFO  compiling fpscala[0m
2023.07.22 15:16:59 INFO  compiling fpscala[0m
2023.07.22 15:16:59 INFO  time: compiled fpscala in 6ms[0m
2023.07.22 15:16:59 INFO  compiling fpscala-test[0m
2023.07.22 15:16:59 INFO  compiling fpscala-test[0m
2023.07.22 15:16:59 INFO  time: compiled fpscala-test in 4ms[0m
2023.07.22 15:16:59 INFO  Processing buildTarget/jvmRunEnvironment[0m
2023.07.22 15:16:59 INFO  compiling fpscala[0m
2023.07.22 15:16:59 INFO  compiling fpscala[0m
2023.07.22 15:16:59 INFO  time: compiled fpscala in 7ms[0m
2023.07.22 15:16:59 INFO  compiling fpscala-test[0m
2023.07.22 15:16:59 INFO  compiling fpscala-test[0m
2023.07.22 15:16:59 INFO  time: compiled fpscala-test in 5ms[0m
2023.07.22 15:17:01 INFO  no build target found for /home/mrocco/workspace/fpscala/eg1010/src/main/scala/eg.worksheet.sc. Using presentation compiler with project's scala-library version: 2.12.18[0m
Jul 22, 2023 3:17:01 PM scala.meta.internal.pc.CompilerAccess handleError
SEVERE: A severe compiler error occurred, full details of the error can be found in the error report /home/mrocco/workspace/fpscala/.metals/.reports/metals-full/r_compiler-error_1690031821465
2023.07.22 15:17:01 INFO  time: code lens generation in 1.43s[0m
Jul 22, 2023 3:17:02 PM scala.meta.internal.pc.CompilerAccess handleError
SEVERE: A severe compiler error occurred, full details of the error can be found in the error report /home/mrocco/workspace/fpscala/.metals/.reports/metals-full/r_compiler-error_1690031822776
2023.07.22 15:17:03 WARN  sbt does not support `buildTarget/inverseSources`, unable to fetch targets owning source.[0m
2023.07.22 15:17:03 WARN  no build target for: /home/mrocco/workspace/fpscala/eg1010/src/main/scala/eg.worksheet.sc[0m
[31merror[39m: eg1010/src/main/scala/eg.worksheet.sc:5:31: ; expected but : found
class Rational(x: Int, y: Int):
                              ^
Jul 22, 2023 3:17:03 PM scala.meta.internal.pc.CompilerAccess handleError
SEVERE: A severe compiler error occurred, full details of the error can be found in the error report /home/mrocco/workspace/fpscala/.metals/.reports/metals-full/r_compiler-error_1690031823350
2023.07.22 15:17:03 INFO  time: evaluated worksheet 'eg.worksheet.sc' in 0.23s[0m
Jul 22, 2023 3:17:09 PM scala.meta.internal.pc.CompilerAccess handleError
SEVERE: A severe compiler error occurred, full details of the error can be found in the error report /home/mrocco/workspace/fpscala/.metals/.reports/metals-full/r_compiler-error_1690031829978
Jul 22, 2023 3:17:13 PM scala.meta.internal.pc.CompilerAccess handleError
SEVERE: A severe compiler error occurred, full details of the error can be found in the error report /home/mrocco/workspace/fpscala/.metals/.reports/metals-full/r_compiler-error_1690031833809
Jul 22, 2023 3:17:14 PM scala.meta.internal.pc.CompilerAccess handleError
SEVERE: A severe compiler error occurred, full details of the error can be found in the error report /home/mrocco/workspace/fpscala/.metals/.reports/metals-full/r_compiler-error_1690031834543
Jul 22, 2023 3:17:18 PM scala.meta.internal.pc.CompilerAccess handleError
SEVERE: A severe compiler error occurred, full details of the error can be found in the error report /home/mrocco/workspace/fpscala/.metals/.reports/metals-full/r_compiler-error_1690031838365
Jul 22, 2023 3:17:24 PM scala.meta.internal.pc.CompilerAccess handleError
SEVERE: A severe compiler error occurred, full details of the error can be found in the error report /home/mrocco/workspace/fpscala/.metals/.reports/metals-full/r_compiler-error_1690031844152
Jul 22, 2023 3:17:25 PM scala.meta.internal.pc.CompilerAccess handleError
SEVERE: A severe compiler error occurred, full details of the error can be found in the error report /home/mrocco/workspace/fpscala/.metals/.reports/metals-full/r_compiler-error_1690031845559
Jul 22, 2023 3:17:26 PM scala.meta.internal.pc.CompilerAccess handleError
SEVERE: A severe compiler error occurred, full details of the error can be found in the error report /home/mrocco/workspace/fpscala/.metals/.reports/metals-full/r_compiler-error_1690031846333
Jul 22, 2023 3:17:27 PM scala.meta.internal.pc.CompilerAccess handleError
SEVERE: A severe compiler error occurred, full details of the error can be found in the error report /home/mrocco/workspace/fpscala/.metals/.reports/metals-full/r_compiler-error_1690031847270
2023.07.22 15:17:29 WARN  sbt does not support `buildTarget/inverseSources`, unable to fetch targets owning source.[0m
2023.07.22 15:17:29 WARN  no build target for: /home/mrocco/workspace/fpscala/eg1010/src/main/scala/eg.worksheet.sc[0m
[31merror[39m: eg1010/src/main/scala/eg.worksheet.sc:6:16: not found: value x
    def numr = x
               ^
[31merror[39m: eg1010/src/main/scala/eg.worksheet.sc:7:16: not found: value y
    def denm = y
               ^
[31merror[39m: eg1010/src/main/scala/eg.worksheet.sc:9:9: not found: value Rational
val r = Rational(1, 2)
        ^^^^^^^^
2023.07.22 15:17:29 INFO  time: evaluated worksheet 'eg.worksheet.sc' in 0.41s[0m
2023.07.22 15:17:41 WARN  sbt does not support `buildTarget/inverseSources`, unable to fetch targets owning source.[0m
2023.07.22 15:17:41 WARN  no build target for: /home/mrocco/workspace/fpscala/eg1010/src/main/scala/eg.worksheet.sc[0m
2023.07.22 15:17:41 INFO  time: evaluated worksheet 'eg.worksheet.sc' in 0.42s[0m
2023.07.22 15:18:01 WARN  sbt does not support `buildTarget/inverseSources`, unable to fetch targets owning source.[0m
2023.07.22 15:18:01 WARN  no build target for: /home/mrocco/workspace/fpscala/eg1010/src/main/scala/eg.worksheet.sc[0m
2023.07.22 15:18:01 INFO  time: evaluated worksheet 'eg.worksheet.sc' in 0.29s[0m
2023.07.22 15:18:10 WARN  sbt does not support `buildTarget/inverseSources`, unable to fetch targets owning source.[0m
2023.07.22 15:18:10 WARN  no build target for: /home/mrocco/workspace/fpscala/eg1010/src/main/scala/eg.worksheet.sc[0m
2023.07.22 15:18:10 INFO  time: evaluated worksheet 'eg.worksheet.sc' in 0.27s[0m
2023.07.22 15:18:54 WARN  sbt does not support `buildTarget/inverseSources`, unable to fetch targets owning source.[0m
2023.07.22 15:18:54 WARN  no build target for: /home/mrocco/workspace/fpscala/eg1010/src/main/scala/eg.worksheet.sc[0m
2023.07.22 15:18:54 INFO  time: evaluated worksheet 'eg.worksheet.sc' in 0.38s[0m
2023.07.22 15:19:06 WARN  sbt does not support `buildTarget/inverseSources`, unable to fetch targets owning source.[0m
2023.07.22 15:19:06 WARN  no build target for: /home/mrocco/workspace/fpscala/eg1010/src/main/scala/eg.worksheet.sc[0m
2023.07.22 15:19:06 INFO  time: evaluated worksheet 'eg.worksheet.sc' in 0.41s[0m
2023.07.22 15:19:21 WARN  sbt does not support `buildTarget/inverseSources`, unable to fetch targets owning source.[0m
2023.07.22 15:19:21 WARN  no build target for: /home/mrocco/workspace/fpscala/eg1010/src/main/scala/eg.worksheet.sc[0m
[31merror[39m: eg1010/src/main/scala/eg.worksheet.sc:10:17: Double.type does not take parameters
    def value = Double(numer) /Double(denom)
                ^^^^^^^^^^^^^
[31merror[39m: eg1010/src/main/scala/eg.worksheet.sc:10:32: Double.type does not take parameters
    def value = Double(numer) /Double(denom)
                               ^^^^^^^^^^^^^
2023.07.22 15:19:21 INFO  time: evaluated worksheet 'eg.worksheet.sc' in 0.12s[0m
2023.07.22 15:19:29 WARN  sbt does not support `buildTarget/inverseSources`, unable to fetch targets owning source.[0m
2023.07.22 15:19:29 WARN  no build target for: /home/mrocco/workspace/fpscala/eg1010/src/main/scala/eg.worksheet.sc[0m
[31merror[39m: eg1010/src/main/scala/eg.worksheet.sc:10:25: Double.type does not take parameters
    def value: Double = Double(numer) /Double(denom)
                        ^^^^^^^^^^^^^
[31merror[39m: eg1010/src/main/scala/eg.worksheet.sc:10:40: Double.type does not take parameters
    def value: Double = Double(numer) /Double(denom)
                                       ^^^^^^^^^^^^^
2023.07.22 15:19:29 INFO  time: evaluated worksheet 'eg.worksheet.sc' in 0.16s[0m
2023.07.22 15:20:15 WARN  sbt does not support `buildTarget/inverseSources`, unable to fetch targets owning source.[0m
2023.07.22 15:20:15 WARN  no build target for: /home/mrocco/workspace/fpscala/eg1010/src/main/scala/eg.worksheet.sc[0m
2023.07.22 15:20:15 INFO  time: evaluated worksheet 'eg.worksheet.sc' in 0.27s[0m
2023.07.22 15:22:27 WARN  sbt does not support `buildTarget/inverseSources`, unable to fetch targets owning source.[0m
2023.07.22 15:22:27 WARN  no build target for: /home/mrocco/workspace/fpscala/eg1010/src/main/scala/eg.worksheet.sc[0m
[31merror[39m: eg1010/src/main/scala/eg.worksheet.sc:17:1: illegal start of simple expression
val ar = new Rational(1, 2)
^^^
Jul 22, 2023 3:22:27 PM scala.meta.internal.pc.CompilerAccess handleError
SEVERE: A severe compiler error occurred, full details of the error can be found in the error report /home/mrocco/workspace/fpscala/.metals/.reports/metals-full/r_compiler-error_1690032147544
2023.07.22 15:22:27 INFO  time: evaluated worksheet 'eg.worksheet.sc' in 0.16s[0m
Jul 22, 2023 3:22:30 PM scala.meta.internal.pc.CompilerAccess handleError
SEVERE: A severe compiler error occurred, full details of the error can be found in the error report /home/mrocco/workspace/fpscala/.metals/.reports/metals-full/r_compiler-error_1690032150134
Jul 22, 2023 3:22:31 PM scala.meta.internal.pc.CompilerAccess handleError
SEVERE: A severe compiler error occurred, full details of the error can be found in the error report /home/mrocco/workspace/fpscala/.metals/.reports/metals-full/r_compiler-error_1690032151140
2023.07.22 15:22:31 WARN  sbt does not support `buildTarget/inverseSources`, unable to fetch targets owning source.[0m
2023.07.22 15:22:31 WARN  no build target for: /home/mrocco/workspace/fpscala/eg1010/src/main/scala/eg.worksheet.sc[0m
[31merror[39m: eg1010/src/main/scala/eg.worksheet.sc:19:1: not found: value ar
ar.value
^^
[31merror[39m: eg1010/src/main/scala/eg.worksheet.sc:20:1: not found: value ar
ar.numer
^^
2023.07.22 15:22:31 INFO  time: evaluated worksheet 'eg.worksheet.sc' in 0.11s[0m
2023.07.22 15:22:38 WARN  sbt does not support `buildTarget/inverseSources`, unable to fetch targets owning source.[0m
2023.07.22 15:22:38 WARN  no build target for: /home/mrocco/workspace/fpscala/eg1010/src/main/scala/eg.worksheet.sc[0m
2023.07.22 15:22:38 INFO  time: evaluated worksheet 'eg.worksheet.sc' in 0.31s[0m
2023.07.22 15:24:12 WARN  sbt does not support `buildTarget/inverseSources`, unable to fetch targets owning source.[0m
2023.07.22 15:24:12 WARN  no build target for: /home/mrocco/workspace/fpscala/eg1010/src/main/scala/eg.worksheet.sc[0m
[31merror[39m: eg1010/src/main/scala/eg.worksheet.sc:15:5: type mismatch;
 found   : Int
 required: MdocApp.this.Rational
    ((x.numer * y.denom)+(y.numer * y.denom))/ (x.denom * y.numer)
    ^^^^^^^^^^^^^^^^^^^^^^^^^^^^^^^^^^^^^^^^^^^^^^^^^^^^^^^^^^^^^^
2023.07.22 15:24:12 INFO  time: evaluated worksheet 'eg.worksheet.sc' in 0.14s[0m
2023.07.22 15:24:58 WARN  sbt does not support `buildTarget/inverseSources`, unable to fetch targets owning source.[0m
2023.07.22 15:24:58 WARN  no build target for: /home/mrocco/workspace/fpscala/eg1010/src/main/scala/eg.worksheet.sc[0m
2023.07.22 15:24:58 INFO  time: evaluated worksheet 'eg.worksheet.sc' in 0.26s[0m
2023.07.22 15:25:22 WARN  sbt does not support `buildTarget/inverseSources`, unable to fetch targets owning source.[0m
2023.07.22 15:25:22 WARN  no build target for: /home/mrocco/workspace/fpscala/eg1010/src/main/scala/eg.worksheet.sc[0m
2023.07.22 15:25:23 INFO  time: evaluated worksheet 'eg.worksheet.sc' in 0.22s[0m
2023.07.22 15:25:36 WARN  sbt does not support `buildTarget/inverseSources`, unable to fetch targets owning source.[0m
2023.07.22 15:25:36 WARN  no build target for: /home/mrocco/workspace/fpscala/eg1010/src/main/scala/eg.worksheet.sc[0m
2023.07.22 15:25:37 INFO  time: evaluated worksheet 'eg.worksheet.sc' in 0.26s[0m
Jul 22, 2023 3:26:17 PM org.eclipse.lsp4j.jsonrpc.RemoteEndpoint handleCancellation
WARNING: Unmatched cancel notification for request id 1328
2023.07.22 15:26:22 WARN  sbt does not support `buildTarget/inverseSources`, unable to fetch targets owning source.[0m
2023.07.22 15:26:22 WARN  no build target for: /home/mrocco/workspace/fpscala/eg1010/src/main/scala/eg.worksheet.sc[0m
2023.07.22 15:26:22 INFO  time: evaluated worksheet 'eg.worksheet.sc' in 0.29s[0m
Jul 22, 2023 3:26:37 PM org.eclipse.lsp4j.jsonrpc.RemoteEndpoint handleCancellation
WARNING: Unmatched cancel notification for request id 1362
2023.07.22 15:26:39 WARN  sbt does not support `buildTarget/inverseSources`, unable to fetch targets owning source.[0m
2023.07.22 15:26:39 WARN  no build target for: /home/mrocco/workspace/fpscala/eg1010/src/main/scala/eg.worksheet.sc[0m
2023.07.22 15:26:39 INFO  time: evaluated worksheet 'eg.worksheet.sc' in 0.27s[0m
2023.07.22 15:27:10 WARN  sbt does not support `buildTarget/inverseSources`, unable to fetch targets owning source.[0m
2023.07.22 15:27:10 WARN  no build target for: /home/mrocco/workspace/fpscala/eg1010/src/main/scala/eg.worksheet.sc[0m
2023.07.22 15:27:10 INFO  time: evaluated worksheet 'eg.worksheet.sc' in 0.24s[0m
Jul 22, 2023 3:27:39 PM scala.meta.internal.pc.CompilerAccess retryWithCleanCompiler
INFO: compiler crashed due to an error in the Scala compiler, retrying with new compiler instance.
Jul 22, 2023 3:27:39 PM scala.meta.internal.pc.CompilerAccess handleError
SEVERE: A severe compiler error occurred, full details of the error can be found in the error report /home/mrocco/workspace/fpscala/.metals/.reports/metals-full/r_compiler-error_1690032459836
Jul 22, 2023 3:29:02 PM org.eclipse.lsp4j.jsonrpc.RemoteEndpoint handleCancellation
WARNING: Unmatched cancel notification for request id 1602
2023.07.22 15:31:34 WARN  Using indexes to guess the definition of Rational[0m
2023.07.22 15:31:46 WARN  sbt does not support `buildTarget/inverseSources`, unable to fetch targets owning source.[0m
2023.07.22 15:31:46 WARN  no build target for: /home/mrocco/workspace/fpscala/eg1010/src/main/scala/eg.worksheet.sc[0m
2023.07.22 15:31:46 INFO  time: evaluated worksheet 'eg.worksheet.sc' in 0.28s[0m
2023.07.22 15:32:25 WARN  sbt does not support `buildTarget/inverseSources`, unable to fetch targets owning source.[0m
2023.07.22 15:32:25 WARN  no build target for: /home/mrocco/workspace/fpscala/eg1010/src/main/scala/eg.worksheet.sc[0m
[31merror[39m: eg1010/src/main/scala/eg.worksheet.sc:15:5: not found: value Rational
    Rational(((x.numer * y.denom)+(y.numer * x.denom)),  (x.denom * y.denom))
    ^^^^^^^^
2023.07.22 15:32:25 INFO  time: evaluated worksheet 'eg.worksheet.sc' in 0.14s[0m
Jul 22, 2023 3:33:35 PM org.eclipse.lsp4j.jsonrpc.RemoteEndpoint fallbackResponseError
SEVERE: Internal error: java.lang.UnsupportedOperationException: tail of empty list
java.util.concurrent.CompletionException: java.lang.UnsupportedOperationException: tail of empty list
	at java.base/java.util.concurrent.CompletableFuture.encodeThrowable(CompletableFuture.java:331)
	at java.base/java.util.concurrent.CompletableFuture.completeThrowable(CompletableFuture.java:346)
	at java.base/java.util.concurrent.CompletableFuture$UniAccept.tryFire(CompletableFuture.java:704)
	at java.base/java.util.concurrent.CompletableFuture.postComplete(CompletableFuture.java:506)
	at java.base/java.util.concurrent.CompletableFuture.completeExceptionally(CompletableFuture.java:2088)
	at scala.meta.internal.metals.CancelTokens$.$anonfun$future$1(CancelTokens.scala:40)
	at scala.meta.internal.metals.CancelTokens$.$anonfun$future$1$adapted(CancelTokens.scala:38)
	at scala.concurrent.impl.Promise$Transformation.run(Promise.scala:484)
	at java.base/java.util.concurrent.ThreadPoolExecutor.runWorker(ThreadPoolExecutor.java:1128)
	at java.base/java.util.concurrent.ThreadPoolExecutor$Worker.run(ThreadPoolExecutor.java:628)
	at java.base/java.lang.Thread.run(Thread.java:829)
Caused by: java.lang.UnsupportedOperationException: tail of empty list
	at scala.collection.immutable.Nil$.tail(List.scala:664)
	at scala.collection.immutable.Nil$.tail(List.scala:661)
	at scala.meta.internal.metals.codeactions.CreateCompanionObjectCodeAction.$anonfun$endPosOfTree$1(CreateCompanionObjectCodeAction.scala:77)
	at scala.Option.flatMap(Option.scala:283)
	at scala.meta.internal.metals.codeactions.CreateCompanionObjectCodeAction.endPosOfTree(CreateCompanionObjectCodeAction.scala:75)
	at scala.meta.internal.metals.codeactions.CreateCompanionObjectCodeAction.$anonfun$contribute$5(CreateCompanionObjectCodeAction.scala:61)
	at scala.Option.map(Option.scala:242)
	at scala.meta.internal.metals.codeactions.CreateCompanionObjectCodeAction.$anonfun$contribute$4(CreateCompanionObjectCodeAction.scala:58)
	at scala.Option$WithFilter.flatMap(Option.scala:283)
	at scala.meta.internal.metals.codeactions.CreateCompanionObjectCodeAction.$anonfun$contribute$2(CreateCompanionObjectCodeAction.scala:56)
	at scala.Option.flatMap(Option.scala:283)
	at scala.meta.internal.metals.codeactions.CreateCompanionObjectCodeAction.$anonfun$contribute$1(CreateCompanionObjectCodeAction.scala:55)
	at scala.concurrent.Future$.$anonfun$apply$1(Future.scala:687)
	at scala.concurrent.impl.Promise$Transformation.run(Promise.scala:467)
	... 3 more

2023.07.22 15:33:38 WARN  sbt does not support `buildTarget/inverseSources`, unable to fetch targets owning source.[0m
2023.07.22 15:33:38 WARN  no build target for: /home/mrocco/workspace/fpscala/eg1010/src/main/scala/eg.worksheet.sc[0m
[31merror[39m: eg1010/src/main/scala/eg.worksheet.sc:16:5: not found: value Rational
    Rational(((x.numer * y.denom)+(y.numer * x.denom)),  (x.denom * y.denom))
    ^^^^^^^^
2023.07.22 15:33:38 INFO  time: evaluated worksheet 'eg.worksheet.sc' in 0.18s[0m
2023.07.22 15:33:47 WARN  sbt does not support `buildTarget/inverseSources`, unable to fetch targets owning source.[0m
2023.07.22 15:33:47 WARN  no build target for: /home/mrocco/workspace/fpscala/eg1010/src/main/scala/eg.worksheet.sc[0m
2023.07.22 15:33:48 INFO  time: evaluated worksheet 'eg.worksheet.sc' in 0.24s[0m
2023.07.22 15:33:59 WARN  sbt does not support `buildTarget/inverseSources`, unable to fetch targets owning source.[0m
2023.07.22 15:33:59 WARN  no build target for: /home/mrocco/workspace/fpscala/eg1010/src/main/scala/eg.worksheet.sc[0m
2023.07.22 15:33:59 INFO  time: evaluated worksheet 'eg.worksheet.sc' in 0.24s[0m
2023.07.22 15:34:16 WARN  sbt does not support `buildTarget/inverseSources`, unable to fetch targets owning source.[0m
2023.07.22 15:34:16 WARN  no build target for: /home/mrocco/workspace/fpscala/eg1010/src/main/scala/eg.worksheet.sc[0m
2023.07.22 15:34:16 INFO  time: evaluated worksheet 'eg.worksheet.sc' in 0.24s[0m
2023.07.22 15:34:25 WARN  sbt does not support `buildTarget/inverseSources`, unable to fetch targets owning source.[0m
2023.07.22 15:34:25 WARN  no build target for: /home/mrocco/workspace/fpscala/eg1010/src/main/scala/eg.worksheet.sc[0m
2023.07.22 15:34:25 INFO  time: evaluated worksheet 'eg.worksheet.sc' in 0.19s[0m
2023.07.22 15:34:29 WARN  sbt does not support `buildTarget/inverseSources`, unable to fetch targets owning source.[0m
2023.07.22 15:34:29 WARN  no build target for: /home/mrocco/workspace/fpscala/eg1010/src/main/scala/eg.worksheet.sc[0m
2023.07.22 15:34:29 INFO  time: evaluated worksheet 'eg.worksheet.sc' in 0.2s[0m
Jul 22, 2023 4:07:40 PM org.eclipse.lsp4j.jsonrpc.services.GenericEndpoint notify
INFO: Unsupported notification method: $/setTrace
2023.07.22 16:08:52 WARN  Using indexes to guess the definition of Rational[0m
Jul 22, 2023 4:09:06 PM org.eclipse.lsp4j.jsonrpc.RemoteEndpoint handleCancellation
WARNING: Unmatched cancel notification for request id 2388
2023.07.22 16:09:42 WARN  Using indexes to guess the definition of denom[0m
2023.07.22 16:09:51 WARN  sbt does not support `buildTarget/inverseSources`, unable to fetch targets owning source.[0m
2023.07.22 16:09:51 WARN  no build target for: /home/mrocco/workspace/fpscala/eg1010/src/main/scala/eg.worksheet.sc[0m
[31merror[39m: eg1010/src/main/scala/eg.worksheet.sc:13:9: not found: value Rational
        Rational(((numer * r.denom)+(r.numer * denom)),  (denom * r.denom))
        ^^^^^^^^
2023.07.22 16:09:52 INFO  time: evaluated worksheet 'eg.worksheet.sc' in 0.2s[0m
2023.07.22 16:09:56 WARN  sbt does not support `buildTarget/inverseSources`, unable to fetch targets owning source.[0m
2023.07.22 16:09:56 WARN  no build target for: /home/mrocco/workspace/fpscala/eg1010/src/main/scala/eg.worksheet.sc[0m
2023.07.22 16:09:56 INFO  time: evaluated worksheet 'eg.worksheet.sc' in 0.25s[0m
2023.07.22 16:10:27 WARN  sbt does not support `buildTarget/inverseSources`, unable to fetch targets owning source.[0m
2023.07.22 16:10:27 WARN  no build target for: /home/mrocco/workspace/fpscala/eg1010/src/main/scala/eg.worksheet.sc[0m
2023.07.22 16:10:27 INFO  time: evaluated worksheet 'eg.worksheet.sc' in 0.19s[0m
2023.07.22 16:10:40 WARN  sbt does not support `buildTarget/inverseSources`, unable to fetch targets owning source.[0m
2023.07.22 16:10:40 WARN  no build target for: /home/mrocco/workspace/fpscala/eg1010/src/main/scala/eg.worksheet.sc[0m
[31merror[39m: eg1010/src/main/scala/eg.worksheet.sc:6:31: ; expected but : found
class Rational(x: Int, y: Int):
                              ^
Jul 22, 2023 4:10:40 PM scala.meta.internal.pc.CompilerAccess handleError
SEVERE: A severe compiler error occurred, full details of the error can be found in the error report /home/mrocco/workspace/fpscala/.metals/.reports/metals-full/r_compiler-error_1690035040869
2023.07.22 16:10:40 INFO  time: evaluated worksheet 'eg.worksheet.sc' in 0.11s[0m
Jul 22, 2023 4:10:43 PM scala.meta.internal.pc.CompilerAccess handleError
SEVERE: A severe compiler error occurred, full details of the error can be found in the error report /home/mrocco/workspace/fpscala/.metals/.reports/metals-full/r_compiler-error_1690035043615
Jul 22, 2023 4:10:44 PM scala.meta.internal.pc.CompilerAccess handleError
SEVERE: A severe compiler error occurred, full details of the error can be found in the error report /home/mrocco/workspace/fpscala/.metals/.reports/metals-full/r_compiler-error_1690035044594
Jul 22, 2023 4:10:45 PM scala.meta.internal.pc.CompilerAccess handleError
SEVERE: A severe compiler error occurred, full details of the error can be found in the error report /home/mrocco/workspace/fpscala/.metals/.reports/metals-full/r_compiler-error_1690035045774
Jul 22, 2023 4:10:47 PM scala.meta.internal.pc.CompilerAccess handleError
SEVERE: A severe compiler error occurred, full details of the error can be found in the error report /home/mrocco/workspace/fpscala/.metals/.reports/metals-full/r_compiler-error_1690035047483
Jul 22, 2023 4:10:49 PM scala.meta.internal.pc.CompilerAccess handleError
SEVERE: A severe compiler error occurred, full details of the error can be found in the error report /home/mrocco/workspace/fpscala/.metals/.reports/metals-full/r_compiler-error_1690035049074
Jul 22, 2023 4:10:50 PM scala.meta.internal.pc.CompilerAccess handleError
SEVERE: A severe compiler error occurred, full details of the error can be found in the error report /home/mrocco/workspace/fpscala/.metals/.reports/metals-full/r_compiler-error_1690035050002
Jul 22, 2023 4:10:51 PM scala.meta.internal.pc.CompilerAccess handleError
SEVERE: A severe compiler error occurred, full details of the error can be found in the error report /home/mrocco/workspace/fpscala/.metals/.reports/metals-full/r_compiler-error_1690035051225
Jul 22, 2023 4:10:52 PM scala.meta.internal.pc.CompilerAccess handleError
SEVERE: A severe compiler error occurred, full details of the error can be found in the error report /home/mrocco/workspace/fpscala/.metals/.reports/metals-full/r_compiler-error_1690035052102
Jul 22, 2023 4:10:56 PM scala.meta.internal.pc.CompilerAccess handleError
SEVERE: A severe compiler error occurred, full details of the error can be found in the error report /home/mrocco/workspace/fpscala/.metals/.reports/metals-full/r_compiler-error_1690035056720
Jul 22, 2023 4:10:58 PM scala.meta.internal.pc.CompilerAccess handleError
SEVERE: A severe compiler error occurred, full details of the error can be found in the error report /home/mrocco/workspace/fpscala/.metals/.reports/metals-full/r_compiler-error_1690035058127
Jul 22, 2023 4:10:59 PM scala.meta.internal.pc.CompilerAccess handleError
SEVERE: A severe compiler error occurred, full details of the error can be found in the error report /home/mrocco/workspace/fpscala/.metals/.reports/metals-full/r_compiler-error_1690035059436
Jul 22, 2023 4:11:00 PM scala.meta.internal.pc.CompilerAccess handleError
SEVERE: A severe compiler error occurred, full details of the error can be found in the error report /home/mrocco/workspace/fpscala/.metals/.reports/metals-full/r_compiler-error_1690035060296
Jul 22, 2023 4:11:02 PM scala.meta.internal.pc.CompilerAccess handleError
SEVERE: A severe compiler error occurred, full details of the error can be found in the error report /home/mrocco/workspace/fpscala/.metals/.reports/metals-full/r_compiler-error_1690035062126
Jul 22, 2023 4:11:03 PM scala.meta.internal.pc.CompilerAccess handleError
SEVERE: A severe compiler error occurred, full details of the error can be found in the error report /home/mrocco/workspace/fpscala/.metals/.reports/metals-full/r_compiler-error_1690035063153
Jul 22, 2023 4:11:03 PM scala.meta.internal.pc.CompilerAccess handleError
SEVERE: A severe compiler error occurred, full details of the error can be found in the error report /home/mrocco/workspace/fpscala/.metals/.reports/metals-full/r_compiler-error_1690035063742
Jul 22, 2023 4:11:04 PM scala.meta.internal.pc.CompilerAccess handleError
SEVERE: A severe compiler error occurred, full details of the error can be found in the error report /home/mrocco/workspace/fpscala/.metals/.reports/metals-full/r_compiler-error_1690035064647
Jul 22, 2023 4:11:05 PM scala.meta.internal.pc.CompilerAccess handleError
SEVERE: A severe compiler error occurred, full details of the error can be found in the error report /home/mrocco/workspace/fpscala/.metals/.reports/metals-full/r_compiler-error_1690035065171
Jul 22, 2023 4:11:06 PM scala.meta.internal.pc.CompilerAccess handleError
SEVERE: A severe compiler error occurred, full details of the error can be found in the error report /home/mrocco/workspace/fpscala/.metals/.reports/metals-full/r_compiler-error_1690035066784
Jul 22, 2023 4:11:07 PM scala.meta.internal.pc.CompilerAccess handleError
SEVERE: A severe compiler error occurred, full details of the error can be found in the error report /home/mrocco/workspace/fpscala/.metals/.reports/metals-full/r_compiler-error_1690035067657
Jul 22, 2023 4:11:12 PM scala.meta.internal.pc.CompilerAccess handleError
SEVERE: A severe compiler error occurred, full details of the error can be found in the error report /home/mrocco/workspace/fpscala/.metals/.reports/metals-full/r_compiler-error_1690035072742
Jul 22, 2023 4:11:13 PM scala.meta.internal.pc.CompilerAccess handleError
SEVERE: A severe compiler error occurred, full details of the error can be found in the error report /home/mrocco/workspace/fpscala/.metals/.reports/metals-full/r_compiler-error_1690035073669
Jul 22, 2023 4:11:14 PM scala.meta.internal.pc.CompilerAccess handleError
SEVERE: A severe compiler error occurred, full details of the error can be found in the error report /home/mrocco/workspace/fpscala/.metals/.reports/metals-full/r_compiler-error_1690035074112
Jul 22, 2023 4:11:16 PM scala.meta.internal.pc.CompilerAccess handleError
SEVERE: A severe compiler error occurred, full details of the error can be found in the error report /home/mrocco/workspace/fpscala/.metals/.reports/metals-full/r_compiler-error_1690035076202
Jul 22, 2023 4:11:16 PM scala.meta.internal.pc.CompilerAccess handleError
SEVERE: A severe compiler error occurred, full details of the error can be found in the error report /home/mrocco/workspace/fpscala/.metals/.reports/metals-full/r_compiler-error_1690035076893
Jul 22, 2023 4:11:18 PM scala.meta.internal.pc.CompilerAccess handleError
SEVERE: A severe compiler error occurred, full details of the error can be found in the error report /home/mrocco/workspace/fpscala/.metals/.reports/metals-full/r_compiler-error_1690035078212
Jul 22, 2023 4:11:19 PM scala.meta.internal.pc.CompilerAccess handleError
SEVERE: A severe compiler error occurred, full details of the error can be found in the error report /home/mrocco/workspace/fpscala/.metals/.reports/metals-full/r_compiler-error_1690035079544
Jul 22, 2023 4:11:21 PM scala.meta.internal.pc.CompilerAccess handleError
SEVERE: A severe compiler error occurred, full details of the error can be found in the error report /home/mrocco/workspace/fpscala/.metals/.reports/metals-full/r_compiler-error_1690035081466
Jul 22, 2023 4:11:22 PM scala.meta.internal.pc.CompilerAccess handleError
SEVERE: A severe compiler error occurred, full details of the error can be found in the error report /home/mrocco/workspace/fpscala/.metals/.reports/metals-full/r_compiler-error_1690035082161
2023.07.22 16:11:22 WARN  sbt does not support `buildTarget/inverseSources`, unable to fetch targets owning source.[0m
2023.07.22 16:11:22 WARN  no build target for: /home/mrocco/workspace/fpscala/eg1010/src/main/scala/eg.worksheet.sc[0m
[31merror[39m: eg1010/src/main/scala/eg.worksheet.sc:16:1: not found: value Rational
Rational(1,2).add(Rational(1,2)).toString
^^^^^^^^
[31merror[39m: eg1010/src/main/scala/eg.worksheet.sc:16:19: not found: value Rational
Rational(1,2).add(Rational(1,2)).toString
                  ^^^^^^^^
2023.07.22 16:11:22 INFO  time: evaluated worksheet 'eg.worksheet.sc' in 0.16s[0m
2023.07.22 16:11:42 WARN  sbt does not support `buildTarget/inverseSources`, unable to fetch targets owning source.[0m
2023.07.22 16:11:42 WARN  no build target for: /home/mrocco/workspace/fpscala/eg1010/src/main/scala/eg.worksheet.sc[0m
2023.07.22 16:11:42 INFO  time: evaluated worksheet 'eg.worksheet.sc' in 0.26s[0m
2023.07.22 16:12:46 WARN  sbt does not support `buildTarget/inverseSources`, unable to fetch targets owning source.[0m
2023.07.22 16:12:46 WARN  no build target for: /home/mrocco/workspace/fpscala/eg1010/src/main/scala/eg.worksheet.sc[0m
2023.07.22 16:12:47 INFO  time: evaluated worksheet 'eg.worksheet.sc' in 0.23s[0m
2023.07.22 16:13:01 WARN  sbt does not support `buildTarget/inverseSources`, unable to fetch targets owning source.[0m
2023.07.22 16:13:01 WARN  no build target for: /home/mrocco/workspace/fpscala/eg1010/src/main/scala/eg.worksheet.sc[0m
2023.07.22 16:13:01 INFO  time: evaluated worksheet 'eg.worksheet.sc' in 0.23s[0m
Jul 22, 2023 4:13:27 PM org.eclipse.lsp4j.jsonrpc.RemoteEndpoint handleCancellation
WARNING: Unmatched cancel notification for request id 2847
Jul 22, 2023 4:13:30 PM scala.meta.internal.pc.CompilerAccess retryWithCleanCompiler
INFO: compiler crashed due to an error in the Scala compiler, retrying with new compiler instance.
Jul 22, 2023 4:13:30 PM scala.meta.internal.pc.CompilerAccess handleError
SEVERE: A severe compiler error occurred, full details of the error can be found in the error report /home/mrocco/workspace/fpscala/.metals/.reports/metals-full/r_compiler-error_1690035210144
2023.07.22 16:14:14 WARN  sbt does not support `buildTarget/inverseSources`, unable to fetch targets owning source.[0m
2023.07.22 16:14:14 WARN  no build target for: /home/mrocco/workspace/fpscala/eg1010/src/main/scala/eg.worksheet.sc[0m
2023.07.22 16:14:15 INFO  time: evaluated worksheet 'eg.worksheet.sc' in 0.24s[0m
2023.07.22 16:14:23 WARN  sbt does not support `buildTarget/inverseSources`, unable to fetch targets owning source.[0m
2023.07.22 16:14:23 WARN  no build target for: /home/mrocco/workspace/fpscala/eg1010/src/main/scala/eg.worksheet.sc[0m
2023.07.22 16:14:23 INFO  time: evaluated worksheet 'eg.worksheet.sc' in 0.21s[0m
2023.07.22 16:15:06 WARN  sbt does not support `buildTarget/inverseSources`, unable to fetch targets owning source.[0m
2023.07.22 16:15:06 WARN  no build target for: /home/mrocco/workspace/fpscala/eg1010/src/main/scala/eg.worksheet.sc[0m
[31merror[39m: eg1010/src/main/scala/eg.worksheet.sc:22:9: not found: value Rational
val x = Rational(1,3)
        ^^^^^^^^
[31merror[39m: eg1010/src/main/scala/eg.worksheet.sc:23:9: not found: value Rational
val y = Rational(5,7)
        ^^^^^^^^
[31merror[39m: eg1010/src/main/scala/eg.worksheet.sc:24:9: not found: value Rational
val z = Rational(3,2)
        ^^^^^^^^
2023.07.22 16:15:06 INFO  time: evaluated worksheet 'eg.worksheet.sc' in 0.17s[0m
2023.07.22 16:15:19 WARN  sbt does not support `buildTarget/inverseSources`, unable to fetch targets owning source.[0m
2023.07.22 16:15:19 WARN  no build target for: /home/mrocco/workspace/fpscala/eg1010/src/main/scala/eg.worksheet.sc[0m
2023.07.22 16:15:19 INFO  time: evaluated worksheet 'eg.worksheet.sc' in 0.28s[0m
2023.07.22 16:15:44 WARN  sbt does not support `buildTarget/inverseSources`, unable to fetch targets owning source.[0m
2023.07.22 16:15:44 WARN  no build target for: /home/mrocco/workspace/fpscala/eg1010/src/main/scala/eg.worksheet.sc[0m
2023.07.22 16:15:44 INFO  time: evaluated worksheet 'eg.worksheet.sc' in 0.25s[0m
2023.07.22 16:16:32 WARN  sbt does not support `buildTarget/inverseSources`, unable to fetch targets owning source.[0m
2023.07.22 16:16:32 WARN  no build target for: /home/mrocco/workspace/fpscala/eg1010/src/main/scala/eg.worksheet.sc[0m
[31merror[39m: eg1010/src/main/scala/eg.worksheet.sc:6:31: ; expected but : found
class Rational(x: Int, y: Int):
                              ^
Jul 22, 2023 4:16:32 PM scala.meta.internal.pc.CompilerAccess handleError
SEVERE: A severe compiler error occurred, full details of the error can be found in the error report /home/mrocco/workspace/fpscala/.metals/.reports/metals-full/r_compiler-error_1690035392700
2023.07.22 16:16:32 INFO  time: evaluated worksheet 'eg.worksheet.sc' in 99ms[0m
Jul 22, 2023 4:16:34 PM scala.meta.internal.pc.CompilerAccess handleError
SEVERE: A severe compiler error occurred, full details of the error can be found in the error report /home/mrocco/workspace/fpscala/.metals/.reports/metals-full/r_compiler-error_1690035394811
Jul 22, 2023 4:16:37 PM scala.meta.internal.pc.CompilerAccess handleError
SEVERE: A severe compiler error occurred, full details of the error can be found in the error report /home/mrocco/workspace/fpscala/.metals/.reports/metals-full/r_compiler-error_1690035397651
2023.07.22 16:16:39 WARN  sbt does not support `buildTarget/inverseSources`, unable to fetch targets owning source.[0m
2023.07.22 16:16:39 WARN  no build target for: /home/mrocco/workspace/fpscala/eg1010/src/main/scala/eg.worksheet.sc[0m
[31merror[39m: eg1010/src/main/scala/eg.worksheet.sc:6:31: ; expected but : found
class Rational(x: Int, y: Int):
                              ^
Jul 22, 2023 4:16:39 PM scala.meta.internal.pc.CompilerAccess handleError
SEVERE: A severe compiler error occurred, full details of the error can be found in the error report /home/mrocco/workspace/fpscala/.metals/.reports/metals-full/r_compiler-error_1690035399260
2023.07.22 16:16:39 INFO  time: evaluated worksheet 'eg.worksheet.sc' in 0.13s[0m
Jul 22, 2023 4:16:41 PM scala.meta.internal.pc.CompilerAccess handleError
SEVERE: A severe compiler error occurred, full details of the error can be found in the error report /home/mrocco/workspace/fpscala/.metals/.reports/metals-full/r_compiler-error_1690035401571
Jul 22, 2023 4:16:42 PM scala.meta.internal.pc.CompilerAccess handleError
SEVERE: A severe compiler error occurred, full details of the error can be found in the error report /home/mrocco/workspace/fpscala/.metals/.reports/metals-full/r_compiler-error_1690035402628
Jul 22, 2023 4:16:43 PM scala.meta.internal.pc.CompilerAccess handleError
SEVERE: A severe compiler error occurred, full details of the error can be found in the error report /home/mrocco/workspace/fpscala/.metals/.reports/metals-full/r_compiler-error_1690035403756
Jul 22, 2023 4:16:45 PM scala.meta.internal.pc.CompilerAccess handleError
SEVERE: A severe compiler error occurred, full details of the error can be found in the error report /home/mrocco/workspace/fpscala/.metals/.reports/metals-full/r_compiler-error_1690035405301
Jul 22, 2023 4:16:46 PM scala.meta.internal.pc.CompilerAccess handleError
SEVERE: A severe compiler error occurred, full details of the error can be found in the error report /home/mrocco/workspace/fpscala/.metals/.reports/metals-full/r_compiler-error_1690035406365
Jul 22, 2023 4:16:47 PM scala.meta.internal.pc.CompilerAccess handleError
SEVERE: A severe compiler error occurred, full details of the error can be found in the error report /home/mrocco/workspace/fpscala/.metals/.reports/metals-full/r_compiler-error_1690035407541
Jul 22, 2023 4:16:48 PM scala.meta.internal.pc.CompilerAccess handleError
SEVERE: A severe compiler error occurred, full details of the error can be found in the error report /home/mrocco/workspace/fpscala/.metals/.reports/metals-full/r_compiler-error_1690035408625
Jul 22, 2023 4:16:49 PM scala.meta.internal.pc.CompilerAccess handleError
SEVERE: A severe compiler error occurred, full details of the error can be found in the error report /home/mrocco/workspace/fpscala/.metals/.reports/metals-full/r_compiler-error_1690035409551
Jul 22, 2023 4:16:51 PM scala.meta.internal.pc.CompilerAccess handleError
SEVERE: A severe compiler error occurred, full details of the error can be found in the error report /home/mrocco/workspace/fpscala/.metals/.reports/metals-full/r_compiler-error_1690035411247
2023.07.22 16:16:51 WARN  sbt does not support `buildTarget/inverseSources`, unable to fetch targets owning source.[0m
2023.07.22 16:16:51 WARN  no build target for: /home/mrocco/workspace/fpscala/eg1010/src/main/scala/eg.worksheet.sc[0m
2023.07.22 16:16:51 INFO  time: evaluated worksheet 'eg.worksheet.sc' in 0.34s[0m
Jul 22, 2023 4:18:09 PM org.eclipse.lsp4j.jsonrpc.RemoteEndpoint handleCancellation
WARNING: Unmatched cancel notification for request id 3482
Jul 22, 2023 4:18:12 PM scala.meta.internal.pc.CompilerAccess retryWithCleanCompiler
INFO: compiler crashed due to an error in the Scala compiler, retrying with new compiler instance.
Jul 22, 2023 4:18:12 PM scala.meta.internal.pc.CompilerAccess handleError
SEVERE: A severe compiler error occurred, full details of the error can be found in the error report /home/mrocco/workspace/fpscala/.metals/.reports/metals-full/r_compiler-error_1690035492125
Jul 22, 2023 4:19:39 PM scala.meta.internal.pc.CompilerAccess retryWithCleanCompiler
INFO: compiler crashed due to an error in the Scala compiler, retrying with new compiler instance.
Jul 22, 2023 4:19:39 PM scala.meta.internal.pc.CompilerAccess handleError
SEVERE: A severe compiler error occurred, full details of the error can be found in the error report /home/mrocco/workspace/fpscala/.metals/.reports/metals-full/r_compiler-error_1690035579185
Jul 22, 2023 4:21:46 PM scala.meta.internal.pc.CompilerAccess handleError
SEVERE: A severe compiler error occurred, full details of the error can be found in the error report /home/mrocco/workspace/fpscala/.metals/.reports/metals-full/r_compiler-error_1690035706328
Jul 22, 2023 4:21:49 PM org.eclipse.lsp4j.jsonrpc.RemoteEndpoint handleCancellation
WARNING: Unmatched cancel notification for request id 3854
2023.07.22 16:21:56 WARN  sbt does not support `buildTarget/inverseSources`, unable to fetch targets owning source.[0m
2023.07.22 16:21:56 WARN  no build target for: /home/mrocco/workspace/fpscala/eg1010/src/main/scala/eg.worksheet.sc[0m
2023.07.22 16:21:56 INFO  time: evaluated worksheet 'eg.worksheet.sc' in 0.29s[0m
2023.07.22 16:22:03 WARN  sbt does not support `buildTarget/inverseSources`, unable to fetch targets owning source.[0m
2023.07.22 16:22:03 WARN  no build target for: /home/mrocco/workspace/fpscala/eg1010/src/main/scala/eg.worksheet.sc[0m
2023.07.22 16:22:03 INFO  time: evaluated worksheet 'eg.worksheet.sc' in 0.31s[0m
2023.07.22 16:22:15 WARN  sbt does not support `buildTarget/inverseSources`, unable to fetch targets owning source.[0m
2023.07.22 16:22:15 WARN  no build target for: /home/mrocco/workspace/fpscala/eg1010/src/main/scala/eg.worksheet.sc[0m
2023.07.22 16:22:15 INFO  time: evaluated worksheet 'eg.worksheet.sc' in 0.27s[0m
2023.07.22 16:22:30 WARN  sbt does not support `buildTarget/inverseSources`, unable to fetch targets owning source.[0m
2023.07.22 16:22:30 WARN  no build target for: /home/mrocco/workspace/fpscala/eg1010/src/main/scala/eg.worksheet.sc[0m
[31merror[39m: eg1010/src/main/scala/eg.worksheet.sc:34:1: value - is not a member of MdocApp.this.Rational
z - x
^^^
2023.07.22 16:22:30 INFO  time: evaluated worksheet 'eg.worksheet.sc' in 0.2s[0m
2023.07.22 16:22:36 WARN  sbt does not support `buildTarget/inverseSources`, unable to fetch targets owning source.[0m
2023.07.22 16:22:36 WARN  no build target for: /home/mrocco/workspace/fpscala/eg1010/src/main/scala/eg.worksheet.sc[0m
2023.07.22 16:22:37 INFO  time: evaluated worksheet 'eg.worksheet.sc' in 0.27s[0m
2023.07.22 16:23:16 WARN  sbt does not support `buildTarget/inverseSources`, unable to fetch targets owning source.[0m
2023.07.22 16:23:16 WARN  no build target for: /home/mrocco/workspace/fpscala/eg1010/src/main/scala/eg.worksheet.sc[0m
2023.07.22 16:23:16 INFO  time: evaluated worksheet 'eg.worksheet.sc' in 0.33s[0m
Jul 22, 2023 8:38:37 PM org.eclipse.lsp4j.jsonrpc.RemoteEndpoint handleCancellation
WARNING: Unmatched cancel notification for request id 4119
Jul 23, 2023 6:38:29 AM org.eclipse.lsp4j.jsonrpc.RemoteEndpoint handleCancellation
WARNING: Unmatched cancel notification for request id 4135
Jul 23, 2023 4:38:31 PM org.eclipse.lsp4j.jsonrpc.RemoteEndpoint handleCancellation
WARNING: Unmatched cancel notification for request id 4151
Jul 23, 2023 8:38:18 PM org.eclipse.lsp4j.jsonrpc.RemoteEndpoint handleCancellation
WARNING: Unmatched cancel notification for request id 4161
2023.07.24 09:03:54 INFO  time: code lens generation in 2.38s[0m
2023.07.24 15:23:32 INFO  time: code lens generation in 2.48s[0m
2023.07.24 17:50:16 INFO  time: code lens generation in 2.73s[0m
2023.07.24 17:50:16 INFO  time: code lens generation in 2.81s[0m
2023.07.25 00:59:40 INFO  time: code lens generation in 1.92s[0m
                                                                                                                                                                                                                                                2023.07.25 12:30:51 INFO  Started: Metals version 1.0.0 in folders '/home/mrocco/workspace/fpscala' for client Visual Studio Code 1.80.1.[0m
Jul 25, 2023 12:30:51 PM org.flywaydb.core.internal.license.VersionPrinter printVersionOnly
INFO: Flyway Community Edition 9.20.1 by Redgate
Jul 25, 2023 12:30:51 PM org.flywaydb.core.internal.license.VersionPrinter printVersion
INFO: See release notes here: https://rd.gt/416ObMi
Jul 25, 2023 12:30:51 PM org.flywaydb.core.internal.license.VersionPrinter printVersion
INFO: 
Jul 25, 2023 12:30:52 PM org.flywaydb.core.internal.database.base.BaseDatabaseType createDatabase
INFO: Database: jdbc:h2:file:/home/mrocco/workspace/fpscala/.metals/metals (H2 2.1)
Jul 25, 2023 12:30:52 PM org.flywaydb.core.internal.command.DbValidate validate
INFO: Successfully validated 4 migrations (execution time 00:00.112s)
Jul 25, 2023 12:30:52 PM org.flywaydb.core.internal.command.DbMigrate migrateGroup
INFO: Current version of schema "PUBLIC": 4
Jul 25, 2023 12:30:53 PM org.flywaydb.core.internal.command.DbMigrate logSummary
INFO: Schema "PUBLIC" is up to date. No migration necessary.
2023.07.25 12:30:53 INFO  time: initialize in 1.85s[0m
2023.07.25 12:30:57 INFO  Attempting to connect to the build server...[0m
2023.07.25 12:30:57 INFO  Running BSP server List(/usr/lib/jvm/java-11-openjdk-11.0.19.0.7-1.fc38.x86_64/bin/java, -Xms100m, -Xmx100m, -classpath, /home/mrocco/.cache/coursier/arc/https/github.com/sbt/sbt/releases/download/v1.9.1/sbt-1.9.1.zip/sbt/bin/sbt-launch.jar, -Dsbt.script=/home/mrocco/.cache/coursier/arc/https/github.com/sbt/sbt/releases/download/v1.9.1/sbt-1.9.1.zip/sbt/bin/sbt, xsbt.boot.Boot, -bsp)[0m
2023.07.25 12:30:57 INFO  tracing is disabled for protocol BSP, to enable tracing of incoming and outgoing JSON messages create an empty file at /home/mrocco/workspace/fpscala/.metals/bsp.trace.json or /home/mrocco/.cache/metals/bsp.trace.json[0m
2023.07.25 12:30:58 WARN  No build session currently active to reload.[0m
2023.07.25 12:31:02 INFO  time: Connected to build server in 4.79s[0m
2023.07.25 12:31:02 INFO  Connected to Build server: sbt v1.9.1[0m
2023.07.25 12:31:06 INFO  no build target found for /home/mrocco/workspace/fpscala/eg1010/src/main/scala/eg.worksheet.sc. Using presentation compiler with project's scala-library version: 3.3.0[0m
2023.07.25 12:31:06 INFO  time: code lens generation in 9.72s[0m
2023.07.25 12:31:07 INFO  Processing workspace/buildTargets[0m
2023.07.25 12:31:07 INFO  Processing buildTarget/scalacOptions[0m
2023.07.25 12:31:07 INFO  Processing buildTarget/sources[0m
2023.07.25 12:31:07 INFO  Processing buildTarget/dependencySources[0m
2023.07.25 12:31:08 INFO  time: Imported build in 1.14s[0m
2023.07.25 12:31:11 WARN  Could not find java sources in /usr/lib/jvm/src.zip, /usr/lib/jvm/lib/src.zip, /usr/lib/jvm/java-11-openjdk-11.0.19.0.7-1.fc38.x86_64/src.zip, /usr/lib/jvm/java-11-openjdk-11.0.19.0.7-1.fc38.x86_64/lib/src.zip, /usr/lib/jvm/src.zip, /usr/lib/jvm/lib/src.zip, /usr/lib/jvm/java-11-openjdk-11.0.19.0.7-1.fc38.x86_64/src.zip, /usr/lib/jvm/java-11-openjdk-11.0.19.0.7-1.fc38.x86_64/lib/src.zip. Java symbols will not be available.[0m
2023.07.25 12:31:11 WARN  Could not find java sources in /usr/lib/jvm/src.zip, /usr/lib/jvm/lib/src.zip, /usr/lib/jvm/java-11-openjdk-11.0.19.0.7-1.fc38.x86_64/src.zip, /usr/lib/jvm/java-11-openjdk-11.0.19.0.7-1.fc38.x86_64/lib/src.zip, /usr/lib/jvm/src.zip, /usr/lib/jvm/lib/src.zip, /usr/lib/jvm/java-11-openjdk-11.0.19.0.7-1.fc38.x86_64/src.zip, /usr/lib/jvm/java-11-openjdk-11.0.19.0.7-1.fc38.x86_64/lib/src.zip. Java symbols will not be available.[0m
2023.07.25 12:31:11 WARN  Could not find java sources in /usr/lib/jvm/src.zip, /usr/lib/jvm/lib/src.zip, /usr/lib/jvm/java-11-openjdk-11.0.19.0.7-1.fc38.x86_64/src.zip, /usr/lib/jvm/java-11-openjdk-11.0.19.0.7-1.fc38.x86_64/lib/src.zip, /usr/lib/jvm/src.zip, /usr/lib/jvm/lib/src.zip, /usr/lib/jvm/java-11-openjdk-11.0.19.0.7-1.fc38.x86_64/src.zip, /usr/lib/jvm/java-11-openjdk-11.0.19.0.7-1.fc38.x86_64/lib/src.zip. Java symbols will not be available.[0m
2023.07.25 12:31:11 INFO  time: indexed workspace in 3.1s[0m
2023.07.25 12:31:11 INFO  Processing buildTarget/scalaMainClasses[0m
2023.07.25 12:31:11 WARN  sbt does not support `buildTarget/inverseSources`, unable to fetch targets owning source.[0m
2023.07.25 12:31:11 WARN  no build target for: /home/mrocco/workspace/fpscala/eg1010/src/main/scala/eg.worksheet.sc[0m
2023.07.25 12:31:11 INFO  compiling fpscala[0m
2023.07.25 12:31:15 INFO  time: compiled fpscala in 3.41s[0m
2023.07.25 12:31:15 INFO  compiling fpscala-test[0m
2023.07.25 12:31:15 INFO  time: compiled fpscala-test in 1ms[0m
2023.07.25 12:31:15 INFO  Processing buildTarget/scalaTestClasses[0m
2023.07.25 12:31:15 INFO  compiling fpscala[0m
2023.07.25 12:31:15 INFO  time: compiled fpscala in 859Î¼s[0m
2023.07.25 12:31:15 INFO  compiling fpscala-test[0m
2023.07.25 12:31:15 INFO  time: compiled fpscala-test in 4ms[0m
2023.07.25 12:31:15 INFO  Processing buildTarget/jvmRunEnvironment[0m
2023.07.25 12:31:15 INFO  compiling fpscala[0m
2023.07.25 12:31:15 INFO  time: compiled fpscala in 888Î¼s[0m
2023.07.25 12:31:15 INFO  compiling fpscala-test[0m
2023.07.25 12:31:15 INFO  time: compiled fpscala-test in 779Î¼s[0m
2023.07.25 12:31:19 INFO  time: code lens generation in 4.3s[0m
2023.07.25 12:31:19 INFO  time: evaluated worksheet 'eg.worksheet.sc' in 8.6s[0m
2023.07.25 12:31:19 WARN  sbt does not support `buildTarget/inverseSources`, unable to fetch targets owning source.[0m
2023.07.25 12:31:20 WARN  no build target for: /home/mrocco/workspace/fpscala/eg1010/src/main/scala/eg.worksheet.sc[0m
2023.07.25 12:31:21 INFO  time: evaluated worksheet 'eg.worksheet.sc' in 1.43s[0m
2023.07.25 15:51:08 INFO  Shutting down server[0m
2023.07.25 15:51:08 INFO  shutting down Metals[0m
Jul 25, 2023 3:51:08 PM org.eclipse.lsp4j.jsonrpc.services.GenericEndpoint notify
WARNING: Unsupported notification method: shutdown
Jul 25, 2023 3:51:08 PM org.eclipse.lsp4j.jsonrpc.services.GenericEndpoint notify
WARNING: Unsupported notification method: shutdown
2023.07.25 15:51:09 INFO  Shut down connection with build server.[0m
2023.07.25 15:51:08 INFO  Exiting server[0m
2023.07.27 22:03:44 INFO  Started: Metals version 1.0.0 in folders '/home/mrocco/workspace/fpscala' for client Visual Studio Code 1.80.1.[0m
Jul 27, 2023 10:03:44 PM org.flywaydb.core.internal.license.VersionPrinter printVersionOnly
INFO: Flyway Community Edition 9.20.1 by Redgate
Jul 27, 2023 10:03:44 PM org.flywaydb.core.internal.license.VersionPrinter printVersion
INFO: See release notes here: https://rd.gt/416ObMi
Jul 27, 2023 10:03:44 PM org.flywaydb.core.internal.license.VersionPrinter printVersion
INFO: 
Jul 27, 2023 10:03:46 PM org.flywaydb.core.internal.database.base.BaseDatabaseType createDatabase
INFO: Database: jdbc:h2:file:/home/mrocco/workspace/fpscala/.metals/metals (H2 2.1)
Jul 27, 2023 10:03:46 PM org.flywaydb.core.internal.command.DbValidate validate
INFO: Successfully validated 4 migrations (execution time 00:00.233s)
Jul 27, 2023 10:03:46 PM org.flywaydb.core.internal.command.DbMigrate migrateGroup
INFO: Current version of schema "PUBLIC": 4
Jul 27, 2023 10:03:46 PM org.flywaydb.core.internal.command.DbMigrate logSummary
INFO: Schema "PUBLIC" is up to date. No migration necessary.
2023.07.27 22:03:47 INFO  time: initialize in 3.17s[0m
2023.07.27 22:03:56 INFO  Attempting to connect to the build server...[0m
2023.07.27 22:03:56 INFO  Running BSP server List(/usr/lib/jvm/java-11-openjdk-11.0.19.0.7-1.fc38.x86_64/bin/java, -Xms100m, -Xmx100m, -classpath, /home/mrocco/.cache/coursier/arc/https/github.com/sbt/sbt/releases/download/v1.9.1/sbt-1.9.1.zip/sbt/bin/sbt-launch.jar, -Dsbt.script=/home/mrocco/.cache/coursier/arc/https/github.com/sbt/sbt/releases/download/v1.9.1/sbt-1.9.1.zip/sbt/bin/sbt, xsbt.boot.Boot, -bsp)[0m
2023.07.27 22:03:56 INFO  tracing is disabled for protocol BSP, to enable tracing of incoming and outgoing JSON messages create an empty file at /home/mrocco/workspace/fpscala/.metals/bsp.trace.json or /home/mrocco/.cache/metals/bsp.trace.json[0m
2023.07.27 22:03:57 WARN  No build session currently active to reload.[0m
2023.07.27 22:04:02 INFO  time: Connected to build server in 6.02s[0m
2023.07.27 22:04:02 INFO  Connected to Build server: sbt v1.9.1[0m
2023.07.27 22:04:10 INFO  no build target found for /home/mrocco/workspace/fpscala/eg1010/src/main/scala/eg.worksheet.sc. Using presentation compiler with project's scala-library version: 3.3.0[0m
2023.07.27 22:04:12 INFO  time: code lens generation in 16s[0m
2023.07.27 22:04:12 INFO  Processing workspace/buildTargets[0m
2023.07.27 22:04:12 INFO  Processing buildTarget/scalacOptions[0m
2023.07.27 22:04:13 INFO  Processing buildTarget/sources[0m
2023.07.27 22:04:13 INFO  Processing buildTarget/dependencySources[0m
2023.07.27 22:04:13 INFO  time: Imported build in 1.72s[0m
2023.07.27 22:04:17 INFO  no build target found for /home/mrocco/workspace/fpscala/eg1010/src/main/scala/eg.worksheet.sc. Using presentation compiler with project's scala-library version: 3.3.0[0m
2023.07.27 22:04:24 INFO  time: code lens generation in 26s[0m
2023.07.27 22:04:29 WARN  Could not find java sources in /usr/lib/jvm/src.zip, /usr/lib/jvm/lib/src.zip, /usr/lib/jvm/java-11-openjdk-11.0.19.0.7-1.fc38.x86_64/src.zip, /usr/lib/jvm/java-11-openjdk-11.0.19.0.7-1.fc38.x86_64/lib/src.zip, /usr/lib/jvm/src.zip, /usr/lib/jvm/lib/src.zip, /usr/lib/jvm/java-11-openjdk-11.0.19.0.7-1.fc38.x86_64/src.zip, /usr/lib/jvm/java-11-openjdk-11.0.19.0.7-1.fc38.x86_64/lib/src.zip. Java symbols will not be available.[0m
2023.07.27 22:04:29 WARN  Could not find java sources in /usr/lib/jvm/src.zip, /usr/lib/jvm/lib/src.zip, /usr/lib/jvm/java-11-openjdk-11.0.19.0.7-1.fc38.x86_64/src.zip, /usr/lib/jvm/java-11-openjdk-11.0.19.0.7-1.fc38.x86_64/lib/src.zip, /usr/lib/jvm/src.zip, /usr/lib/jvm/lib/src.zip, /usr/lib/jvm/java-11-openjdk-11.0.19.0.7-1.fc38.x86_64/src.zip, /usr/lib/jvm/java-11-openjdk-11.0.19.0.7-1.fc38.x86_64/lib/src.zip. Java symbols will not be available.[0m
2023.07.27 22:04:29 WARN  Could not find java sources in /usr/lib/jvm/src.zip, /usr/lib/jvm/lib/src.zip, /usr/lib/jvm/java-11-openjdk-11.0.19.0.7-1.fc38.x86_64/src.zip, /usr/lib/jvm/java-11-openjdk-11.0.19.0.7-1.fc38.x86_64/lib/src.zip, /usr/lib/jvm/src.zip, /usr/lib/jvm/lib/src.zip, /usr/lib/jvm/java-11-openjdk-11.0.19.0.7-1.fc38.x86_64/src.zip, /usr/lib/jvm/java-11-openjdk-11.0.19.0.7-1.fc38.x86_64/lib/src.zip. Java symbols will not be available.[0m
2023.07.27 22:04:29 INFO  time: indexed workspace in 15s[0m
2023.07.27 22:04:29 INFO  Processing buildTarget/scalaMainClasses[0m
2023.07.27 22:04:29 WARN  sbt does not support `buildTarget/inverseSources`, unable to fetch targets owning source.[0m
2023.07.27 22:04:29 WARN  no build target for: /home/mrocco/workspace/fpscala/eg1010/src/main/scala/eg.worksheet.sc[0m
2023.07.27 22:04:29 INFO  compiling fpscala[0m
2023.07.27 22:04:35 INFO  time: compiled fpscala in 5.71s[0m
2023.07.27 22:04:35 INFO  compiling fpscala-test[0m
2023.07.27 22:04:35 INFO  time: compiled fpscala-test in 1ms[0m
2023.07.27 22:04:35 INFO  Processing buildTarget/scalaTestClasses[0m
2023.07.27 22:04:35 INFO  compiling fpscala[0m
2023.07.27 22:04:35 INFO  time: compiled fpscala in 987Î¼s[0m
2023.07.27 22:04:35 INFO  compiling fpscala-test[0m
2023.07.27 22:04:35 INFO  time: compiled fpscala-test in 4ms[0m
2023.07.27 22:04:35 INFO  Processing buildTarget/jvmRunEnvironment[0m
2023.07.27 22:04:35 INFO  compiling fpscala[0m
2023.07.27 22:04:35 INFO  time: compiled fpscala in 949Î¼s[0m
2023.07.27 22:04:35 INFO  compiling fpscala-test[0m
2023.07.27 22:04:35 INFO  time: compiled fpscala-test in 888Î¼s[0m
2023.07.27 22:04:48 INFO  time: code lens generation in 4.26s[0m
2023.07.27 22:04:48 INFO  time: code lens generation in 1.3s[0m
2023.07.27 22:04:48 INFO  time: code lens generation in 9.72s[0m
2023.07.27 22:04:48 INFO  time: code lens generation in 8.84s[0m
2023.07.27 22:04:49 INFO  time: evaluated worksheet 'eg.worksheet.sc' in 20s[0m
2023.07.27 22:04:49 WARN  sbt does not support `buildTarget/inverseSources`, unable to fetch targets owning source.[0m
2023.07.27 22:04:49 WARN  no build target for: /home/mrocco/workspace/fpscala/eg1010/src/main/scala/eg.worksheet.sc[0m
2023.07.27 22:04:51 INFO  compiling fpscala[0m
2023.07.27 22:04:51 INFO  time: compiled fpscala in 34ms[0m
2023.07.27 22:04:52 INFO  time: evaluated worksheet 'eg.worksheet.sc' in 2.22s[0m
2023.07.27 22:04:52 INFO  Starting scala interpreter...[0m
2023.07.27 22:04:52 INFO  [0m
Jul 27, 2023 10:05:01 PM org.eclipse.lsp4j.jsonrpc.services.GenericEndpoint notify
WARNING: Unsupported notification method: shutdown
2023.07.27 22:05:02 INFO  Running BSP server List(/usr/lib/jvm/java-11-openjdk-11.0.19.0.7-1.fc38.x86_64/bin/java, -Xms100m, -Xmx100m, -classpath, /home/mrocco/.cache/coursier/arc/https/github.com/sbt/sbt/releases/download/v1.9.1/sbt-1.9.1.zip/sbt/bin/sbt-launch.jar, -Dsbt.script=/home/mrocco/.cache/coursier/arc/https/github.com/sbt/sbt/releases/download/v1.9.1/sbt-1.9.1.zip/sbt/bin/sbt, xsbt.boot.Boot, -bsp)[0m
2023.07.27 22:05:02 INFO  tracing is disabled for protocol BSP, to enable tracing of incoming and outgoing JSON messages create an empty file at /home/mrocco/workspace/fpscala/.metals/bsp.trace.json or /home/mrocco/.cache/metals/bsp.trace.json[0m
2023.07.27 22:05:04 INFO  BSP server: [info] server was not detected. starting an instance[0m
2023.07.27 22:05:13 INFO  BSP server: [info] welcome to sbt 1.9.1 (Red Hat, Inc. Java 11.0.19)[0m
2023.07.27 22:05:17 INFO  BSP server: [info] loading settings for project fpscala-build-build from metals.sbt ...[0m
2023.07.27 22:05:20 INFO  BSP server: [info] loading project definition from /home/mrocco/workspace/fpscala/project/project[0m
2023.07.27 22:05:20 INFO  BSP server: [0m
2023.07.27 22:05:20 INFO  BSP server:   | => fpscala-build-build / Compile / scalacOptions 0s[0m
2023.07.27 22:05:20 INFO  BSP server:   | => fpscala-build-build / dependencyPositions 0s[0m
2023.07.27 22:05:20 INFO  BSP server: [0m
2023.07.27 22:05:20 INFO  BSP server: [0m
2023.07.27 22:05:20 INFO  BSP server:   | => fpscala-build-build / dependencyPositions 0s[0m
2023.07.27 22:05:20 INFO  BSP server: [0m
2023.07.27 22:05:20 INFO  BSP server: [0m
2023.07.27 22:05:20 INFO  BSP server:   | => fpscala-build-build / dependencyPositions 0s[0m
2023.07.27 22:05:20 INFO  BSP server: [0m
2023.07.27 22:05:20 INFO  BSP server: [0m
2023.07.27 22:05:20 INFO  BSP server:   | => fpscala-build-build / dependencyPositions 0s[0m
2023.07.27 22:05:20 INFO  BSP server: [0m
2023.07.27 22:05:20 INFO  BSP server: [0m
2023.07.27 22:05:20 INFO  BSP server:   | => fpscala-build-build / dependencyPositions 0s[0m
2023.07.27 22:05:20 INFO  BSP server: [0m
2023.07.27 22:05:20 INFO  BSP server: [0m
2023.07.27 22:05:20 INFO  BSP server:   | => fpscala-build-build / dependencyPositions 0s[0m
2023.07.27 22:05:20 INFO  BSP server: [0m
2023.07.27 22:05:20 INFO  BSP server: [0m
2023.07.27 22:05:20 INFO  BSP server:   | => fpscala-build-build / dependencyPositions 0s[0m
2023.07.27 22:05:20 INFO  BSP server: [0m
2023.07.27 22:05:20 INFO  BSP server: [0m
2023.07.27 22:05:20 INFO  BSP server:   | => fpscala-build-build / dependencyPositions 0s[0m
2023.07.27 22:05:20 INFO  BSP server: [0m
2023.07.27 22:05:20 INFO  BSP server: [0m
2023.07.27 22:05:20 INFO  BSP server:   | => fpscala-build-build / dependencyPositions 0s[0m
2023.07.27 22:05:20 INFO  BSP server: [0m
2023.07.27 22:05:20 INFO  BSP server: [0m
2023.07.27 22:05:20 INFO  BSP server:   | => fpscala-build-build / dependencyPositions 0s[0m
2023.07.27 22:05:20 INFO  BSP server: [0m
2023.07.27 22:05:20 INFO  BSP server: [0m
2023.07.27 22:05:20 INFO  BSP server:   | => fpscala-build-build / dependencyPositions 0s[0m
2023.07.27 22:05:20 INFO  BSP server: [0m
2023.07.27 22:05:20 INFO  BSP server: [0m
2023.07.27 22:05:20 INFO  BSP server:   | => fpscala-build-build / dependencyPositions 0s[0m
2023.07.27 22:05:20 INFO  BSP server: [0m
2023.07.27 22:05:20 INFO  BSP server: [0m
2023.07.27 22:05:20 INFO  BSP server:   | => fpscala-build-build / dependencyPositions 0s[0m
2023.07.27 22:05:20 INFO  BSP server: [0m
2023.07.27 22:05:20 INFO  BSP server: [0m
2023.07.27 22:05:20 INFO  BSP server:   | => fpscala-build-build / dependencyPositions 0s[0m
2023.07.27 22:05:21 INFO  BSP server: [0m
2023.07.27 22:05:21 INFO  BSP server: [0m
2023.07.27 22:05:21 INFO  BSP server:   | => fpscala-build-build / dependencyPositions 0s[0m
2023.07.27 22:05:21 INFO  BSP server: [0m
2023.07.27 22:05:21 INFO  BSP server: [0m
2023.07.27 22:05:21 INFO  BSP server:   | => fpscala-build-build / dependencyPositions 0s[0m
2023.07.27 22:05:21 INFO  BSP server: [0m
2023.07.27 22:05:21 INFO  BSP server: [0m
2023.07.27 22:05:21 INFO  BSP server:   | => fpscala-build-build / dependencyPositions 0s[0m
2023.07.27 22:05:21 INFO  BSP server: [0m
2023.07.27 22:05:21 INFO  BSP server: [0m
2023.07.27 22:05:21 INFO  BSP server:   | => fpscala-build-build / dependencyPositions 0s[0m
2023.07.27 22:05:21 INFO  BSP server: [0m
2023.07.27 22:05:21 INFO  BSP server: [0m
2023.07.27 22:05:21 INFO  BSP server:   | => fpscala-build-build / dependencyPositions 0s[0m
2023.07.27 22:05:21 INFO  BSP server: [0m
2023.07.27 22:05:21 INFO  BSP server: [0m
2023.07.27 22:05:21 INFO  BSP server:   | => fpscala-build-build / dependencyPositions 0s[0m
2023.07.27 22:05:21 INFO  BSP server: [0m
2023.07.27 22:05:21 INFO  BSP server: [0m
2023.07.27 22:05:21 INFO  BSP server:   | => fpscala-build-build / dependencyPositions 0s[0m
2023.07.27 22:05:21 INFO  BSP server: [0m
2023.07.27 22:05:21 INFO  BSP server: [0m
2023.07.27 22:05:21 INFO  BSP server:   | => fpscala-build-build / dependencyPositions 0s[0m
2023.07.27 22:05:21 INFO  BSP server: [0m
2023.07.27 22:05:21 INFO  BSP server: [0m
2023.07.27 22:05:21 INFO  BSP server:   | => fpscala-build-build / dependencyPositions 0s[0m
2023.07.27 22:05:21 INFO  BSP server: [0m
2023.07.27 22:05:21 INFO  BSP server: [0m
2023.07.27 22:05:21 INFO  BSP server:   | => fpscala-build-build / dependencyPositions 0s[0m
2023.07.27 22:05:21 INFO  BSP server: [0m
2023.07.27 22:05:21 INFO  BSP server: [0m
2023.07.27 22:05:21 INFO  BSP server:   | => fpscala-build-build / dependencyPositions 0s[0m
2023.07.27 22:05:21 INFO  BSP server: [0m
2023.07.27 22:05:21 INFO  BSP server: [0m
2023.07.27 22:05:21 INFO  BSP server:   | => fpscala-build-build / dependencyPositions 0s[0m
2023.07.27 22:05:21 INFO  BSP server: [0m
2023.07.27 22:05:21 INFO  BSP server: [0m
2023.07.27 22:05:21 INFO  BSP server:   | => fpscala-build-build / dependencyPositions 0s[0m
2023.07.27 22:05:21 INFO  BSP server: [0m
2023.07.27 22:05:21 INFO  BSP server: [0m
2023.07.27 22:05:21 INFO  BSP server:   | => fpscala-build-build / dependencyPositions 0s[0m
2023.07.27 22:05:21 INFO  BSP server: [0m
2023.07.27 22:05:21 INFO  BSP server: [0m
2023.07.27 22:05:21 INFO  BSP server:   | => fpscala-build-build / dependencyPositions 0s[0m
2023.07.27 22:05:21 INFO  BSP server: [0m
2023.07.27 22:05:21 INFO  BSP server: [0m
2023.07.27 22:05:21 INFO  BSP server:   | => fpscala-build-build / update 0s[0m
2023.07.27 22:05:23 INFO  BSP server: [0m
2023.07.27 22:05:23 INFO  BSP server: [0m
2023.07.27 22:05:23 INFO  BSP server:   | => fpscala-build-build / Compile / compileIncremental 0s[0m
2023.07.27 22:05:25 INFO  BSP server: [info] loading settings for project fpscala-build from metals.sbt ...[0m
2023.07.27 22:05:25 INFO  BSP server: [info] loading project definition from /home/mrocco/workspace/fpscala/project[0m
2023.07.27 22:05:26 INFO  BSP server: [0m
2023.07.27 22:05:26 INFO  BSP server:   | => fpscala-build / update 0s[0m
2023.07.27 22:05:26 INFO  BSP server: [0m
2023.07.27 22:05:26 INFO  BSP server:   | => fpscala-build / update 0s[0m
2023.07.27 22:05:26 INFO  BSP server: [0m
2023.07.27 22:05:26 INFO  BSP server:   | => fpscala-build / update 0s[0m
2023.07.27 22:05:27 INFO  BSP server: [info] set current project to fpscala (in build file:/home/mrocco/workspace/fpscala/)[0m
2023.07.27 22:05:28 INFO  BSP server: [info] sbt server started at local:///home/mrocco/.sbt/1.0/server/e09890b4e07d1af8f9c1/sock[0m
2023.07.27 22:05:29 INFO  Connected to Build server: sbt v1.9.1[0m
2023.07.27 22:05:29 INFO  Processing workspace/buildTargets[0m
2023.07.27 22:05:29 INFO  Processing buildTarget/scalacOptions[0m
2023.07.27 22:05:31 INFO  Processing buildTarget/sources[0m
2023.07.27 22:05:31 INFO  Processing buildTarget/dependencySources[0m
2023.07.27 22:05:31 INFO  time: Imported build in 2.27s[0m
2023.07.27 22:05:35 INFO  compiling fpscala[0m
2023.07.27 22:05:35 INFO  time: compiled fpscala in 10ms[0m
2023.07.27 22:05:35 WARN  Could not find java sources in /usr/lib/jvm/src.zip, /usr/lib/jvm/lib/src.zip, /usr/lib/jvm/java-11-openjdk-11.0.19.0.7-1.fc38.x86_64/src.zip, /usr/lib/jvm/java-11-openjdk-11.0.19.0.7-1.fc38.x86_64/lib/src.zip, /usr/lib/jvm/src.zip, /usr/lib/jvm/lib/src.zip, /usr/lib/jvm/java-11-openjdk-11.0.19.0.7-1.fc38.x86_64/src.zip, /usr/lib/jvm/java-11-openjdk-11.0.19.0.7-1.fc38.x86_64/lib/src.zip. Java symbols will not be available.[0m
2023.07.27 22:05:35 WARN  Could not find java sources in /usr/lib/jvm/src.zip, /usr/lib/jvm/lib/src.zip, /usr/lib/jvm/java-11-openjdk-11.0.19.0.7-1.fc38.x86_64/src.zip, /usr/lib/jvm/java-11-openjdk-11.0.19.0.7-1.fc38.x86_64/lib/src.zip, /usr/lib/jvm/src.zip, /usr/lib/jvm/lib/src.zip, /usr/lib/jvm/java-11-openjdk-11.0.19.0.7-1.fc38.x86_64/src.zip, /usr/lib/jvm/java-11-openjdk-11.0.19.0.7-1.fc38.x86_64/lib/src.zip. Java symbols will not be available.[0m
2023.07.27 22:05:35 WARN  Could not find java sources in /usr/lib/jvm/src.zip, /usr/lib/jvm/lib/src.zip, /usr/lib/jvm/java-11-openjdk-11.0.19.0.7-1.fc38.x86_64/src.zip, /usr/lib/jvm/java-11-openjdk-11.0.19.0.7-1.fc38.x86_64/lib/src.zip, /usr/lib/jvm/src.zip, /usr/lib/jvm/lib/src.zip, /usr/lib/jvm/java-11-openjdk-11.0.19.0.7-1.fc38.x86_64/src.zip, /usr/lib/jvm/java-11-openjdk-11.0.19.0.7-1.fc38.x86_64/lib/src.zip. Java symbols will not be available.[0m
2023.07.27 22:05:35 INFO  time: indexed workspace in 4.14s[0m
2023.07.27 22:05:35 WARN  sbt does not support `buildTarget/inverseSources`, unable to fetch targets owning source.[0m
2023.07.27 22:05:35 WARN  no build target for: /home/mrocco/workspace/fpscala/eg1010/src/main/scala/eg.worksheet.sc[0m
2023.07.27 22:05:37 INFO  Starting scala interpreter...[0m
2023.07.27 22:05:37 INFO  [0m
2023.07.27 22:05:38 INFO  time: evaluated worksheet 'eg.worksheet.sc' in 3.12s[0m
2023.07.27 22:05:51 WARN  sbt does not support `buildTarget/inverseSources`, unable to fetch targets owning source.[0m
2023.07.27 22:05:51 WARN  no build target for: /home/mrocco/workspace/fpscala/eg1010/build.sbt[0m
2023.07.27 22:05:55 INFO  Processing buildTarget/scalaMainClasses[0m
2023.07.27 22:05:55 INFO  compiling fpscala[0m
2023.07.27 22:05:55 INFO  time: compiled fpscala in 23ms[0m
2023.07.27 22:05:55 INFO  compiling fpscala-test[0m
2023.07.27 22:05:55 INFO  time: compiled fpscala-test in 34ms[0m
2023.07.27 22:05:55 INFO  Processing buildTarget/jvmRunEnvironment[0m
2023.07.27 22:05:55 INFO  compiling fpscala[0m
2023.07.27 22:05:55 INFO  time: compiled fpscala in 36ms[0m
2023.07.27 22:05:55 INFO  compiling fpscala-test[0m
2023.07.27 22:05:55 INFO  time: compiled fpscala-test in 8ms[0m
2023.07.27 22:05:56 INFO  Processing buildTarget/scalaTestClasses[0m
2023.07.27 22:05:56 INFO  compiling fpscala[0m
2023.07.27 22:05:56 INFO  time: compiled fpscala in 27ms[0m
2023.07.27 22:05:56 INFO  compiling fpscala-test[0m
2023.07.27 22:05:56 INFO  time: compiled fpscala-test in 17ms[0m
2023.07.27 22:08:03 INFO  no build target found for /home/mrocco/workspace/fpscala/eg1010/src/main/scala/eg.worksheet.sc. Using presentation compiler with project's scala-library version: 2.12.18[0m
2023.07.27 22:08:04 INFO  time: code lens generation in 2.51s[0m
2023.07.27 22:08:04 INFO  time: code lens generation in 5.49s[0m
2023.07.27 22:08:20 WARN  sbt does not support `buildTarget/inverseSources`, unable to fetch targets owning source.[0m
2023.07.27 22:08:20 WARN  no build target for: /home/mrocco/workspace/fpscala/eg1010/src/main/scala/eg.worksheet.sc[0m
2023.07.27 22:08:21 INFO  time: evaluated worksheet 'eg.worksheet.sc' in 0.97s[0m
2023.07.27 22:08:35 WARN  sbt does not support `buildTarget/inverseSources`, unable to fetch targets owning source.[0m
2023.07.27 22:08:35 WARN  no build target for: /home/mrocco/workspace/fpscala/eg1010/src/main/scala/eg.worksheet.sc[0m
2023.07.27 22:08:36 INFO  time: evaluated worksheet 'eg.worksheet.sc' in 0.73s[0m
2023.07.27 22:08:46 INFO  compiling fpscala[0m
2023.07.27 22:08:46 INFO  time: compiled fpscala in 9ms[0m
2023.07.27 22:08:46 INFO  Starting scala interpreter...[0m
2023.07.27 22:08:46 INFO  [0m
2023.07.27 22:09:03 INFO  compiling fpscala-build-build[0m
2023.07.27 22:09:03 INFO  compiling fpscala-build[0m
2023.07.27 22:09:09 INFO  compiling fpscala[0m
2023.07.27 22:09:09 INFO  time: compiled fpscala in 12ms[0m
2023.07.27 22:09:09 INFO  Starting scala interpreter...[0m
2023.07.27 22:09:09 INFO  [0m
2023.07.27 22:09:27 INFO  compiling fpscala[0m
2023.07.27 22:09:27 INFO  time: compiled fpscala in 8ms[0m
2023.07.27 22:09:46 WARN  sbt does not support `buildTarget/inverseSources`, unable to fetch targets owning source.[0m
2023.07.27 22:09:46 WARN  no build target for: /home/mrocco/workspace/fpscala/eg1010/build.sbt[0m
2023.07.27 22:09:51 INFO  compiling fpscala-build-build[0m
2023.07.27 22:09:51 INFO  compiling fpscala-build[0m
2023.07.27 22:10:05 INFO  Processing workspace/reload[0m
2023.07.27 22:10:05 INFO  compiling fpscala-build-build[0m
2023.07.27 22:10:05 INFO  compiling fpscala-build[0m
2023.07.27 22:10:05 INFO  Processing workspace/buildTargets[0m
2023.07.27 22:10:05 INFO  Processing buildTarget/scalacOptions[0m
2023.07.27 22:10:07 INFO  Processing buildTarget/sources[0m
2023.07.27 22:10:07 INFO  Processing buildTarget/dependencySources[0m
2023.07.27 22:10:07 INFO  time: Imported build in 0.45s[0m
2023.07.27 22:10:07 INFO  Correctly reloaded workspace[0m
2023.07.27 22:10:09 WARN  Could not find java sources in /usr/lib/jvm/src.zip, /usr/lib/jvm/lib/src.zip, /usr/lib/jvm/java-11-openjdk-11.0.19.0.7-1.fc38.x86_64/src.zip, /usr/lib/jvm/java-11-openjdk-11.0.19.0.7-1.fc38.x86_64/lib/src.zip, /usr/lib/jvm/src.zip, /usr/lib/jvm/lib/src.zip, /usr/lib/jvm/java-11-openjdk-11.0.19.0.7-1.fc38.x86_64/src.zip, /usr/lib/jvm/java-11-openjdk-11.0.19.0.7-1.fc38.x86_64/lib/src.zip. Java symbols will not be available.[0m
2023.07.27 22:10:09 WARN  Could not find java sources in /usr/lib/jvm/src.zip, /usr/lib/jvm/lib/src.zip, /usr/lib/jvm/java-11-openjdk-11.0.19.0.7-1.fc38.x86_64/src.zip, /usr/lib/jvm/java-11-openjdk-11.0.19.0.7-1.fc38.x86_64/lib/src.zip, /usr/lib/jvm/src.zip, /usr/lib/jvm/lib/src.zip, /usr/lib/jvm/java-11-openjdk-11.0.19.0.7-1.fc38.x86_64/src.zip, /usr/lib/jvm/java-11-openjdk-11.0.19.0.7-1.fc38.x86_64/lib/src.zip. Java symbols will not be available.[0m
2023.07.27 22:10:09 WARN  Could not find java sources in /usr/lib/jvm/src.zip, /usr/lib/jvm/lib/src.zip, /usr/lib/jvm/java-11-openjdk-11.0.19.0.7-1.fc38.x86_64/src.zip, /usr/lib/jvm/java-11-openjdk-11.0.19.0.7-1.fc38.x86_64/lib/src.zip, /usr/lib/jvm/src.zip, /usr/lib/jvm/lib/src.zip, /usr/lib/jvm/java-11-openjdk-11.0.19.0.7-1.fc38.x86_64/src.zip, /usr/lib/jvm/java-11-openjdk-11.0.19.0.7-1.fc38.x86_64/lib/src.zip. Java symbols will not be available.[0m
2023.07.27 22:10:09 INFO  time: indexed workspace in 1.97s[0m
2023.07.27 22:10:09 INFO  Processing buildTarget/scalaMainClasses[0m
2023.07.27 22:10:09 INFO  compiling fpscala[0m
2023.07.27 22:10:11 INFO  time: compiled fpscala in 2.07s[0m
2023.07.27 22:10:11 INFO  compiling fpscala-test[0m
2023.07.27 22:10:11 INFO  time: compiled fpscala-test in 619Î¼s[0m
2023.07.27 22:10:11 INFO  Processing buildTarget/scalaTestClasses[0m
2023.07.27 22:10:11 INFO  compiling fpscala[0m
2023.07.27 22:10:11 INFO  time: compiled fpscala in 619Î¼s[0m
2023.07.27 22:10:11 INFO  compiling fpscala-test[0m
2023.07.27 22:10:11 INFO  time: compiled fpscala-test in 818Î¼s[0m
2023.07.27 22:10:11 INFO  Processing buildTarget/jvmRunEnvironment[0m
2023.07.27 22:10:11 INFO  compiling fpscala[0m
2023.07.27 22:10:11 INFO  time: compiled fpscala in 544Î¼s[0m
2023.07.27 22:10:11 INFO  compiling fpscala-test[0m
2023.07.27 22:10:11 INFO  time: compiled fpscala-test in 617Î¼s[0m
Jul 27, 2023 10:10:50 PM org.eclipse.lsp4j.jsonrpc.services.GenericEndpoint notify
INFO: Unsupported notification method: $/setTrace
2023.07.27 22:11:00 INFO  Resetting build server selection.[0m
Jul 27, 2023 10:11:04 PM org.eclipse.lsp4j.jsonrpc.RemoteEndpoint fallbackResponseError
SEVERE: Internal error: scala.concurrent.Future$$anon$2: Future.filter predicate is not satisfied
java.util.concurrent.CompletionException: scala.concurrent.Future$$anon$2: Future.filter predicate is not satisfied
	at java.base/java.util.concurrent.CompletableFuture.encodeThrowable(CompletableFuture.java:331)
	at java.base/java.util.concurrent.CompletableFuture.completeThrowable(CompletableFuture.java:346)
	at java.base/java.util.concurrent.CompletableFuture$UniAccept.tryFire(CompletableFuture.java:704)
	at java.base/java.util.concurrent.CompletableFuture.postComplete(CompletableFuture.java:506)
	at java.base/java.util.concurrent.CompletableFuture.completeExceptionally(CompletableFuture.java:2088)
	at scala.concurrent.java8.FuturesConvertersImpl$CF.apply(FutureConvertersImpl.scala:29)
	at scala.concurrent.java8.FuturesConvertersImpl$CF.apply(FutureConvertersImpl.scala:26)
	at scala.concurrent.impl.Promise$Transformation.run(Promise.scala:484)
	at scala.concurrent.ExecutionContext$parasitic$.execute(ExecutionContext.scala:222)
	at scala.concurrent.impl.Promise$Transformation.submitWithValue(Promise.scala:429)
	at scala.concurrent.impl.Promise$DefaultPromise.submitWithValue(Promise.scala:338)
	at scala.concurrent.impl.Promise$DefaultPromise.tryComplete0(Promise.scala:285)
	at scala.concurrent.impl.Promise$Transformation.run(Promise.scala:504)
	at java.base/java.util.concurrent.ThreadPoolExecutor.runWorker(ThreadPoolExecutor.java:1128)
	at java.base/java.util.concurrent.ThreadPoolExecutor$Worker.run(ThreadPoolExecutor.java:628)
	at java.base/java.lang.Thread.run(Thread.java:829)
Caused by: scala.concurrent.Future$$anon$2: Future.filter predicate is not satisfied

2023.07.27 22:11:04 INFO  running '/usr/lib/jvm/java-11-openjdk-11.0.19.0.7-1.fc38.x86_64/bin/java -Djline.terminal=jline.UnsupportedTerminal -Dsbt.log.noformat=true -Dfile.encoding=UTF-8 -jar /tmp/metals15517660454512668413/sbt-launch.jar -Dbloop.export-jar-classifiers=sources bloopInstall'[0m
2023.07.27 22:11:05 WARN  sbt does not support `buildTarget/inverseSources`, unable to fetch targets owning source.[0m
2023.07.27 22:11:05 WARN  no build target for: /home/mrocco/workspace/fpscala/project/metals.sbt[0m
2023.07.27 22:11:05 WARN  sbt does not support `buildTarget/inverseSources`, unable to fetch targets owning source.[0m
2023.07.27 22:11:05 WARN  no build target for: /home/mrocco/workspace/fpscala/project/project/metals.sbt[0m
2023.07.27 22:11:04 INFO  skipping build import with status 'Started'[0m
2023.07.27 22:11:07 INFO  [info] welcome to sbt 1.9.1 (Red Hat, Inc. Java 11.0.19)[0m
2023.07.27 22:11:11 INFO  [info] loading settings for project fpscala-build-build from metals.sbt ...[0m
2023.07.27 22:11:12 INFO  [info] loading project definition from /home/mrocco/workspace/fpscala/project/project[0m
2023.07.27 22:11:17 INFO  [info] loading settings for project fpscala-build from metals.sbt ...[0m
2023.07.27 22:11:17 INFO  [info] loading project definition from /home/mrocco/workspace/fpscala/project[0m
2023.07.27 22:11:21 INFO  [success] Generated .bloop/fpscala-build.json[0m
2023.07.27 22:11:21 INFO  [success] Total time: 4 s, completed Jul 27, 2023, 10:11:21 PM[0m
2023.07.27 22:11:21 INFO  [info] set current project to fpscala (in build file:/home/mrocco/workspace/fpscala/)[0m
2023.07.27 22:11:22 INFO  [success] Generated .bloop/fpscala-test.json[0m
2023.07.27 22:11:22 INFO  [success] Generated .bloop/fpscala.json[0m
2023.07.27 22:11:22 INFO  [success] Total time: 0 s, completed Jul 27, 2023, 10:11:22 PM[0m
2023.07.27 22:11:23 INFO  time: ran 'sbt bloopInstall' in 18s[0m
2023.07.27 22:11:23 INFO  Disconnecting from sbt session...[0m
2023.07.27 22:11:23 INFO  Shut down connection with build server.[0m
2023.07.27 22:11:23 INFO  BSP server: [0m
2023.07.27 22:11:23 INFO  Attempting to connect to the build server...[0m
2023.07.27 22:11:23 INFO  Bloop uses /usr/lib/jvm/java-11-openjdk-11.0.19.0.7-1.fc38.x86_64 defined at /home/mrocco/.bloop/bloop.json[0m
2023.07.27 22:11:34 INFO  tracing is disabled for protocol BSP, to enable tracing of incoming and outgoing JSON messages create an empty file at /home/mrocco/workspace/fpscala/.metals/bsp.trace.json or /home/mrocco/.cache/metals/bsp.trace.json[0m
2023.07.27 22:11:35 INFO  Attempting to connect to the build server...[0m
2023.07.27 22:11:35 INFO  Bloop uses /usr/lib/jvm/java-11-openjdk-11.0.19.0.7-1.fc38.x86_64 defined at /home/mrocco/.bloop/bloop.json[0m
2023.07.27 22:11:35 INFO  tracing is disabled for protocol BSP, to enable tracing of incoming and outgoing JSON messages create an empty file at /home/mrocco/workspace/fpscala/project/.metals/bsp.trace.json or /home/mrocco/.cache/metals/bsp.trace.json[0m
2023.07.27 22:11:35 INFO  time: Connected to build server in 12s[0m
2023.07.27 22:11:35 INFO  Connected to Build server: Bloop v1.5.8[0m
2023.07.27 22:11:35 INFO  time: Imported build in 0.3s[0m
2023.07.27 22:11:37 WARN  Could not find java sources in /usr/lib/jvm/src.zip, /usr/lib/jvm/lib/src.zip, /usr/lib/jvm/java-11-openjdk-11.0.19.0.7-1.fc38.x86_64/src.zip, /usr/lib/jvm/java-11-openjdk-11.0.19.0.7-1.fc38.x86_64/lib/src.zip, /usr/lib/jvm/src.zip, /usr/lib/jvm/lib/src.zip, /usr/lib/jvm/java-11-openjdk-11.0.19.0.7-1.fc38.x86_64/src.zip, /usr/lib/jvm/java-11-openjdk-11.0.19.0.7-1.fc38.x86_64/lib/src.zip. Java symbols will not be available.[0m
2023.07.27 22:11:37 INFO  no build target found for /home/mrocco/workspace/fpscala/eg1010/build.sbt. Using presentation compiler with project's scala-library version: 2.12.18[0m
2023.07.27 22:11:39 WARN  Could not find java sources in /usr/lib/jvm/src.zip, /usr/lib/jvm/lib/src.zip, /usr/lib/jvm/java-11-openjdk-11.0.19.0.7-1.fc38.x86_64/src.zip, /usr/lib/jvm/java-11-openjdk-11.0.19.0.7-1.fc38.x86_64/lib/src.zip, /usr/lib/jvm/src.zip, /usr/lib/jvm/lib/src.zip, /usr/lib/jvm/java-11-openjdk-11.0.19.0.7-1.fc38.x86_64/src.zip, /usr/lib/jvm/java-11-openjdk-11.0.19.0.7-1.fc38.x86_64/lib/src.zip. Java symbols will not be available.[0m
2023.07.27 22:11:39 WARN  Could not find java sources in /usr/lib/jvm/src.zip, /usr/lib/jvm/lib/src.zip, /usr/lib/jvm/java-11-openjdk-11.0.19.0.7-1.fc38.x86_64/src.zip, /usr/lib/jvm/java-11-openjdk-11.0.19.0.7-1.fc38.x86_64/lib/src.zip, /usr/lib/jvm/src.zip, /usr/lib/jvm/lib/src.zip, /usr/lib/jvm/java-11-openjdk-11.0.19.0.7-1.fc38.x86_64/src.zip, /usr/lib/jvm/java-11-openjdk-11.0.19.0.7-1.fc38.x86_64/lib/src.zip. Java symbols will not be available.[0m
2023.07.27 22:11:39 INFO  time: indexed workspace in 3.12s[0m
2023.07.27 22:11:39 WARN  no build target for: /home/mrocco/workspace/fpscala/eg1010/src/main/scala/eg.worksheet.sc[0m
2023.07.27 22:11:39 WARN  no build target for: /home/mrocco/workspace/fpscala/eg1010/build.sbt[0m
2023.07.27 22:11:39 WARN  no build target for: /home/mrocco/workspace/fpscala/eg1010/build.sbt[0m
Jul 27, 2023 10:33:20 PM scala.meta.internal.pc.CompilerAccess handleError
SEVERE: A severe compiler error occurred, full details of the error can be found in the error report /home/mrocco/workspace/fpscala/.metals/.reports/metals-full/r_compiler-error_1690490000387
Aug 02, 2023 2:43:14 PM org.eclipse.lsp4j.jsonrpc.RemoteEndpoint handleCancellation
WARNING: Unmatched cancel notification for request id 185
2023.08.02 14:43:25 INFO  no build target found for /home/mrocco/workspace/fpscala/eg1010/src/main/scala/eg.worksheet.sc. Using presentation compiler with project's scala-library version: 2.12.18[0m
Aug 02, 2023 2:43:27 PM scala.meta.internal.pc.CompilerAccess handleError
SEVERE: A severe compiler error occurred, full details of the error can be found in the error report /home/mrocco/workspace/fpscala/.metals/.reports/metals-full/r_compiler-error_1690980207719
2023.08.02 14:43:27 INFO  time: code lens generation in 12s[0m
Aug 02, 2023 2:43:27 PM scala.meta.internal.pc.CompilerAccess handleError
SEVERE: A severe compiler error occurred, full details of the error can be found in the error report /home/mrocco/workspace/fpscala/.metals/.reports/metals-full/r_compiler-error_1690980207947
2023.08.02 14:43:27 INFO  time: code lens generation in 7.37s[0m
Aug 02, 2023 2:43:28 PM scala.meta.internal.pc.CompilerAccess handleError
SEVERE: A severe compiler error occurred, full details of the error can be found in the error report /home/mrocco/workspace/fpscala/.metals/.reports/metals-full/r_compiler-error_1690980208397
2023.08.02 14:43:28 INFO  time: code lens generation in 13s[0m
Aug 02, 2023 2:44:30 PM scala.meta.internal.pc.CompilerAccess handleError
SEVERE: A severe compiler error occurred, full details of the error can be found in the error report /home/mrocco/workspace/fpscala/.metals/.reports/metals-full/r_compiler-error_1690980270105
Aug 02, 2023 2:46:05 PM scala.meta.internal.pc.CompilerAccess handleError
SEVERE: A severe compiler error occurred, full details of the error can be found in the error report /home/mrocco/workspace/fpscala/.metals/.reports/metals-full/r_compiler-error_1690980365775
Aug 02, 2023 2:46:58 PM scala.meta.internal.pc.CompilerAccess handleError
SEVERE: A severe compiler error occurred, full details of the error can be found in the error report /home/mrocco/workspace/fpscala/.metals/.reports/metals-full/r_compiler-error_1690980418942
Aug 02, 2023 2:47:10 PM scala.meta.internal.pc.CompilerAccess handleError
SEVERE: A severe compiler error occurred, full details of the error can be found in the error report /home/mrocco/workspace/fpscala/.metals/.reports/metals-full/r_compiler-error_1690980430542
Aug 02, 2023 2:47:48 PM scala.meta.internal.pc.CompilerAccess handleError
SEVERE: A severe compiler error occurred, full details of the error can be found in the error report /home/mrocco/workspace/fpscala/.metals/.reports/metals-full/r_compiler-error_1690980468334
Aug 02, 2023 2:58:44 PM scala.meta.internal.pc.CompilerAccess handleError
SEVERE: A severe compiler error occurred, full details of the error can be found in the error report /home/mrocco/workspace/fpscala/.metals/.reports/metals-full/r_compiler-error_1690981124613
2023.08.02 14:58:44 INFO  time: code lens generation in 1.06s[0m
Aug 02, 2023 2:59:35 PM scala.meta.internal.pc.CompilerAccess handleError
SEVERE: A severe compiler error occurred, full details of the error can be found in the error report /home/mrocco/workspace/fpscala/.metals/.reports/metals-full/r_compiler-error_1690981175776
Aug 02, 2023 3:10:29 PM scala.meta.internal.pc.CompilerAccess handleError
SEVERE: A severe compiler error occurred, full details of the error can be found in the error report /home/mrocco/workspace/fpscala/.metals/.reports/metals-full/r_compiler-error_1690981829455
Aug 02, 2023 3:11:05 PM scala.meta.internal.pc.CompilerAccess handleError
SEVERE: A severe compiler error occurred, full details of the error can be found in the error report /home/mrocco/workspace/fpscala/.metals/.reports/metals-full/r_compiler-error_1690981865571
Aug 02, 2023 3:11:57 PM scala.meta.internal.pc.CompilerAccess handleError
SEVERE: A severe compiler error occurred, full details of the error can be found in the error report /home/mrocco/workspace/fpscala/.metals/.reports/metals-full/r_compiler-error_1690981917672
Aug 02, 2023 3:12:06 PM scala.meta.internal.pc.CompilerAccess handleError
SEVERE: A severe compiler error occurred, full details of the error can be found in the error report /home/mrocco/workspace/fpscala/.metals/.reports/metals-full/r_compiler-error_1690981926975
Aug 02, 2023 3:13:19 PM scala.meta.internal.pc.CompilerAccess handleError
SEVERE: A severe compiler error occurred, full details of the error can be found in the error report /home/mrocco/workspace/fpscala/.metals/.reports/metals-full/r_compiler-error_1690981999446
Aug 02, 2023 3:13:31 PM scala.meta.internal.pc.CompilerAccess handleError
SEVERE: A severe compiler error occurred, full details of the error can be found in the error report /home/mrocco/workspace/fpscala/.metals/.reports/metals-full/r_compiler-error_1690982011667
Aug 02, 2023 3:13:41 PM scala.meta.internal.pc.CompilerAccess handleError
SEVERE: A severe compiler error occurred, full details of the error can be found in the error report /home/mrocco/workspace/fpscala/.metals/.reports/metals-full/r_compiler-error_1690982021116
Aug 02, 2023 3:14:04 PM scala.meta.internal.pc.CompilerAccess handleError
SEVERE: A severe compiler error occurred, full details of the error can be found in the error report /home/mrocco/workspace/fpscala/.metals/.reports/metals-full/r_compiler-error_1690982044929
Aug 02, 2023 3:17:23 PM scala.meta.internal.pc.CompilerAccess handleError
SEVERE: A severe compiler error occurred, full details of the error can be found in the error report /home/mrocco/workspace/fpscala/.metals/.reports/metals-full/r_compiler-error_1690982243099
Aug 02, 2023 3:17:37 PM scala.meta.internal.pc.CompilerAccess handleError
SEVERE: A severe compiler error occurred, full details of the error can be found in the error report /home/mrocco/workspace/fpscala/.metals/.reports/metals-full/r_compiler-error_1690982257792
Aug 02, 2023 3:17:57 PM scala.meta.internal.pc.CompilerAccess handleError
SEVERE: A severe compiler error occurred, full details of the error can be found in the error report /home/mrocco/workspace/fpscala/.metals/.reports/metals-full/r_compiler-error_1690982277020
Aug 02, 2023 3:19:53 PM scala.meta.internal.pc.CompilerAccess handleError
SEVERE: A severe compiler error occurred, full details of the error can be found in the error report /home/mrocco/workspace/fpscala/.metals/.reports/metals-full/r_compiler-error_1690982393682
Aug 02, 2023 3:19:58 PM scala.meta.internal.pc.CompilerAccess handleError
SEVERE: A severe compiler error occurred, full details of the error can be found in the error report /home/mrocco/workspace/fpscala/.metals/.reports/metals-full/r_compiler-error_1690982398981
Aug 02, 2023 3:20:25 PM scala.meta.internal.pc.CompilerAccess handleError
SEVERE: A severe compiler error occurred, full details of the error can be found in the error report /home/mrocco/workspace/fpscala/.metals/.reports/metals-full/r_compiler-error_1690982425389
Aug 02, 2023 3:20:39 PM scala.meta.internal.pc.CompilerAccess handleError
SEVERE: A severe compiler error occurred, full details of the error can be found in the error report /home/mrocco/workspace/fpscala/.metals/.reports/metals-full/r_compiler-error_1690982439379
Aug 02, 2023 3:20:44 PM scala.meta.internal.pc.CompilerAccess handleError
SEVERE: A severe compiler error occurred, full details of the error can be found in the error report /home/mrocco/workspace/fpscala/.metals/.reports/metals-full/r_compiler-error_1690982444295
Aug 02, 2023 3:20:50 PM scala.meta.internal.pc.CompilerAccess handleError
SEVERE: A severe compiler error occurred, full details of the error can be found in the error report /home/mrocco/workspace/fpscala/.metals/.reports/metals-full/r_compiler-error_1690982450683
2023.08.02 15:36:47 INFO  Started: Metals version 1.0.0 in folders '/home/mrocco/workspace/fpscala' for client Visual Studio Code 1.80.1.[0m
Aug 02, 2023 3:36:48 PM org.flywaydb.core.internal.license.VersionPrinter printVersionOnly
INFO: Flyway Community Edition 9.20.1 by Redgate
Aug 02, 2023 3:36:48 PM org.flywaydb.core.internal.license.VersionPrinter printVersion
INFO: See release notes here: https://rd.gt/416ObMi
Aug 02, 2023 3:36:48 PM org.flywaydb.core.internal.license.VersionPrinter printVersion
INFO: 
Aug 02, 2023 3:36:53 PM org.flywaydb.core.internal.database.base.BaseDatabaseType createDatabase
INFO: Database: jdbc:h2:file:/home/mrocco/workspace/fpscala/.metals/metals (H2 2.1)
Aug 02, 2023 3:36:54 PM org.flywaydb.core.internal.command.DbValidate validate
INFO: Successfully validated 4 migrations (execution time 00:00.113s)
Aug 02, 2023 3:36:54 PM org.flywaydb.core.internal.command.DbMigrate migrateGroup
INFO: Current version of schema "PUBLIC": 4
Aug 02, 2023 3:36:54 PM org.flywaydb.core.internal.command.DbMigrate logSummary
INFO: Schema "PUBLIC" is up to date. No migration necessary.
2023.08.02 15:36:54 INFO  time: initialize in 6.75s[0m
2023.08.02 15:37:01 INFO  Attempting to connect to the build server...[0m
2023.08.02 15:37:01 INFO  Bloop uses /usr/lib/jvm/java-11-openjdk-11.0.19.0.7-1.fc38.x86_64 defined at /home/mrocco/.bloop/bloop.json[0m
2023.08.02 15:37:02 INFO  skipping build import with status 'Installed'[0m
2023.08.02 15:37:16 INFO  tracing is disabled for protocol BSP, to enable tracing of incoming and outgoing JSON messages create an empty file at /home/mrocco/workspace/fpscala/.metals/bsp.trace.json or /home/mrocco/.cache/metals/bsp.trace.json[0m
2023.08.02 15:37:16 INFO  no build target found for /home/mrocco/workspace/fpscala/eg1010/src/main/scala/eg.worksheet.sc. Using presentation compiler with project's scala-library version: 3.3.0[0m
2023.08.02 15:37:18 INFO  Attempting to connect to the build server...[0m
2023.08.02 15:37:18 INFO  Bloop uses /usr/lib/jvm/java-11-openjdk-11.0.19.0.7-1.fc38.x86_64 defined at /home/mrocco/.bloop/bloop.json[0m
2023.08.02 15:37:18 INFO  tracing is disabled for protocol BSP, to enable tracing of incoming and outgoing JSON messages create an empty file at /home/mrocco/workspace/fpscala/project/.metals/bsp.trace.json or /home/mrocco/.cache/metals/bsp.trace.json[0m
2023.08.02 15:37:18 INFO  time: Connected to build server in 16s[0m
2023.08.02 15:37:18 INFO  Connected to Build server: Bloop v1.5.8[0m
2023.08.02 15:37:19 INFO  time: Imported build in 0.25s[0m
2023.08.02 15:37:27 INFO  time: code lens generation in 21s[0m
2023.08.02 15:37:35 WARN  Could not find java sources in /usr/lib/jvm/src.zip, /usr/lib/jvm/lib/src.zip, /usr/lib/jvm/java-11-openjdk-11.0.19.0.7-1.fc38.x86_64/src.zip, /usr/lib/jvm/java-11-openjdk-11.0.19.0.7-1.fc38.x86_64/lib/src.zip, /usr/lib/jvm/src.zip, /usr/lib/jvm/lib/src.zip, /usr/lib/jvm/java-11-openjdk-11.0.19.0.7-1.fc38.x86_64/src.zip, /usr/lib/jvm/java-11-openjdk-11.0.19.0.7-1.fc38.x86_64/lib/src.zip. Java symbols will not be available.[0m
2023.08.02 15:37:36 WARN  Could not find java sources in /usr/lib/jvm/src.zip, /usr/lib/jvm/lib/src.zip, /usr/lib/jvm/java-11-openjdk-11.0.19.0.7-1.fc38.x86_64/src.zip, /usr/lib/jvm/java-11-openjdk-11.0.19.0.7-1.fc38.x86_64/lib/src.zip, /usr/lib/jvm/src.zip, /usr/lib/jvm/lib/src.zip, /usr/lib/jvm/java-11-openjdk-11.0.19.0.7-1.fc38.x86_64/src.zip, /usr/lib/jvm/java-11-openjdk-11.0.19.0.7-1.fc38.x86_64/lib/src.zip. Java symbols will not be available.[0m
2023.08.02 15:37:36 WARN  Could not find java sources in /usr/lib/jvm/src.zip, /usr/lib/jvm/lib/src.zip, /usr/lib/jvm/java-11-openjdk-11.0.19.0.7-1.fc38.x86_64/src.zip, /usr/lib/jvm/java-11-openjdk-11.0.19.0.7-1.fc38.x86_64/lib/src.zip, /usr/lib/jvm/src.zip, /usr/lib/jvm/lib/src.zip, /usr/lib/jvm/java-11-openjdk-11.0.19.0.7-1.fc38.x86_64/src.zip, /usr/lib/jvm/java-11-openjdk-11.0.19.0.7-1.fc38.x86_64/lib/src.zip. Java symbols will not be available.[0m
2023.08.02 15:37:36 INFO  time: indexed workspace in 17s[0m
2023.08.02 15:37:36 WARN  no build target for: /home/mrocco/workspace/fpscala/eg1010/src/main/scala/eg.worksheet.sc[0m
[31merror[39m: eg1010/src/main/scala/eg.worksheet.sc:5:31: ; expected but : found
class Rational(x: Int, y: Int):
                              ^
2023.08.02 15:38:01 INFO  time: evaluated worksheet 'eg.worksheet.sc' in 24s[0m
2023.08.02 15:38:01 WARN  no build target for: /home/mrocco/workspace/fpscala/eg1010/src/main/scala/eg.worksheet.sc[0m
[31merror[39m: eg1010/src/main/scala/eg.worksheet.sc:5:31: ; expected but : found
class Rational(x: Int, y: Int):
                              ^
2023.08.02 15:38:04 INFO  time: evaluated worksheet 'eg.worksheet.sc' in 2.9s[0m
Aug 02, 2023 3:38:04 PM scala.meta.internal.pc.CompilerAccess handleError
SEVERE: A severe compiler error occurred, full details of the error can be found in the error report /home/mrocco/workspace/fpscala/.metals/.reports/metals-full/r_compiler-error_1690983484703
2023.08.02 15:38:04 INFO  time: code lens generation in 27s[0m
2023.08.02 15:38:11 INFO  no build target found for /home/mrocco/workspace/fpscala/eg1010/src/main/scala/eg.worksheet.sc. Using presentation compiler with project's scala-library version: 2.12.18[0m
Aug 02, 2023 3:38:13 PM scala.meta.internal.pc.CompilerAccess handleError
SEVERE: A severe compiler error occurred, full details of the error can be found in the error report /home/mrocco/workspace/fpscala/.metals/.reports/metals-full/r_compiler-error_1690983493820
Aug 02, 2023 3:44:52 PM scala.meta.internal.pc.CompilerAccess handleError
SEVERE: A severe compiler error occurred, full details of the error can be found in the error report /home/mrocco/workspace/fpscala/.metals/.reports/metals-full/r_compiler-error_1690983892078
Aug 02, 2023 3:46:00 PM scala.meta.internal.pc.CompilerAccess handleError
SEVERE: A severe compiler error occurred, full details of the error can be found in the error report /home/mrocco/workspace/fpscala/.metals/.reports/metals-full/r_compiler-error_1690983960114
Aug 02, 2023 3:46:11 PM scala.meta.internal.pc.CompilerAccess handleError
SEVERE: A severe compiler error occurred, full details of the error can be found in the error report /home/mrocco/workspace/fpscala/.metals/.reports/metals-full/r_compiler-error_1690983971301
Aug 02, 2023 3:46:45 PM scala.meta.internal.pc.CompilerAccess handleError
SEVERE: A severe compiler error occurred, full details of the error can be found in the error report /home/mrocco/workspace/fpscala/.metals/.reports/metals-full/r_compiler-error_1690984005769
Aug 02, 2023 3:47:45 PM scala.meta.internal.pc.CompilerAccess handleError
SEVERE: A severe compiler error occurred, full details of the error can be found in the error report /home/mrocco/workspace/fpscala/.metals/.reports/metals-full/r_compiler-error_1690984065385
Aug 02, 2023 3:49:24 PM scala.meta.internal.pc.CompilerAccess handleError
SEVERE: A severe compiler error occurred, full details of the error can be found in the error report /home/mrocco/workspace/fpscala/.metals/.reports/metals-full/r_compiler-error_1690984164018
Aug 02, 2023 3:53:54 PM scala.meta.internal.pc.CompilerAccess handleError
SEVERE: A severe compiler error occurred, full details of the error can be found in the error report /home/mrocco/workspace/fpscala/.metals/.reports/metals-full/r_compiler-error_1690984434746
Aug 02, 2023 3:54:29 PM scala.meta.internal.pc.CompilerAccess handleError
SEVERE: A severe compiler error occurred, full details of the error can be found in the error report /home/mrocco/workspace/fpscala/.metals/.reports/metals-full/r_compiler-error_1690984469549
Aug 02, 2023 3:54:34 PM scala.meta.internal.pc.CompilerAccess handleError
SEVERE: A severe compiler error occurred, full details of the error can be found in the error report /home/mrocco/workspace/fpscala/.metals/.reports/metals-full/r_compiler-error_1690984474220
Aug 02, 2023 3:54:46 PM scala.meta.internal.pc.CompilerAccess handleError
SEVERE: A severe compiler error occurred, full details of the error can be found in the error report /home/mrocco/workspace/fpscala/.metals/.reports/metals-full/r_compiler-error_1690984486494
Aug 02, 2023 3:54:56 PM scala.meta.internal.pc.CompilerAccess handleError
SEVERE: A severe compiler error occurred, full details of the error can be found in the error report /home/mrocco/workspace/fpscala/.metals/.reports/metals-full/r_compiler-error_1690984496270
Aug 02, 2023 3:55:06 PM scala.meta.internal.pc.CompilerAccess handleError
SEVERE: A severe compiler error occurred, full details of the error can be found in the error report /home/mrocco/workspace/fpscala/.metals/.reports/metals-full/r_compiler-error_1690984506758
Aug 02, 2023 3:55:16 PM scala.meta.internal.pc.CompilerAccess handleError
SEVERE: A severe compiler error occurred, full details of the error can be found in the error report /home/mrocco/workspace/fpscala/.metals/.reports/metals-full/r_compiler-error_1690984516188
Aug 02, 2023 3:55:36 PM scala.meta.internal.pc.CompilerAccess handleError
SEVERE: A severe compiler error occurred, full details of the error can be found in the error report /home/mrocco/workspace/fpscala/.metals/.reports/metals-full/r_compiler-error_1690984536444
Aug 02, 2023 3:55:41 PM scala.meta.internal.pc.CompilerAccess handleError
SEVERE: A severe compiler error occurred, full details of the error can be found in the error report /home/mrocco/workspace/fpscala/.metals/.reports/metals-full/r_compiler-error_1690984541460
Aug 02, 2023 3:55:45 PM scala.meta.internal.pc.CompilerAccess handleError
SEVERE: A severe compiler error occurred, full details of the error can be found in the error report /home/mrocco/workspace/fpscala/.metals/.reports/metals-full/r_compiler-error_1690984545336
Aug 02, 2023 3:55:54 PM scala.meta.internal.pc.CompilerAccess handleError
SEVERE: A severe compiler error occurred, full details of the error can be found in the error report /home/mrocco/workspace/fpscala/.metals/.reports/metals-full/r_compiler-error_1690984554706
Aug 02, 2023 3:56:25 PM scala.meta.internal.pc.CompilerAccess handleError
SEVERE: A severe compiler error occurred, full details of the error can be found in the error report /home/mrocco/workspace/fpscala/.metals/.reports/metals-full/r_compiler-error_1690984585727
Aug 02, 2023 3:56:45 PM scala.meta.internal.pc.CompilerAccess handleError
SEVERE: A severe compiler error occurred, full details of the error can be found in the error report /home/mrocco/workspace/fpscala/.metals/.reports/metals-full/r_compiler-error_1690984605630
Aug 02, 2023 3:57:37 PM scala.meta.internal.pc.CompilerAccess handleError
SEVERE: A severe compiler error occurred, full details of the error can be found in the error report /home/mrocco/workspace/fpscala/.metals/.reports/metals-full/r_compiler-error_1690984657125
Aug 02, 2023 3:57:56 PM scala.meta.internal.pc.CompilerAccess handleError
SEVERE: A severe compiler error occurred, full details of the error can be found in the error report /home/mrocco/workspace/fpscala/.metals/.reports/metals-full/r_compiler-error_1690984676411
Aug 02, 2023 4:14:55 PM scala.meta.internal.pc.CompilerAccess handleError
SEVERE: A severe compiler error occurred, full details of the error can be found in the error report /home/mrocco/workspace/fpscala/.metals/.reports/metals-full/r_compiler-error_1690985695097
Aug 02, 2023 4:14:58 PM scala.meta.internal.pc.CompilerAccess handleError
SEVERE: A severe compiler error occurred, full details of the error can be found in the error report /home/mrocco/workspace/fpscala/.metals/.reports/metals-full/r_compiler-error_1690985698174
Aug 02, 2023 4:16:07 PM scala.meta.internal.pc.CompilerAccess handleError
SEVERE: A severe compiler error occurred, full details of the error can be found in the error report /home/mrocco/workspace/fpscala/.metals/.reports/metals-full/r_compiler-error_1690985767985
Aug 02, 2023 4:29:03 PM scala.meta.internal.pc.CompilerAccess handleError
SEVERE: A severe compiler error occurred, full details of the error can be found in the error report /home/mrocco/workspace/fpscala/.metals/.reports/metals-full/r_compiler-error_1690986543673
Aug 02, 2023 4:29:11 PM scala.meta.internal.pc.CompilerAccess handleError
SEVERE: A severe compiler error occurred, full details of the error can be found in the error report /home/mrocco/workspace/fpscala/.metals/.reports/metals-full/r_compiler-error_1690986551823
Aug 02, 2023 4:29:13 PM scala.meta.internal.pc.CompilerAccess handleError
SEVERE: A severe compiler error occurred, full details of the error can be found in the error report /home/mrocco/workspace/fpscala/.metals/.reports/metals-full/r_compiler-error_1690986553861
2023.08.02 16:29:16 WARN  no build target for: /home/mrocco/workspace/fpscala/eg1010/src/main/scala/eg.worksheet.sc[0m
[31merror[39m: eg1010/src/main/scala/eg.worksheet.sc:5:31: ; expected but : found
class Rational(x: Int, y: Int):
                              ^
Aug 02, 2023 4:29:16 PM scala.meta.internal.pc.CompilerAccess handleError
SEVERE: A severe compiler error occurred, full details of the error can be found in the error report /home/mrocco/workspace/fpscala/.metals/.reports/metals-full/r_compiler-error_1690986556994
2023.08.02 16:29:17 INFO  time: evaluated worksheet 'eg.worksheet.sc' in 0.33s[0m
Aug 02, 2023 4:29:17 PM scala.meta.internal.pc.CompilerAccess handleError
SEVERE: A severe compiler error occurred, full details of the error can be found in the error report /home/mrocco/workspace/fpscala/.metals/.reports/metals-full/r_compiler-error_1690986557627
Aug 02, 2023 4:29:26 PM scala.meta.internal.pc.CompilerAccess handleError
SEVERE: A severe compiler error occurred, full details of the error can be found in the error report /home/mrocco/workspace/fpscala/.metals/.reports/metals-full/r_compiler-error_1690986566092
Aug 02, 2023 4:29:27 PM scala.meta.internal.pc.CompilerAccess handleError
SEVERE: A severe compiler error occurred, full details of the error can be found in the error report /home/mrocco/workspace/fpscala/.metals/.reports/metals-full/r_compiler-error_1690986567268
Aug 02, 2023 4:29:28 PM scala.meta.internal.pc.CompilerAccess handleError
SEVERE: A severe compiler error occurred, full details of the error can be found in the error report /home/mrocco/workspace/fpscala/.metals/.reports/metals-full/r_compiler-error_1690986568830
Aug 02, 2023 4:29:53 PM scala.meta.internal.pc.CompilerAccess handleError
SEVERE: A severe compiler error occurred, full details of the error can be found in the error report /home/mrocco/workspace/fpscala/.metals/.reports/metals-full/r_compiler-error_1690986593857
Aug 02, 2023 4:30:03 PM scala.meta.internal.pc.CompilerAccess handleError
SEVERE: A severe compiler error occurred, full details of the error can be found in the error report /home/mrocco/workspace/fpscala/.metals/.reports/metals-full/r_compiler-error_1690986603518
Aug 02, 2023 4:30:04 PM scala.meta.internal.pc.CompilerAccess handleError
SEVERE: A severe compiler error occurred, full details of the error can be found in the error report /home/mrocco/workspace/fpscala/.metals/.reports/metals-full/r_compiler-error_1690986604082
2023.08.02 16:30:04 WARN  no build target for: /home/mrocco/workspace/fpscala/eg1010/src/main/scala/eg.worksheet.sc[0m
[31merror[39m: eg1010/src/main/scala/eg.worksheet.sc:5:31: ; expected but : found
class Rational(x: Int, y: Int):
                              ^
Aug 02, 2023 4:30:04 PM scala.meta.internal.pc.CompilerAccess handleError
SEVERE: A severe compiler error occurred, full details of the error can be found in the error report /home/mrocco/workspace/fpscala/.metals/.reports/metals-full/r_compiler-error_1690986604652
2023.08.02 16:30:04 INFO  time: evaluated worksheet 'eg.worksheet.sc' in 0.25s[0m
Aug 02, 2023 4:30:10 PM scala.meta.internal.pc.CompilerAccess handleError
SEVERE: A severe compiler error occurred, full details of the error can be found in the error report /home/mrocco/workspace/fpscala/.metals/.reports/metals-full/r_compiler-error_1690986610886
Aug 02, 2023 4:30:17 PM scala.meta.internal.pc.CompilerAccess handleError
SEVERE: A severe compiler error occurred, full details of the error can be found in the error report /home/mrocco/workspace/fpscala/.metals/.reports/metals-full/r_compiler-error_1690986617283
Aug 02, 2023 4:30:19 PM scala.meta.internal.pc.CompilerAccess handleError
SEVERE: A severe compiler error occurred, full details of the error can be found in the error report /home/mrocco/workspace/fpscala/.metals/.reports/metals-full/r_compiler-error_1690986619937
Aug 02, 2023 4:30:22 PM scala.meta.internal.pc.CompilerAccess handleError
SEVERE: A severe compiler error occurred, full details of the error can be found in the error report /home/mrocco/workspace/fpscala/.metals/.reports/metals-full/r_compiler-error_1690986622306
Aug 02, 2023 4:30:24 PM scala.meta.internal.pc.CompilerAccess handleError
SEVERE: A severe compiler error occurred, full details of the error can be found in the error report /home/mrocco/workspace/fpscala/.metals/.reports/metals-full/r_compiler-error_1690986624870
Aug 02, 2023 4:30:25 PM scala.meta.internal.pc.CompilerAccess handleError
SEVERE: A severe compiler error occurred, full details of the error can be found in the error report /home/mrocco/workspace/fpscala/.metals/.reports/metals-full/r_compiler-error_1690986625542
Aug 02, 2023 4:30:26 PM scala.meta.internal.pc.CompilerAccess handleError
SEVERE: A severe compiler error occurred, full details of the error can be found in the error report /home/mrocco/workspace/fpscala/.metals/.reports/metals-full/r_compiler-error_1690986626091
Aug 02, 2023 4:30:28 PM scala.meta.internal.pc.CompilerAccess handleError
SEVERE: A severe compiler error occurred, full details of the error can be found in the error report /home/mrocco/workspace/fpscala/.metals/.reports/metals-full/r_compiler-error_1690986628286
Aug 02, 2023 4:30:34 PM scala.meta.internal.pc.CompilerAccess handleError
SEVERE: A severe compiler error occurred, full details of the error can be found in the error report /home/mrocco/workspace/fpscala/.metals/.reports/metals-full/r_compiler-error_1690986634290
Aug 02, 2023 4:30:42 PM scala.meta.internal.pc.CompilerAccess handleError
SEVERE: A severe compiler error occurred, full details of the error can be found in the error report /home/mrocco/workspace/fpscala/.metals/.reports/metals-full/r_compiler-error_1690986642123
Aug 02, 2023 4:30:48 PM scala.meta.internal.pc.CompilerAccess handleError
SEVERE: A severe compiler error occurred, full details of the error can be found in the error report /home/mrocco/workspace/fpscala/.metals/.reports/metals-full/r_compiler-error_1690986648683
Aug 02, 2023 4:31:08 PM scala.meta.internal.pc.CompilerAccess handleError
SEVERE: A severe compiler error occurred, full details of the error can be found in the error report /home/mrocco/workspace/fpscala/.metals/.reports/metals-full/r_compiler-error_1690986668886
Aug 02, 2023 4:31:12 PM scala.meta.internal.pc.CompilerAccess handleError
SEVERE: A severe compiler error occurred, full details of the error can be found in the error report /home/mrocco/workspace/fpscala/.metals/.reports/metals-full/r_compiler-error_1690986672840
2023.08.02 16:31:13 INFO  Shutting down server[0m
2023.08.02 16:31:13 INFO  shutting down Metals[0m
2023.08.02 16:31:13 INFO  Shut down connection with build server.[0m
2023.08.02 16:31:13 INFO  Shut down connection with build server.[0m
2023.08.02 16:31:13 INFO  Exiting server[0m
2023.08.11 16:35:21 INFO  Started: Metals version 1.0.0 in folders '/home/mrocco/workspace/fpscala' for client Visual Studio Code 1.81.1.[0m
Aug 11, 2023 4:35:22 PM org.flywaydb.core.internal.license.VersionPrinter printVersionOnly
INFO: Flyway Community Edition 9.20.1 by Redgate
Aug 11, 2023 4:35:22 PM org.flywaydb.core.internal.license.VersionPrinter printVersion
INFO: See release notes here: https://rd.gt/416ObMi
Aug 11, 2023 4:35:22 PM org.flywaydb.core.internal.license.VersionPrinter printVersion
INFO: 
Aug 11, 2023 4:35:23 PM org.flywaydb.core.internal.database.base.BaseDatabaseType createDatabase
INFO: Database: jdbc:h2:file:/home/mrocco/workspace/fpscala/.metals/metals (H2 2.1)
Aug 11, 2023 4:35:23 PM org.flywaydb.core.internal.command.DbValidate validate
INFO: Successfully validated 4 migrations (execution time 00:00.055s)
Aug 11, 2023 4:35:23 PM org.flywaydb.core.internal.command.DbMigrate migrateGroup
INFO: Current version of schema "PUBLIC": 4
Aug 11, 2023 4:35:23 PM org.flywaydb.core.internal.command.DbMigrate logSummary
INFO: Schema "PUBLIC" is up to date. No migration necessary.
2023.08.11 16:35:24 INFO  time: initialize in 2.18s[0m
2023.08.11 16:35:27 INFO  Attempting to connect to the build server...[0m
2023.08.11 16:35:27 INFO  Bloop uses /usr/lib/jvm/java-11-openjdk-11.0.19.0.7-1.fc38.x86_64 defined at /home/mrocco/.bloop/bloop.json[0m
2023.08.11 16:35:28 INFO  skipping build import with status 'Installed'[0m
2023.08.11 16:35:36 INFO  tracing is disabled for protocol BSP, to enable tracing of incoming and outgoing JSON messages create an empty file at /home/mrocco/workspace/fpscala/.metals/bsp.trace.json or /home/mrocco/.cache/metals/bsp.trace.json[0m
2023.08.11 16:35:37 INFO  Attempting to connect to the build server...[0m
2023.08.11 16:35:37 INFO  Bloop uses /usr/lib/jvm/java-11-openjdk-11.0.19.0.7-1.fc38.x86_64 defined at /home/mrocco/.bloop/bloop.json[0m
2023.08.11 16:35:37 INFO  tracing is disabled for protocol BSP, to enable tracing of incoming and outgoing JSON messages create an empty file at /home/mrocco/workspace/fpscala/project/.metals/bsp.trace.json or /home/mrocco/.cache/metals/bsp.trace.json[0m
2023.08.11 16:35:37 INFO  time: Connected to build server in 10s[0m
2023.08.11 16:35:37 INFO  Connected to Build server: Bloop v1.5.8[0m
2023.08.11 16:35:47 INFO  no build target found for /home/mrocco/workspace/fpscala/eg1010/src/main/scala/eg.worksheet.sc. Using presentation compiler with project's scala-library version: 3.3.0[0m
2023.08.11 16:35:47 INFO  time: code lens generation in 17s[0m
2023.08.11 16:35:48 INFO  time: Imported build in 0.15s[0m
2023.08.11 16:35:50 WARN  Could not find java sources in /usr/lib/jvm/src.zip, /usr/lib/jvm/lib/src.zip, /usr/lib/jvm/java-11-openjdk-11.0.19.0.7-1.fc38.x86_64/src.zip, /usr/lib/jvm/java-11-openjdk-11.0.19.0.7-1.fc38.x86_64/lib/src.zip, /usr/lib/jvm/src.zip, /usr/lib/jvm/lib/src.zip, /usr/lib/jvm/java-11-openjdk-11.0.19.0.7-1.fc38.x86_64/src.zip, /usr/lib/jvm/java-11-openjdk-11.0.19.0.7-1.fc38.x86_64/lib/src.zip. Java symbols will not be available.[0m
2023.08.11 16:35:50 WARN  Could not find java sources in /usr/lib/jvm/src.zip, /usr/lib/jvm/lib/src.zip, /usr/lib/jvm/java-11-openjdk-11.0.19.0.7-1.fc38.x86_64/src.zip, /usr/lib/jvm/java-11-openjdk-11.0.19.0.7-1.fc38.x86_64/lib/src.zip, /usr/lib/jvm/src.zip, /usr/lib/jvm/lib/src.zip, /usr/lib/jvm/java-11-openjdk-11.0.19.0.7-1.fc38.x86_64/src.zip, /usr/lib/jvm/java-11-openjdk-11.0.19.0.7-1.fc38.x86_64/lib/src.zip. Java symbols will not be available.[0m
2023.08.11 16:35:50 WARN  Could not find java sources in /usr/lib/jvm/src.zip, /usr/lib/jvm/lib/src.zip, /usr/lib/jvm/java-11-openjdk-11.0.19.0.7-1.fc38.x86_64/src.zip, /usr/lib/jvm/java-11-openjdk-11.0.19.0.7-1.fc38.x86_64/lib/src.zip, /usr/lib/jvm/src.zip, /usr/lib/jvm/lib/src.zip, /usr/lib/jvm/java-11-openjdk-11.0.19.0.7-1.fc38.x86_64/src.zip, /usr/lib/jvm/java-11-openjdk-11.0.19.0.7-1.fc38.x86_64/lib/src.zip. Java symbols will not be available.[0m
2023.08.11 16:35:50 INFO  time: indexed workspace in 2.66s[0m
2023.08.11 16:35:51 WARN  no build target for: /home/mrocco/workspace/fpscala/eg1010/src/main/scala/eg.worksheet.sc[0m
[31merror[39m: eg1010/src/main/scala/eg.worksheet.sc:5:31: ; expected but : found
class Rational(x: Int, y: Int):
                              ^
2023.08.11 16:35:57 INFO  time: evaluated worksheet 'eg.worksheet.sc' in 6.32s[0m
2023.08.11 16:35:57 WARN  no build target for: /home/mrocco/workspace/fpscala/eg1010/src/main/scala/eg.worksheet.sc[0m
[31merror[39m: eg1010/src/main/scala/eg.worksheet.sc:5:31: ; expected but : found
class Rational(x: Int, y: Int):
                              ^
2023.08.11 16:35:58 INFO  time: evaluated worksheet 'eg.worksheet.sc' in 1.16s[0m
2023.08.11 16:36:01 INFO  no build target found for /home/mrocco/workspace/fpscala/eg1010/src/main/scala/eg.worksheet.sc. Using presentation compiler with project's scala-library version: 2.12.18[0m
Aug 11, 2023 4:36:02 PM scala.meta.internal.pc.CompilerAccess handleError
SEVERE: A severe compiler error occurred, full details of the error can be found in the error report /home/mrocco/workspace/fpscala/.metals/.reports/metals-full/r_compiler-error_1691764562788
Aug 11, 2023 4:36:03 PM scala.meta.internal.pc.CompilerAccess handleError
SEVERE: A severe compiler error occurred, full details of the error can be found in the error report /home/mrocco/workspace/fpscala/.metals/.reports/metals-full/r_compiler-error_1691764563474
2023.08.11 16:36:03 INFO  time: code lens generation in 11s[0m
Aug 11, 2023 4:37:13 PM scala.meta.internal.pc.CompilerAccess handleError
SEVERE: A severe compiler error occurred, full details of the error can be found in the error report /home/mrocco/workspace/fpscala/.metals/.reports/metals-full/r_compiler-error_1691764633831
Aug 11, 2023 4:37:59 PM scala.meta.internal.pc.CompilerAccess handleError
SEVERE: A severe compiler error occurred, full details of the error can be found in the error report /home/mrocco/workspace/fpscala/.metals/.reports/metals-full/r_compiler-error_1691764679191
2023.08.11 16:38:10 ERROR [0m
2023.08.11 16:38:10 ERROR https://github.com/scala/scala3.g8.git: cannot open git-upload-pack[0m
2023.08.11 16:38:10 ERROR [0m
2023.08.11 16:38:10 INFO  time: ran 'giter8.Giter8' in 11s[0m
Aug 11, 2023 4:38:23 PM scala.meta.internal.pc.CompilerAccess handleError
SEVERE: A severe compiler error occurred, full details of the error can be found in the error report /home/mrocco/workspace/fpscala/.metals/.reports/metals-full/r_compiler-error_1691764703943
Aug 11, 2023 4:38:34 PM scala.meta.internal.pc.CompilerAccess handleError
SEVERE: A severe compiler error occurred, full details of the error can be found in the error report /home/mrocco/workspace/fpscala/.metals/.reports/metals-full/r_compiler-error_1691764714933
Aug 11, 2023 4:38:39 PM scala.meta.internal.pc.CompilerAccess handleError
SEVERE: A severe compiler error occurred, full details of the error can be found in the error report /home/mrocco/workspace/fpscala/.metals/.reports/metals-full/r_compiler-error_1691764719621
Aug 11, 2023 4:38:53 PM scala.meta.internal.pc.CompilerAccess handleError
SEVERE: A severe compiler error occurred, full details of the error can be found in the error report /home/mrocco/workspace/fpscala/.metals/.reports/metals-full/r_compiler-error_1691764733436
Aug 11, 2023 4:38:57 PM scala.meta.internal.pc.CompilerAccess handleError
SEVERE: A severe compiler error occurred, full details of the error can be found in the error report /home/mrocco/workspace/fpscala/.metals/.reports/metals-full/r_compiler-error_1691764737731
Aug 11, 2023 4:40:23 PM scala.meta.internal.pc.CompilerAccess handleError
SEVERE: A severe compiler error occurred, full details of the error can be found in the error report /home/mrocco/workspace/fpscala/.metals/.reports/metals-full/r_compiler-error_1691764823693
Aug 11, 2023 4:40:26 PM scala.meta.internal.pc.CompilerAccess handleError
SEVERE: A severe compiler error occurred, full details of the error can be found in the error report /home/mrocco/workspace/fpscala/.metals/.reports/metals-full/r_compiler-error_1691764826403
Aug 11, 2023 4:40:33 PM scala.meta.internal.pc.CompilerAccess handleError
SEVERE: A severe compiler error occurred, full details of the error can be found in the error report /home/mrocco/workspace/fpscala/.metals/.reports/metals-full/r_compiler-error_1691764833940
Aug 11, 2023 4:41:25 PM scala.meta.internal.pc.CompilerAccess handleError
SEVERE: A severe compiler error occurred, full details of the error can be found in the error report /home/mrocco/workspace/fpscala/.metals/.reports/metals-full/r_compiler-error_1691764885448
2023.08.11 16:41:27 INFO  [0m
2023.08.11 16:41:27 INFO  Template applied in /home/mrocco/workspace/fpscala/./oop_data[0m
2023.08.11 16:41:27 INFO  [0m
2023.08.11 16:41:27 INFO  time: ran 'giter8.Giter8' in 2.45s[0m
Aug 11, 2023 4:41:32 PM scala.meta.internal.pc.CompilerAccess handleError
SEVERE: A severe compiler error occurred, full details of the error can be found in the error report /home/mrocco/workspace/fpscala/.metals/.reports/metals-full/r_compiler-error_1691764892814
Aug 11, 2023 4:42:36 PM scala.meta.internal.pc.CompilerAccess handleError
SEVERE: A severe compiler error occurred, full details of the error can be found in the error report /home/mrocco/workspace/fpscala/.metals/.reports/metals-full/r_compiler-error_1691764956664
Aug 11, 2023 5:04:02 PM scala.meta.internal.pc.CompilerAccess handleError
SEVERE: A severe compiler error occurred, full details of the error can be found in the error report /home/mrocco/workspace/fpscala/.metals/.reports/metals-full/r_compiler-error_1691766242506
2023.08.11 17:04:02 INFO  time: code lens generation in 1.48s[0m
Aug 11, 2023 5:04:03 PM scala.meta.internal.pc.CompilerAccess handleError
SEVERE: A severe compiler error occurred, full details of the error can be found in the error report /home/mrocco/workspace/fpscala/.metals/.reports/metals-full/r_compiler-error_1691766243390
2023.08.11 17:04:03 INFO  time: code lens generation in 1.14s[0m
Aug 11, 2023 5:16:46 PM scala.meta.internal.pc.CompilerAccess handleError
SEVERE: A severe compiler error occurred, full details of the error can be found in the error report /home/mrocco/workspace/fpscala/.metals/.reports/metals-full/r_compiler-error_1691767006033
2023.08.11 17:16:46 INFO  time: code lens generation in 2.42s[0m
Aug 11, 2023 5:40:15 PM scala.meta.internal.pc.CompilerAccess handleError
SEVERE: A severe compiler error occurred, full details of the error can be found in the error report /home/mrocco/workspace/fpscala/.metals/.reports/metals-full/r_compiler-error_1691768415188
2023.08.11 17:40:15 INFO  time: code lens generation in 1.5s[0m
Aug 11, 2023 5:59:51 PM scala.meta.internal.pc.CompilerAccess handleError
SEVERE: A severe compiler error occurred, full details of the error can be found in the error report /home/mrocco/workspace/fpscala/.metals/.reports/metals-full/r_compiler-error_1691769591767
Aug 11, 2023 6:10:02 PM scala.meta.internal.pc.CompilerAccess handleError
SEVERE: A severe compiler error occurred, full details of the error can be found in the error report /home/mrocco/workspace/fpscala/.metals/.reports/metals-full/r_compiler-error_1691770202093
2023.08.11 18:10:02 INFO  time: code lens generation in 1.19s[0m
Aug 11, 2023 11:01:46 PM scala.meta.internal.pc.CompilerAccess handleError
SEVERE: A severe compiler error occurred, full details of the error can be found in the error report /home/mrocco/workspace/fpscala/.metals/.reports/metals-full/r_compiler-error_1691787706633
2023.08.22 11:02:13 INFO  Started: Metals version 1.0.0 in folders '/home/mrocco/workspace/fpscala' for client Visual Studio Code 1.81.1.[0m
Aug 22, 2023 11:02:13 AM org.flywaydb.core.internal.license.VersionPrinter printVersionOnly
INFO: Flyway Community Edition 9.20.1 by Redgate
Aug 22, 2023 11:02:13 AM org.flywaydb.core.internal.license.VersionPrinter printVersion
INFO: See release notes here: https://rd.gt/416ObMi
Aug 22, 2023 11:02:13 AM org.flywaydb.core.internal.license.VersionPrinter printVersion
INFO: 
Aug 22, 2023 11:02:17 AM org.flywaydb.core.internal.database.base.BaseDatabaseType createDatabase
INFO: Database: jdbc:h2:file:/home/mrocco/workspace/fpscala/.metals/metals (H2 2.1)
Aug 22, 2023 11:02:17 AM org.flywaydb.core.internal.command.DbValidate validate
INFO: Successfully validated 4 migrations (execution time 00:00.016s)
Aug 22, 2023 11:02:17 AM org.flywaydb.core.internal.command.DbMigrate migrateGroup
INFO: Current version of schema "PUBLIC": 4
Aug 22, 2023 11:02:17 AM org.flywaydb.core.internal.command.DbMigrate logSummary
INFO: Schema "PUBLIC" is up to date. No migration necessary.
2023.08.22 11:02:17 INFO  time: initialize in 3.98s[0m
2023.08.22 11:02:19 INFO  Attempting to connect to the build server...[0m
2023.08.22 11:02:19 INFO  Bloop uses /usr/lib/jvm/java-11-openjdk defined at /home/mrocco/.bloop/bloop.json[0m
2023.08.22 11:02:19 INFO  skipping build import with status 'Installed'[0m
2023.08.22 11:02:24 INFO  tracing is disabled for protocol BSP, to enable tracing of incoming and outgoing JSON messages create an empty file at /home/mrocco/workspace/fpscala/.metals/bsp.trace.json or /home/mrocco/.cache/metals/bsp.trace.json[0m
2023.08.22 11:02:24 INFO  Attempting to connect to the build server...[0m
2023.08.22 11:02:24 INFO  Bloop uses /usr/lib/jvm/java-11-openjdk defined at /home/mrocco/.bloop/bloop.json[0m
2023.08.22 11:02:24 INFO  tracing is disabled for protocol BSP, to enable tracing of incoming and outgoing JSON messages create an empty file at /home/mrocco/workspace/fpscala/project/.metals/bsp.trace.json or /home/mrocco/.cache/metals/bsp.trace.json[0m
2023.08.22 11:02:24 INFO  time: Connected to build server in 5.16s[0m
2023.08.22 11:02:24 INFO  Connected to Build server: Bloop v1.5.8[0m
2023.08.22 11:02:24 INFO  no build target found for /home/mrocco/workspace/fpscala/eg1010/src/main/scala/eg.worksheet.sc. Using presentation compiler with project's scala-library version: 3.3.0[0m
2023.08.22 11:02:25 INFO  time: code lens generation in 4.23s[0m
2023.08.22 11:02:25 INFO  time: Imported build in 0.21s[0m
2023.08.22 11:02:26 INFO  no build target found for /home/mrocco/workspace/fpscala/eg1010/src/main/scala/eg.worksheet.sc. Using presentation compiler with project's scala-library version: 3.3.0[0m
2023.08.22 11:02:27 WARN  Could not find java sources in /usr/lib/jvm/src.zip, /usr/lib/jvm/lib/src.zip, /usr/lib/jvm/java-11-openjdk/src.zip, /usr/lib/jvm/java-11-openjdk/lib/src.zip, /usr/lib/jvm/src.zip, /usr/lib/jvm/lib/src.zip, /usr/lib/jvm/java-11-openjdk-11.0.20.0.8-1.fc38.x86_64/src.zip, /usr/lib/jvm/java-11-openjdk-11.0.20.0.8-1.fc38.x86_64/lib/src.zip. Java symbols will not be available.[0m
2023.08.22 11:02:27 WARN  Could not find java sources in /usr/lib/jvm/src.zip, /usr/lib/jvm/lib/src.zip, /usr/lib/jvm/java-11-openjdk/src.zip, /usr/lib/jvm/java-11-openjdk/lib/src.zip, /usr/lib/jvm/src.zip, /usr/lib/jvm/lib/src.zip, /usr/lib/jvm/java-11-openjdk-11.0.20.0.8-1.fc38.x86_64/src.zip, /usr/lib/jvm/java-11-openjdk-11.0.20.0.8-1.fc38.x86_64/lib/src.zip. Java symbols will not be available.[0m
2023.08.22 11:02:27 WARN  Could not find java sources in /usr/lib/jvm/src.zip, /usr/lib/jvm/lib/src.zip, /usr/lib/jvm/java-11-openjdk/src.zip, /usr/lib/jvm/java-11-openjdk/lib/src.zip, /usr/lib/jvm/src.zip, /usr/lib/jvm/lib/src.zip, /usr/lib/jvm/java-11-openjdk-11.0.20.0.8-1.fc38.x86_64/src.zip, /usr/lib/jvm/java-11-openjdk-11.0.20.0.8-1.fc38.x86_64/lib/src.zip. Java symbols will not be available.[0m
2023.08.22 11:02:27 INFO  time: indexed workspace in 2.21s[0m
2023.08.22 11:02:27 WARN  no build target for: /home/mrocco/workspace/fpscala/eg1010/src/main/scala/eg.worksheet.sc[0m
2023.08.22 11:02:29 INFO  no build target found for /home/mrocco/workspace/fpscala/eg1010/src/main/scala/eg.worksheet.sc. Using presentation compiler with project's scala-library version: 2.12.18[0m
[31merror[39m: eg1010/src/main/scala/eg.worksheet.sc:5:31: ; expected but : found
class Rational(x: Int, y: Int):
                              ^
2023.08.22 11:02:33 INFO  time: evaluated worksheet 'eg.worksheet.sc' in 5.72s[0m
2023.08.22 11:02:33 WARN  no build target for: /home/mrocco/workspace/fpscala/eg1010/src/main/scala/eg.worksheet.sc[0m
[31merror[39m: eg1010/src/main/scala/eg.worksheet.sc:5:31: ; expected but : found
class Rational(x: Int, y: Int):
                              ^
Aug 22, 2023 11:02:33 AM scala.meta.internal.pc.CompilerAccess handleError
SEVERE: A severe compiler error occurred, full details of the error can be found in the error report /home/mrocco/workspace/fpscala/.metals/.reports/metals-full/r_compiler-error_1692694953984
2023.08.22 11:02:33 INFO  time: code lens generation in 4.19s[0m
2023.08.22 11:02:34 INFO  time: evaluated worksheet 'eg.worksheet.sc' in 0.77s[0m
2023.08.22 11:02:36 INFO  no build target found for /home/mrocco/workspace/fpscala/eg1010/src/main/scala/eg.worksheet.sc. Using presentation compiler with project's scala-library version: 2.12.18[0m
Aug 22, 2023 11:02:37 AM scala.meta.internal.pc.CompilerAccess handleError
SEVERE: A severe compiler error occurred, full details of the error can be found in the error report /home/mrocco/workspace/fpscala/.metals/.reports/metals-full/r_compiler-error_1692694957113
Aug 22, 2023 11:03:30 AM scala.meta.internal.pc.CompilerAccess handleError
SEVERE: A severe compiler error occurred, full details of the error can be found in the error report /home/mrocco/workspace/fpscala/.metals/.reports/metals-full/r_compiler-error_1692695010156
Aug 22, 2023 11:03:33 AM scala.meta.internal.pc.CompilerAccess handleError
SEVERE: A severe compiler error occurred, full details of the error can be found in the error report /home/mrocco/workspace/fpscala/.metals/.reports/metals-full/r_compiler-error_1692695013343
2023.08.22 11:03:45 WARN  no build target for: /home/mrocco/workspace/fpscala/eg1010/src/main/scala/rationals.worksheet.sc[0m
[31merror[39m: eg1010/src/main/scala/rationals.worksheet.sc:5:31: ; expected but : found
class Rational(x: Int, y: Int):
                              ^
Aug 22, 2023 11:03:45 AM scala.meta.internal.pc.CompilerAccess handleError
SEVERE: A severe compiler error occurred, full details of the error can be found in the error report /home/mrocco/workspace/fpscala/.metals/.reports/metals-full/r_compiler-error_1692695025267
2023.08.22 11:03:45 INFO  time: evaluated worksheet 'rationals.worksheet.sc' in 0.38s[0m
2023.08.22 11:03:47 INFO  no build target found for /home/mrocco/workspace/fpscala/eg1010/src/main/scala/rationals.worksheet.sc. Using presentation compiler with project's scala-library version: 2.12.18[0m
Aug 22, 2023 11:03:47 AM scala.meta.internal.pc.CompilerAccess handleError
SEVERE: A severe compiler error occurred, full details of the error can be found in the error report /home/mrocco/workspace/fpscala/.metals/.reports/metals-full/r_compiler-error_1692695027201
2023.08.22 11:03:47 INFO  time: code lens generation in 1.63s[0m
Aug 22, 2023 11:03:50 AM scala.meta.internal.pc.CompilerAccess handleError
SEVERE: A severe compiler error occurred, full details of the error can be found in the error report /home/mrocco/workspace/fpscala/.metals/.reports/metals-full/r_compiler-error_1692695030530
Aug 22, 2023 11:04:43 AM scala.meta.internal.pc.CompilerAccess handleError
SEVERE: A severe compiler error occurred, full details of the error can be found in the error report /home/mrocco/workspace/fpscala/.metals/.reports/metals-full/r_compiler-error_1692695083317
Aug 22, 2023 11:24:41 AM scala.meta.internal.pc.CompilerAccess handleError
SEVERE: A severe compiler error occurred, full details of the error can be found in the error report /home/mrocco/workspace/fpscala/.metals/.reports/metals-full/r_compiler-error_1692696281546
Aug 22, 2023 11:27:06 AM scala.meta.internal.pc.CompilerAccess handleError
SEVERE: A severe compiler error occurred, full details of the error can be found in the error report /home/mrocco/workspace/fpscala/.metals/.reports/metals-full/r_compiler-error_1692696426508
Aug 22, 2023 11:37:39 AM scala.meta.internal.pc.CompilerAccess handleError
SEVERE: A severe compiler error occurred, full details of the error can be found in the error report /home/mrocco/workspace/fpscala/.metals/.reports/metals-full/r_compiler-error_1692697059724
Aug 22, 2023 11:58:13 AM scala.meta.internal.pc.CompilerAccess handleError
SEVERE: A severe compiler error occurred, full details of the error can be found in the error report /home/mrocco/workspace/fpscala/.metals/.reports/metals-full/r_compiler-error_1692698293043
Aug 22, 2023 12:18:28 PM scala.meta.internal.pc.CompilerAccess handleError
SEVERE: A severe compiler error occurred, full details of the error can be found in the error report /home/mrocco/workspace/fpscala/.metals/.reports/metals-full/r_compiler-error_1692699508862
Aug 22, 2023 12:26:51 PM scala.meta.internal.pc.CompilerAccess handleError
SEVERE: A severe compiler error occurred, full details of the error can be found in the error report /home/mrocco/workspace/fpscala/.metals/.reports/metals-full/r_compiler-error_1692700011422
2023.08.22 12:27:14 INFO  Shutting down server[0m
2023.08.22 12:27:14 INFO  shutting down Metals[0m
2023.08.22 12:27:14 INFO  Shut down connection with build server.[0m
2023.08.22 12:27:14 INFO  Shut down connection with build server.[0m
2023.08.22 12:27:14 INFO  Exiting server[0m
